  console.log
    Usando banco de dados: postgresql://planner:plannerpw@localhost:5432/plannerdb

      at Object.<anonymous> (tests/setup.ts:17:9)

Prisma schema loaded from prisma\schema.prisma
Datasource "db": PostgreSQL database "plannerdb", schema "public" at "localhost:5432"

6 migrations found in prisma/migrations


No pending migrations to apply.
{"level":30,"time":1758859570187,"pid":24524,"hostname":"Rainer_Desktop","reqId":"req-1","req":{"method":"POST","url":"/api/allocations","hostname":"127.0.0.1:65364","remoteAddress":"::ffff:127.0.0.1","remotePort":65365},"msg":"incoming request"}
{"level":30,"time":1758859570200,"pid":24524,"hostname":"Rainer_Desktop","reqId":"req-1","msg":"Route POST:/api/allocations not found"}
{"level":30,"time":1758859570221,"pid":24524,"hostname":"Rainer_Desktop","reqId":"req-1","res":{"statusCode":404},"responseTime":32.772200003266335,"msg":"request completed"}
{"level":30,"time":1758859570390,"pid":24524,"hostname":"Rainer_Desktop","reqId":"req-2","req":{"method":"POST","url":"/api/allocations","hostname":"127.0.0.1:65368","remoteAddress":"::ffff:127.0.0.1","remotePort":65369},"msg":"incoming request"}
{"level":30,"time":1758859570392,"pid":24524,"hostname":"Rainer_Desktop","reqId":"req-2","msg":"Route POST:/api/allocations not found"}
{"level":30,"time":1758859570395,"pid":24524,"hostname":"Rainer_Desktop","reqId":"req-2","res":{"statusCode":404},"responseTime":5.223999992012978,"msg":"request completed"}
{"level":30,"time":1758859570525,"pid":24524,"hostname":"Rainer_Desktop","reqId":"req-3","req":{"method":"POST","url":"/api/allocations","hostname":"127.0.0.1:65373","remoteAddress":"::ffff:127.0.0.1","remotePort":65374},"msg":"incoming request"}
{"level":30,"time":1758859570528,"pid":24524,"hostname":"Rainer_Desktop","reqId":"req-3","msg":"Route POST:/api/allocations not found"}
{"level":30,"time":1758859570530,"pid":24524,"hostname":"Rainer_Desktop","reqId":"req-3","res":{"statusCode":404},"responseTime":4.966199994087219,"msg":"request completed"}
{"level":30,"time":1758859570543,"pid":24524,"hostname":"Rainer_Desktop","reqId":"req-4","req":{"method":"GET","url":"/api/allocations/undefined","hostname":"127.0.0.1:65376","remoteAddress":"::ffff:127.0.0.1","remotePort":65377},"msg":"incoming request"}
{"level":30,"time":1758859570544,"pid":24524,"hostname":"Rainer_Desktop","reqId":"req-4","res":{"statusCode":400},"err":{"type":"Error","message":"params/id must match pattern \"^\\d+$\"","stack":"Error: params/id must match pattern \"^\\d+$\"\n    at defaultSchemaErrorFormatter (C:\\Desenvolvimento\\financial-planner-case\\financial-planner-backend\\node_modules\\fastify\\lib\\context.js:114:10)\n    at wrapValidationError (C:\\Desenvolvimento\\financial-planner-case\\financial-planner-backend\\node_modules\\fastify\\lib\\validation.js:249:17)\n    at validate (C:\\Desenvolvimento\\financial-planner-case\\financial-planner-backend\\node_modules\\fastify\\lib\\validation.js:145:16)\n    at preValidationCallback (C:\\Desenvolvimento\\financial-planner-case\\financial-planner-backend\\node_modules\\fastify\\lib\\handleRequest.js:93:25)\n    at handler (C:\\Desenvolvimento\\financial-planner-case\\financial-planner-backend\\node_modules\\fastify\\lib\\handleRequest.js:77:7)\n    at handleRequest (C:\\Desenvolvimento\\financial-planner-case\\financial-planner-backend\\node_modules\\fastify\\lib\\handleRequest.js:24:5)\n    at runPreParsing (C:\\Desenvolvimento\\financial-planner-case\\financial-planner-backend\\node_modules\\fastify\\lib\\route.js:613:5)\n    at Object.routeHandler [as handler] (C:\\Desenvolvimento\\financial-planner-case\\financial-planner-backend\\node_modules\\fastify\\lib\\route.js:534:7)\n    at Router.callHandler (C:\\Desenvolvimento\\financial-planner-case\\financial-planner-backend\\node_modules\\find-my-way\\index.js:552:14)\n    at Router.lookup (C:\\Desenvolvimento\\financial-planner-case\\financial-planner-backend\\node_modules\\find-my-way\\index.js:530:17)\n    at Server.preRouting (C:\\Desenvolvimento\\financial-planner-case\\financial-planner-backend\\node_modules\\fastify\\fastify.js:884:14)\n    at Server.emit (node:events:524:28)\n    at Server.emit (node:domain:489:12)\n    at parserOnIncoming (node:_http_server:1141:12)\n    at HTTPParser.parserOnHeadersComplete (node:_http_common:118:17)","statusCode":400,"code":"FST_ERR_VALIDATION","validation":[{"instancePath":"/id","schemaPath":"#/properties/id/pattern","keyword":"pattern","params":{"pattern":"^\\d+$"},"message":"must match pattern \"^\\d+$\""}],"validationContext":"params"},"msg":"params/id must match pattern \"^\\d+$\""}
{"level":30,"time":1758859570552,"pid":24524,"hostname":"Rainer_Desktop","reqId":"req-4","res":{"statusCode":400},"responseTime":9.66439999639988,"msg":"request completed"}
{"level":30,"time":1758859570684,"pid":24524,"hostname":"Rainer_Desktop","reqId":"req-5","req":{"method":"GET","url":"/api/allocations/99999","hostname":"127.0.0.1:65379","remoteAddress":"::ffff:127.0.0.1","remotePort":65380},"msg":"incoming request"}
{"level":30,"time":1758859570688,"pid":24524,"hostname":"Rainer_Desktop","reqId":"req-5","res":{"statusCode":200},"responseTime":3.668500006198883,"msg":"request completed"}
{"level":30,"time":1758859570812,"pid":24524,"hostname":"Rainer_Desktop","reqId":"req-6","req":{"method":"POST","url":"/api/allocations","hostname":"127.0.0.1:65382","remoteAddress":"::ffff:127.0.0.1","remotePort":65383},"msg":"incoming request"}
{"level":30,"time":1758859570813,"pid":24524,"hostname":"Rainer_Desktop","reqId":"req-6","msg":"Route POST:/api/allocations not found"}
{"level":30,"time":1758859570815,"pid":24524,"hostname":"Rainer_Desktop","reqId":"req-6","res":{"statusCode":404},"responseTime":3.6441999971866608,"msg":"request completed"}
{"level":30,"time":1758859570829,"pid":24524,"hostname":"Rainer_Desktop","reqId":"req-7","req":{"method":"PUT","url":"/api/allocations/undefined","hostname":"127.0.0.1:65384","remoteAddress":"::ffff:127.0.0.1","remotePort":65385},"msg":"incoming request"}
{"level":30,"time":1758859570831,"pid":24524,"hostname":"Rainer_Desktop","reqId":"req-7","res":{"statusCode":400},"err":{"type":"Error","message":"params/id must match pattern \"^\\d+$\"","stack":"Error: params/id must match pattern \"^\\d+$\"\n    at defaultSchemaErrorFormatter (C:\\Desenvolvimento\\financial-planner-case\\financial-planner-backend\\node_modules\\fastify\\lib\\context.js:114:10)\n    at wrapValidationError (C:\\Desenvolvimento\\financial-planner-case\\financial-planner-backend\\node_modules\\fastify\\lib\\validation.js:249:17)\n    at validate (C:\\Desenvolvimento\\financial-planner-case\\financial-planner-backend\\node_modules\\fastify\\lib\\validation.js:145:16)\n    at preValidationCallback (C:\\Desenvolvimento\\financial-planner-case\\financial-planner-backend\\node_modules\\fastify\\lib\\handleRequest.js:93:25)\n    at handler (C:\\Desenvolvimento\\financial-planner-case\\financial-planner-backend\\node_modules\\fastify\\lib\\handleRequest.js:77:7)\n    at C:\\Desenvolvimento\\financial-planner-case\\financial-planner-backend\\node_modules\\fastify\\lib\\contentTypeParser.js:199:9\n    at AsyncResource.runInAsyncScope (node:async_hooks:206:9)\n    at done (C:\\Desenvolvimento\\financial-planner-case\\financial-planner-backend\\node_modules\\fastify\\lib\\contentTypeParser.js:192:14)\n    at Parser.defaultJsonParser [as fn] (C:\\Desenvolvimento\\financial-planner-case\\financial-planner-backend\\node_modules\\fastify\\lib\\contentTypeParser.js:304:5)\n    at IncomingMessage.onEnd (C:\\Desenvolvimento\\financial-planner-case\\financial-planner-backend\\node_modules\\fastify\\lib\\contentTypeParser.js:283:27)\n    at IncomingMessage.emit (node:events:524:28)\n    at IncomingMessage.emit (node:domain:489:12)\n    at endReadableNT (node:internal/streams/readable:1698:12)\n    at processTicksAndRejections (node:internal/process/task_queues:82:21)","statusCode":400,"code":"FST_ERR_VALIDATION","validation":[{"instancePath":"/id","schemaPath":"#/properties/id/pattern","keyword":"pattern","params":{"pattern":"^\\d+$"},"message":"must match pattern \"^\\d+$\""}],"validationContext":"params"},"msg":"params/id must match pattern \"^\\d+$\""}
{"level":30,"time":1758859570837,"pid":24524,"hostname":"Rainer_Desktop","reqId":"req-7","res":{"statusCode":400},"responseTime":8.412900000810623,"msg":"request completed"}
{"level":30,"time":1758859570968,"pid":24524,"hostname":"Rainer_Desktop","reqId":"req-8","req":{"method":"POST","url":"/api/allocations","hostname":"127.0.0.1:65387","remoteAddress":"::ffff:127.0.0.1","remotePort":65389},"msg":"incoming request"}
{"level":30,"time":1758859570970,"pid":24524,"hostname":"Rainer_Desktop","reqId":"req-8","msg":"Route POST:/api/allocations not found"}
{"level":30,"time":1758859570973,"pid":24524,"hostname":"Rainer_Desktop","reqId":"req-8","res":{"statusCode":404},"responseTime":4.712999999523163,"msg":"request completed"}
{"level":30,"time":1758859570986,"pid":24524,"hostname":"Rainer_Desktop","reqId":"req-9","req":{"method":"PUT","url":"/api/allocations/undefined","hostname":"127.0.0.1:65393","remoteAddress":"::ffff:127.0.0.1","remotePort":65394},"msg":"incoming request"}
{"level":30,"time":1758859570988,"pid":24524,"hostname":"Rainer_Desktop","reqId":"req-9","res":{"statusCode":400},"err":{"type":"Error","message":"params/id must match pattern \"^\\d+$\"","stack":"Error: params/id must match pattern \"^\\d+$\"\n    at defaultSchemaErrorFormatter (C:\\Desenvolvimento\\financial-planner-case\\financial-planner-backend\\node_modules\\fastify\\lib\\context.js:114:10)\n    at wrapValidationError (C:\\Desenvolvimento\\financial-planner-case\\financial-planner-backend\\node_modules\\fastify\\lib\\validation.js:249:17)\n    at validate (C:\\Desenvolvimento\\financial-planner-case\\financial-planner-backend\\node_modules\\fastify\\lib\\validation.js:145:16)\n    at preValidationCallback (C:\\Desenvolvimento\\financial-planner-case\\financial-planner-backend\\node_modules\\fastify\\lib\\handleRequest.js:93:25)\n    at handler (C:\\Desenvolvimento\\financial-planner-case\\financial-planner-backend\\node_modules\\fastify\\lib\\handleRequest.js:77:7)\n    at C:\\Desenvolvimento\\financial-planner-case\\financial-planner-backend\\node_modules\\fastify\\lib\\contentTypeParser.js:199:9\n    at AsyncResource.runInAsyncScope (node:async_hooks:206:9)\n    at done (C:\\Desenvolvimento\\financial-planner-case\\financial-planner-backend\\node_modules\\fastify\\lib\\contentTypeParser.js:192:14)\n    at Parser.defaultJsonParser [as fn] (C:\\Desenvolvimento\\financial-planner-case\\financial-planner-backend\\node_modules\\fastify\\lib\\contentTypeParser.js:304:5)\n    at IncomingMessage.onEnd (C:\\Desenvolvimento\\financial-planner-case\\financial-planner-backend\\node_modules\\fastify\\lib\\contentTypeParser.js:283:27)\n    at IncomingMessage.emit (node:events:524:28)\n    at IncomingMessage.emit (node:domain:489:12)\n    at endReadableNT (node:internal/streams/readable:1698:12)\n    at processTicksAndRejections (node:internal/process/task_queues:82:21)","statusCode":400,"code":"FST_ERR_VALIDATION","validation":[{"instancePath":"/id","schemaPath":"#/properties/id/pattern","keyword":"pattern","params":{"pattern":"^\\d+$"},"message":"must match pattern \"^\\d+$\""}],"validationContext":"params"},"msg":"params/id must match pattern \"^\\d+$\""}
{"level":30,"time":1758859570991,"pid":24524,"hostname":"Rainer_Desktop","reqId":"req-9","res":{"statusCode":400},"responseTime":4.115199998021126,"msg":"request completed"}
{"level":30,"time":1758859571144,"pid":24524,"hostname":"Rainer_Desktop","reqId":"req-a","req":{"method":"POST","url":"/api/allocations","hostname":"127.0.0.1:65398","remoteAddress":"::ffff:127.0.0.1","remotePort":65400},"msg":"incoming request"}
{"level":30,"time":1758859571146,"pid":24524,"hostname":"Rainer_Desktop","reqId":"req-a","msg":"Route POST:/api/allocations not found"}
{"level":30,"time":1758859571149,"pid":24524,"hostname":"Rainer_Desktop","reqId":"req-a","res":{"statusCode":404},"responseTime":5.1624999940395355,"msg":"request completed"}
{"level":30,"time":1758859571164,"pid":24524,"hostname":"Rainer_Desktop","reqId":"req-b","req":{"method":"DELETE","url":"/api/allocations/undefined","hostname":"127.0.0.1:65401","remoteAddress":"::ffff:127.0.0.1","remotePort":65402},"msg":"incoming request"}
{"level":30,"time":1758859571164,"pid":24524,"hostname":"Rainer_Desktop","reqId":"req-b","msg":"Route DELETE:/api/allocations/undefined not found"}
{"level":30,"time":1758859571168,"pid":24524,"hostname":"Rainer_Desktop","reqId":"req-b","res":{"statusCode":404},"responseTime":4.020999997854233,"msg":"request completed"}
{"level":30,"time":1758859571336,"pid":24524,"hostname":"Rainer_Desktop","reqId":"req-c","req":{"method":"DELETE","url":"/api/allocations/99999","hostname":"127.0.0.1:65405","remoteAddress":"::ffff:127.0.0.1","remotePort":65406},"msg":"incoming request"}
{"level":30,"time":1758859571336,"pid":24524,"hostname":"Rainer_Desktop","reqId":"req-c","msg":"Route DELETE:/api/allocations/99999 not found"}
{"level":30,"time":1758859571344,"pid":24524,"hostname":"Rainer_Desktop","reqId":"req-c","res":{"statusCode":404},"responseTime":7.761500000953674,"msg":"request completed"}
{"level":30,"time":1758859571519,"pid":24524,"hostname":"Rainer_Desktop","reqId":"req-d","req":{"method":"POST","url":"/api/allocations","hostname":"127.0.0.1:65410","remoteAddress":"::ffff:127.0.0.1","remotePort":65411},"msg":"incoming request"}
{"level":30,"time":1758859571521,"pid":24524,"hostname":"Rainer_Desktop","reqId":"req-d","msg":"Route POST:/api/allocations not found"}
{"level":30,"time":1758859571524,"pid":24524,"hostname":"Rainer_Desktop","reqId":"req-d","res":{"statusCode":404},"responseTime":4.375900000333786,"msg":"request completed"}
{"level":30,"time":1758859571540,"pid":24524,"hostname":"Rainer_Desktop","reqId":"req-e","req":{"method":"POST","url":"/api/allocations/undefined/records","hostname":"127.0.0.1:65413","remoteAddress":"::ffff:127.0.0.1","remotePort":65414},"msg":"incoming request"}
{"level":30,"time":1758859571542,"pid":24524,"hostname":"Rainer_Desktop","reqId":"req-e","res":{"statusCode":400},"err":{"type":"Error","message":"params/id must match pattern \"^\\d+$\"","stack":"Error: params/id must match pattern \"^\\d+$\"\n    at defaultSchemaErrorFormatter (C:\\Desenvolvimento\\financial-planner-case\\financial-planner-backend\\node_modules\\fastify\\lib\\context.js:114:10)\n    at wrapValidationError (C:\\Desenvolvimento\\financial-planner-case\\financial-planner-backend\\node_modules\\fastify\\lib\\validation.js:249:17)\n    at validate (C:\\Desenvolvimento\\financial-planner-case\\financial-planner-backend\\node_modules\\fastify\\lib\\validation.js:145:16)\n    at preValidationCallback (C:\\Desenvolvimento\\financial-planner-case\\financial-planner-backend\\node_modules\\fastify\\lib\\handleRequest.js:93:25)\n    at handler (C:\\Desenvolvimento\\financial-planner-case\\financial-planner-backend\\node_modules\\fastify\\lib\\handleRequest.js:77:7)\n    at C:\\Desenvolvimento\\financial-planner-case\\financial-planner-backend\\node_modules\\fastify\\lib\\contentTypeParser.js:199:9\n    at AsyncResource.runInAsyncScope (node:async_hooks:206:9)\n    at done (C:\\Desenvolvimento\\financial-planner-case\\financial-planner-backend\\node_modules\\fastify\\lib\\contentTypeParser.js:192:14)\n    at Parser.defaultJsonParser [as fn] (C:\\Desenvolvimento\\financial-planner-case\\financial-planner-backend\\node_modules\\fastify\\lib\\contentTypeParser.js:304:5)\n    at IncomingMessage.onEnd (C:\\Desenvolvimento\\financial-planner-case\\financial-planner-backend\\node_modules\\fastify\\lib\\contentTypeParser.js:283:27)\n    at IncomingMessage.emit (node:events:524:28)\n    at IncomingMessage.emit (node:domain:489:12)\n    at endReadableNT (node:internal/streams/readable:1698:12)\n    at processTicksAndRejections (node:internal/process/task_queues:82:21)","statusCode":400,"code":"FST_ERR_VALIDATION","validation":[{"instancePath":"/id","schemaPath":"#/properties/id/pattern","keyword":"pattern","params":{"pattern":"^\\d+$"},"message":"must match pattern \"^\\d+$\""}],"validationContext":"params"},"msg":"params/id must match pattern \"^\\d+$\""}
{"level":30,"time":1758859571547,"pid":24524,"hostname":"Rainer_Desktop","reqId":"req-e","res":{"statusCode":400},"responseTime":7.018199995160103,"msg":"request completed"}
{"level":30,"time":1758859571703,"pid":24524,"hostname":"Rainer_Desktop","reqId":"req-f","req":{"method":"POST","url":"/api/allocations","hostname":"127.0.0.1:65416","remoteAddress":"::ffff:127.0.0.1","remotePort":65417},"msg":"incoming request"}
{"level":30,"time":1758859571705,"pid":24524,"hostname":"Rainer_Desktop","reqId":"req-f","msg":"Route POST:/api/allocations not found"}
{"level":30,"time":1758859571708,"pid":24524,"hostname":"Rainer_Desktop","reqId":"req-f","res":{"statusCode":404},"responseTime":4.324299991130829,"msg":"request completed"}
{"level":30,"time":1758859571721,"pid":24524,"hostname":"Rainer_Desktop","reqId":"req-g","req":{"method":"POST","url":"/api/allocations/undefined/records","hostname":"127.0.0.1:65419","remoteAddress":"::ffff:127.0.0.1","remotePort":65420},"msg":"incoming request"}
{"level":30,"time":1758859571723,"pid":24524,"hostname":"Rainer_Desktop","reqId":"req-g","res":{"statusCode":400},"err":{"type":"Error","message":"params/id must match pattern \"^\\d+$\"","stack":"Error: params/id must match pattern \"^\\d+$\"\n    at defaultSchemaErrorFormatter (C:\\Desenvolvimento\\financial-planner-case\\financial-planner-backend\\node_modules\\fastify\\lib\\context.js:114:10)\n    at wrapValidationError (C:\\Desenvolvimento\\financial-planner-case\\financial-planner-backend\\node_modules\\fastify\\lib\\validation.js:249:17)\n    at validate (C:\\Desenvolvimento\\financial-planner-case\\financial-planner-backend\\node_modules\\fastify\\lib\\validation.js:145:16)\n    at preValidationCallback (C:\\Desenvolvimento\\financial-planner-case\\financial-planner-backend\\node_modules\\fastify\\lib\\handleRequest.js:93:25)\n    at handler (C:\\Desenvolvimento\\financial-planner-case\\financial-planner-backend\\node_modules\\fastify\\lib\\handleRequest.js:77:7)\n    at C:\\Desenvolvimento\\financial-planner-case\\financial-planner-backend\\node_modules\\fastify\\lib\\contentTypeParser.js:199:9\n    at AsyncResource.runInAsyncScope (node:async_hooks:206:9)\n    at done (C:\\Desenvolvimento\\financial-planner-case\\financial-planner-backend\\node_modules\\fastify\\lib\\contentTypeParser.js:192:14)\n    at Parser.defaultJsonParser [as fn] (C:\\Desenvolvimento\\financial-planner-case\\financial-planner-backend\\node_modules\\fastify\\lib\\contentTypeParser.js:304:5)\n    at IncomingMessage.onEnd (C:\\Desenvolvimento\\financial-planner-case\\financial-planner-backend\\node_modules\\fastify\\lib\\contentTypeParser.js:283:27)\n    at IncomingMessage.emit (node:events:524:28)\n    at IncomingMessage.emit (node:domain:489:12)\n    at endReadableNT (node:internal/streams/readable:1698:12)\n    at processTicksAndRejections (node:internal/process/task_queues:82:21)","statusCode":400,"code":"FST_ERR_VALIDATION","validation":[{"instancePath":"/id","schemaPath":"#/properties/id/pattern","keyword":"pattern","params":{"pattern":"^\\d+$"},"message":"must match pattern \"^\\d+$\""}],"validationContext":"params"},"msg":"params/id must match pattern \"^\\d+$\""}
{"level":30,"time":1758859571727,"pid":24524,"hostname":"Rainer_Desktop","reqId":"req-g","res":{"statusCode":400},"responseTime":4.992899999022484,"msg":"request completed"}
{"level":30,"time":1758859571874,"pid":24524,"hostname":"Rainer_Desktop","reqId":"req-h","req":{"method":"POST","url":"/api/allocations","hostname":"127.0.0.1:65422","remoteAddress":"::ffff:127.0.0.1","remotePort":65423},"msg":"incoming request"}
{"level":30,"time":1758859571876,"pid":24524,"hostname":"Rainer_Desktop","reqId":"req-h","msg":"Route POST:/api/allocations not found"}
{"level":30,"time":1758859571879,"pid":24524,"hostname":"Rainer_Desktop","reqId":"req-h","res":{"statusCode":404},"responseTime":4.808699995279312,"msg":"request completed"}
{"level":30,"time":1758859571897,"pid":24524,"hostname":"Rainer_Desktop","reqId":"req-i","req":{"method":"POST","url":"/api/allocations/undefined/records","hostname":"127.0.0.1:65424","remoteAddress":"::ffff:127.0.0.1","remotePort":65425},"msg":"incoming request"}
{"level":30,"time":1758859571900,"pid":24524,"hostname":"Rainer_Desktop","reqId":"req-i","res":{"statusCode":400},"err":{"type":"Error","message":"params/id must match pattern \"^\\d+$\"","stack":"Error: params/id must match pattern \"^\\d+$\"\n    at defaultSchemaErrorFormatter (C:\\Desenvolvimento\\financial-planner-case\\financial-planner-backend\\node_modules\\fastify\\lib\\context.js:114:10)\n    at wrapValidationError (C:\\Desenvolvimento\\financial-planner-case\\financial-planner-backend\\node_modules\\fastify\\lib\\validation.js:249:17)\n    at validate (C:\\Desenvolvimento\\financial-planner-case\\financial-planner-backend\\node_modules\\fastify\\lib\\validation.js:145:16)\n    at preValidationCallback (C:\\Desenvolvimento\\financial-planner-case\\financial-planner-backend\\node_modules\\fastify\\lib\\handleRequest.js:93:25)\n    at handler (C:\\Desenvolvimento\\financial-planner-case\\financial-planner-backend\\node_modules\\fastify\\lib\\handleRequest.js:77:7)\n    at C:\\Desenvolvimento\\financial-planner-case\\financial-planner-backend\\node_modules\\fastify\\lib\\contentTypeParser.js:199:9\n    at AsyncResource.runInAsyncScope (node:async_hooks:206:9)\n    at done (C:\\Desenvolvimento\\financial-planner-case\\financial-planner-backend\\node_modules\\fastify\\lib\\contentTypeParser.js:192:14)\n    at Parser.defaultJsonParser [as fn] (C:\\Desenvolvimento\\financial-planner-case\\financial-planner-backend\\node_modules\\fastify\\lib\\contentTypeParser.js:304:5)\n    at IncomingMessage.onEnd (C:\\Desenvolvimento\\financial-planner-case\\financial-planner-backend\\node_modules\\fastify\\lib\\contentTypeParser.js:283:27)\n    at IncomingMessage.emit (node:events:524:28)\n    at IncomingMessage.emit (node:domain:489:12)\n    at endReadableNT (node:internal/streams/readable:1698:12)\n    at processTicksAndRejections (node:internal/process/task_queues:82:21)","statusCode":400,"code":"FST_ERR_VALIDATION","validation":[{"instancePath":"/id","schemaPath":"#/properties/id/pattern","keyword":"pattern","params":{"pattern":"^\\d+$"},"message":"must match pattern \"^\\d+$\""}],"validationContext":"params"},"msg":"params/id must match pattern \"^\\d+$\""}
{"level":30,"time":1758859571905,"pid":24524,"hostname":"Rainer_Desktop","reqId":"req-i","res":{"statusCode":400},"responseTime":7.742700010538101,"msg":"request completed"}
{"level":30,"time":1758859571922,"pid":24524,"hostname":"Rainer_Desktop","reqId":"req-j","req":{"method":"POST","url":"/api/allocations/undefined/records","hostname":"127.0.0.1:65426","remoteAddress":"::ffff:127.0.0.1","remotePort":65427},"msg":"incoming request"}
{"level":30,"time":1758859571924,"pid":24524,"hostname":"Rainer_Desktop","reqId":"req-j","res":{"statusCode":400},"err":{"type":"Error","message":"params/id must match pattern \"^\\d+$\"","stack":"Error: params/id must match pattern \"^\\d+$\"\n    at defaultSchemaErrorFormatter (C:\\Desenvolvimento\\financial-planner-case\\financial-planner-backend\\node_modules\\fastify\\lib\\context.js:114:10)\n    at wrapValidationError (C:\\Desenvolvimento\\financial-planner-case\\financial-planner-backend\\node_modules\\fastify\\lib\\validation.js:249:17)\n    at validate (C:\\Desenvolvimento\\financial-planner-case\\financial-planner-backend\\node_modules\\fastify\\lib\\validation.js:145:16)\n    at preValidationCallback (C:\\Desenvolvimento\\financial-planner-case\\financial-planner-backend\\node_modules\\fastify\\lib\\handleRequest.js:93:25)\n    at handler (C:\\Desenvolvimento\\financial-planner-case\\financial-planner-backend\\node_modules\\fastify\\lib\\handleRequest.js:77:7)\n    at C:\\Desenvolvimento\\financial-planner-case\\financial-planner-backend\\node_modules\\fastify\\lib\\contentTypeParser.js:199:9\n    at AsyncResource.runInAsyncScope (node:async_hooks:206:9)\n    at done (C:\\Desenvolvimento\\financial-planner-case\\financial-planner-backend\\node_modules\\fastify\\lib\\contentTypeParser.js:192:14)\n    at Parser.defaultJsonParser [as fn] (C:\\Desenvolvimento\\financial-planner-case\\financial-planner-backend\\node_modules\\fastify\\lib\\contentTypeParser.js:304:5)\n    at IncomingMessage.onEnd (C:\\Desenvolvimento\\financial-planner-case\\financial-planner-backend\\node_modules\\fastify\\lib\\contentTypeParser.js:283:27)\n    at IncomingMessage.emit (node:events:524:28)\n    at IncomingMessage.emit (node:domain:489:12)\n    at endReadableNT (node:internal/streams/readable:1698:12)\n    at processTicksAndRejections (node:internal/process/task_queues:82:21)","statusCode":400,"code":"FST_ERR_VALIDATION","validation":[{"instancePath":"/id","schemaPath":"#/properties/id/pattern","keyword":"pattern","params":{"pattern":"^\\d+$"},"message":"must match pattern \"^\\d+$\""}],"validationContext":"params"},"msg":"params/id must match pattern \"^\\d+$\""}
{"level":30,"time":1758859571930,"pid":24524,"hostname":"Rainer_Desktop","reqId":"req-j","res":{"statusCode":400},"responseTime":7.420500010251999,"msg":"request completed"}
{"level":30,"time":1758859571945,"pid":24524,"hostname":"Rainer_Desktop","reqId":"req-k","req":{"method":"GET","url":"/api/allocations/undefined/records","hostname":"127.0.0.1:65429","remoteAddress":"::ffff:127.0.0.1","remotePort":65430},"msg":"incoming request"}
{"level":30,"time":1758859571946,"pid":24524,"hostname":"Rainer_Desktop","reqId":"req-k","msg":"Route GET:/api/allocations/undefined/records not found"}
{"level":30,"time":1758859571952,"pid":24524,"hostname":"Rainer_Desktop","reqId":"req-k","res":{"statusCode":404},"responseTime":6.910099998116493,"msg":"request completed"}
{"level":30,"time":1758859572118,"pid":24524,"hostname":"Rainer_Desktop","reqId":"req-l","req":{"method":"POST","url":"/api/allocations","hostname":"127.0.0.1:65433","remoteAddress":"::ffff:127.0.0.1","remotePort":65434},"msg":"incoming request"}
{"level":30,"time":1758859572122,"pid":24524,"hostname":"Rainer_Desktop","reqId":"req-l","msg":"Route POST:/api/allocations not found"}
{"level":30,"time":1758859572124,"pid":24524,"hostname":"Rainer_Desktop","reqId":"req-l","res":{"statusCode":404},"responseTime":6.110599994659424,"msg":"request completed"}
{"level":30,"time":1758859572154,"pid":24524,"hostname":"Rainer_Desktop","reqId":"req-m","req":{"method":"GET","url":"/api/allocations/undefined/records","hostname":"127.0.0.1:65436","remoteAddress":"::ffff:127.0.0.1","remotePort":65437},"msg":"incoming request"}
{"level":30,"time":1758859572154,"pid":24524,"hostname":"Rainer_Desktop","reqId":"req-m","msg":"Route GET:/api/allocations/undefined/records not found"}
{"level":30,"time":1758859572160,"pid":24524,"hostname":"Rainer_Desktop","reqId":"req-m","res":{"statusCode":404},"responseTime":5.830800011754036,"msg":"request completed"}
  console.log
    Usando banco de dados: postgresql://planner:plannerpw@localhost:5432/plannerdb

      at Object.<anonymous> (tests/setup.ts:17:9)

Prisma schema loaded from prisma\schema.prisma
Datasource "db": PostgreSQL database "plannerdb", schema "public" at "localhost:5432"

6 migrations found in prisma/migrations


No pending migrations to apply.
{"level":30,"time":1758859576731,"pid":24524,"hostname":"Rainer_Desktop","reqId":"req-1","req":{"method":"POST","url":"/api/simulations","hostname":"127.0.0.1:65498","remoteAddress":"::ffff:127.0.0.1","remotePort":65499},"msg":"incoming request"}
{"level":30,"time":1758859576771,"pid":24524,"hostname":"Rainer_Desktop","reqId":"req-1","res":{"statusCode":201},"responseTime":39.885499998927116,"msg":"request completed"}
{"level":30,"time":1758859576936,"pid":24524,"hostname":"Rainer_Desktop","reqId":"req-2","req":{"method":"POST","url":"/api/simulations","hostname":"127.0.0.1:65503","remoteAddress":"::ffff:127.0.0.1","remotePort":65504},"msg":"incoming request"}
{"level":30,"time":1758859576938,"pid":24524,"hostname":"Rainer_Desktop","reqId":"req-2","res":{"statusCode":400},"err":{"type":"Error","message":"body/name must NOT have fewer than 3 characters","stack":"Error: body/name must NOT have fewer than 3 characters\n    at defaultSchemaErrorFormatter (C:\\Desenvolvimento\\financial-planner-case\\financial-planner-backend\\node_modules\\fastify\\lib\\context.js:114:10)\n    at wrapValidationError (C:\\Desenvolvimento\\financial-planner-case\\financial-planner-backend\\node_modules\\fastify\\lib\\validation.js:249:17)\n    at validate (C:\\Desenvolvimento\\financial-planner-case\\financial-planner-backend\\node_modules\\fastify\\lib\\validation.js:167:16)\n    at preValidationCallback (C:\\Desenvolvimento\\financial-planner-case\\financial-planner-backend\\node_modules\\fastify\\lib\\handleRequest.js:93:25)\n    at handler (C:\\Desenvolvimento\\financial-planner-case\\financial-planner-backend\\node_modules\\fastify\\lib\\handleRequest.js:77:7)\n    at C:\\Desenvolvimento\\financial-planner-case\\financial-planner-backend\\node_modules\\fastify\\lib\\contentTypeParser.js:199:9\n    at AsyncResource.runInAsyncScope (node:async_hooks:206:9)\n    at done (C:\\Desenvolvimento\\financial-planner-case\\financial-planner-backend\\node_modules\\fastify\\lib\\contentTypeParser.js:192:14)\n    at Parser.defaultJsonParser [as fn] (C:\\Desenvolvimento\\financial-planner-case\\financial-planner-backend\\node_modules\\fastify\\lib\\contentTypeParser.js:304:5)\n    at IncomingMessage.onEnd (C:\\Desenvolvimento\\financial-planner-case\\financial-planner-backend\\node_modules\\fastify\\lib\\contentTypeParser.js:283:27)\n    at IncomingMessage.emit (node:events:524:28)\n    at IncomingMessage.emit (node:domain:489:12)\n    at endReadableNT (node:internal/streams/readable:1698:12)\n    at processTicksAndRejections (node:internal/process/task_queues:82:21)","statusCode":400,"code":"FST_ERR_VALIDATION","validation":[{"instancePath":"/name","schemaPath":"#/properties/name/minLength","keyword":"minLength","params":{"limit":3},"message":"must NOT have fewer than 3 characters"}],"validationContext":"body"},"msg":"body/name must NOT have fewer than 3 characters"}
{"level":30,"time":1758859576943,"pid":24524,"hostname":"Rainer_Desktop","reqId":"req-2","res":{"statusCode":400},"responseTime":6.783100008964539,"msg":"request completed"}
{"level":30,"time":1758859577065,"pid":24524,"hostname":"Rainer_Desktop","reqId":"req-3","req":{"method":"POST","url":"/api/simulations","hostname":"127.0.0.1:65506","remoteAddress":"::ffff:127.0.0.1","remotePort":65507},"msg":"incoming request"}
{"level":30,"time":1758859577073,"pid":24524,"hostname":"Rainer_Desktop","reqId":"req-3","res":{"statusCode":201},"responseTime":8.056699991226196,"msg":"request completed"}
{"level":30,"time":1758859577082,"pid":24524,"hostname":"Rainer_Desktop","reqId":"req-4","req":{"method":"POST","url":"/api/simulations","hostname":"127.0.0.1:65508","remoteAddress":"::ffff:127.0.0.1","remotePort":65509},"msg":"incoming request"}
{"level":30,"time":1758859577089,"pid":24524,"hostname":"Rainer_Desktop","reqId":"req-4","res":{"statusCode":201},"responseTime":6.8738000094890594,"msg":"request completed"}
{"level":30,"time":1758859577102,"pid":24524,"hostname":"Rainer_Desktop","reqId":"req-5","req":{"method":"GET","url":"/api/simulations","hostname":"127.0.0.1:65511","remoteAddress":"::ffff:127.0.0.1","remotePort":65512},"msg":"incoming request"}
{"level":30,"time":1758859577127,"pid":24524,"hostname":"Rainer_Desktop","reqId":"req-5","res":{"statusCode":200},"responseTime":24.96050000190735,"msg":"request completed"}
{"level":30,"time":1758859577258,"pid":24524,"hostname":"Rainer_Desktop","reqId":"req-6","req":{"method":"POST","url":"/api/simulations","hostname":"127.0.0.1:65516","remoteAddress":"::ffff:127.0.0.1","remotePort":65517},"msg":"incoming request"}
{"level":30,"time":1758859577269,"pid":24524,"hostname":"Rainer_Desktop","reqId":"req-6","res":{"statusCode":201},"responseTime":10.864399999380112,"msg":"request completed"}
{"level":30,"time":1758859577285,"pid":24524,"hostname":"Rainer_Desktop","reqId":"req-7","req":{"method":"GET","url":"/api/simulations/1","hostname":"127.0.0.1:65518","remoteAddress":"::ffff:127.0.0.1","remotePort":65519},"msg":"incoming request"}
{"level":30,"time":1758859577299,"pid":24524,"hostname":"Rainer_Desktop","reqId":"req-7","res":{"statusCode":200},"responseTime":13.100600004196167,"msg":"request completed"}
{"level":30,"time":1758859577438,"pid":24524,"hostname":"Rainer_Desktop","reqId":"req-8","req":{"method":"POST","url":"/api/simulations","hostname":"127.0.0.1:65522","remoteAddress":"::ffff:127.0.0.1","remotePort":65523},"msg":"incoming request"}
{"level":30,"time":1758859577446,"pid":24524,"hostname":"Rainer_Desktop","reqId":"req-8","res":{"statusCode":201},"responseTime":7.914200007915497,"msg":"request completed"}
{"level":30,"time":1758859577457,"pid":24524,"hostname":"Rainer_Desktop","reqId":"req-9","req":{"method":"PUT","url":"/api/simulations/1","hostname":"127.0.0.1:65524","remoteAddress":"::ffff:127.0.0.1","remotePort":65525},"msg":"incoming request"}
{"level":30,"time":1758859577469,"pid":24524,"hostname":"Rainer_Desktop","reqId":"req-9","res":{"statusCode":200},"responseTime":11.922599986195564,"msg":"request completed"}
  console.log
    Resposta da API: {
      "id": 1,
      "name": "Updated Simulation",
      "description": "Descrição atualizada",
      "status": "INATIVO",
      "realRate": 0.08,
      "startDate": "2025-09-26T04:06:17.432Z",
      "updatedAt": "2025-09-26T04:06:17.463Z"
    }

      at Object.<anonymous> (tests/routes/simulations.test.ts:269:15)

{"level":30,"time":1758859577590,"pid":24524,"hostname":"Rainer_Desktop","reqId":"req-a","req":{"method":"PUT","url":"/api/simulations/999999","hostname":"127.0.0.1:65528","remoteAddress":"::ffff:127.0.0.1","remotePort":65529},"msg":"incoming request"}
{"level":30,"time":1758859577631,"pid":24524,"hostname":"Rainer_Desktop","reqId":"req-a","res":{"statusCode":500},"responseTime":41.05410000681877,"msg":"request completed"}
{"level":30,"time":1758859577748,"pid":24524,"hostname":"Rainer_Desktop","reqId":"req-b","req":{"method":"POST","url":"/api/simulations","hostname":"127.0.0.1:65534","remoteAddress":"::ffff:127.0.0.1","remotePort":49152},"msg":"incoming request"}
{"level":30,"time":1758859577759,"pid":24524,"hostname":"Rainer_Desktop","reqId":"req-b","res":{"statusCode":201},"responseTime":10.750799998641014,"msg":"request completed"}
{"level":30,"time":1758859577772,"pid":24524,"hostname":"Rainer_Desktop","reqId":"req-c","req":{"method":"DELETE","url":"/api/simulations/1","hostname":"127.0.0.1:49154","remoteAddress":"::ffff:127.0.0.1","remotePort":49155},"msg":"incoming request"}
{"level":30,"time":1758859577785,"pid":24524,"hostname":"Rainer_Desktop","reqId":"req-c","res":{"statusCode":200},"responseTime":12.150399997830391,"msg":"request completed"}
{"level":30,"time":1758859577904,"pid":24524,"hostname":"Rainer_Desktop","reqId":"req-d","req":{"method":"DELETE","url":"/api/simulations/999999","hostname":"127.0.0.1:49157","remoteAddress":"::ffff:127.0.0.1","remotePort":49158},"msg":"incoming request"}
{"level":30,"time":1758859577912,"pid":24524,"hostname":"Rainer_Desktop","reqId":"req-d","res":{"statusCode":500},"responseTime":7.697699993848801,"msg":"request completed"}
{"level":30,"time":1758859578030,"pid":24524,"hostname":"Rainer_Desktop","reqId":"req-e","req":{"method":"POST","url":"/api/simulations","hostname":"127.0.0.1:49160","remoteAddress":"::ffff:127.0.0.1","remotePort":49161},"msg":"incoming request"}
{"level":30,"time":1758859578038,"pid":24524,"hostname":"Rainer_Desktop","reqId":"req-e","res":{"statusCode":201},"responseTime":7.375799998641014,"msg":"request completed"}
{"level":30,"time":1758859578046,"pid":24524,"hostname":"Rainer_Desktop","reqId":"req-f","req":{"method":"POST","url":"/api/projections","hostname":"127.0.0.1:49162","remoteAddress":"::ffff:127.0.0.1","remotePort":49163},"msg":"incoming request"}
{"level":30,"time":1758859578055,"pid":24524,"hostname":"Rainer_Desktop","reqId":"req-f","res":{"statusCode":200},"responseTime":8.707499995827675,"msg":"request completed"}
  console.log
    Usando banco de dados: postgresql://planner:plannerpw@localhost:5432/plannerdb

      at Object.<anonymous> (tests/setup.ts:17:9)

Prisma schema loaded from prisma\schema.prisma
Datasource "db": PostgreSQL database "plannerdb", schema "public" at "localhost:5432"

6 migrations found in prisma/migrations


No pending migrations to apply.
{"level":30,"time":1758859582110,"pid":24524,"hostname":"Rainer_Desktop","reqId":"req-1","req":{"method":"GET","url":"/api/health","hostname":"127.0.0.1:49220","remoteAddress":"::ffff:127.0.0.1","remotePort":49222},"msg":"incoming request"}
{"level":30,"time":1758859582114,"pid":24524,"hostname":"Rainer_Desktop","reqId":"req-1","res":{"statusCode":200},"responseTime":3.4994999915361404,"msg":"request completed"}
{"level":30,"time":1758859582262,"pid":24524,"hostname":"Rainer_Desktop","reqId":"req-2","req":{"method":"GET","url":"/rota-que-nao-existe","hostname":"127.0.0.1:49225","remoteAddress":"::ffff:127.0.0.1","remotePort":49226},"msg":"incoming request"}
{"level":30,"time":1758859582262,"pid":24524,"hostname":"Rainer_Desktop","reqId":"req-2","msg":"Route GET:/rota-que-nao-existe not found"}
{"level":30,"time":1758859582265,"pid":24524,"hostname":"Rainer_Desktop","reqId":"req-2","res":{"statusCode":404},"responseTime":3.134099990129471,"msg":"request completed"}
  console.log
    Usando banco de dados: postgresql://planner:plannerpw@localhost:5432/plannerdb

      at Object.<anonymous> (tests/setup.ts:17:9)

Prisma schema loaded from prisma\schema.prisma
Datasource "db": PostgreSQL database "plannerdb", schema "public" at "localhost:5432"

6 migrations found in prisma/migrations


No pending migrations to apply.
  console.error
    Erro ao criar simulação: ZodError: [
      {
        "code": "too_small",
        "minimum": 3,
        "type": "string",
        "inclusive": true,
        "exact": false,
        "message": "Nome deve ter no mínimo 3 caracteres",
        "path": [
          "name"
        ]
      }
    ]
        at Object.get error [as error] (C:\Desenvolvimento\financial-planner-case\financial-planner-backend\node_modules\zod\v3\types.cjs:45:31)
        at ZodObject.parse (C:\Desenvolvimento\financial-planner-case\financial-planner-backend\node_modules\zod\v3\types.cjs:120:22)
        at Object.createSimulation (C:\Desenvolvimento\financial-planner-case\financial-planner-backend\src\services\simulation.service.ts:55:52)
        at Object.<anonymous> (C:\Desenvolvimento\financial-planner-case\financial-planner-backend\tests\services\simulation.test.ts:59:38)
        at Promise.then.completed (C:\Desenvolvimento\financial-planner-case\financial-planner-backend\node_modules\jest-circus\build\utils.js:298:28)
        at new Promise (<anonymous>)
        at callAsyncCircusFn (C:\Desenvolvimento\financial-planner-case\financial-planner-backend\node_modules\jest-circus\build\utils.js:231:10)
        at _callCircusTest (C:\Desenvolvimento\financial-planner-case\financial-planner-backend\node_modules\jest-circus\build\run.js:316:40)
        at async _runTest (C:\Desenvolvimento\financial-planner-case\financial-planner-backend\node_modules\jest-circus\build\run.js:252:3)
        at async _runTestsForDescribeBlock (C:\Desenvolvimento\financial-planner-case\financial-planner-backend\node_modules\jest-circus\build\run.js:126:9)
        at async _runTestsForDescribeBlock (C:\Desenvolvimento\financial-planner-case\financial-planner-backend\node_modules\jest-circus\build\run.js:121:9)
        at async _runTestsForDescribeBlock (C:\Desenvolvimento\financial-planner-case\financial-planner-backend\node_modules\jest-circus\build\run.js:121:9)
        at async run (C:\Desenvolvimento\financial-planner-case\financial-planner-backend\node_modules\jest-circus\build\run.js:71:3)
        at async runAndTransformResultsToJestFormat (C:\Desenvolvimento\financial-planner-case\financial-planner-backend\node_modules\jest-circus\build\legacy-code-todo-rewrite\jestAdapterInit.js:122:21)
        at async jestAdapter (C:\Desenvolvimento\financial-planner-case\financial-planner-backend\node_modules\jest-circus\build\legacy-code-todo-rewrite\jestAdapter.js:79:19)
        at async runTestInternal (C:\Desenvolvimento\financial-planner-case\financial-planner-backend\node_modules\jest-runner\build\runTest.js:367:16)
        at async runTest (C:\Desenvolvimento\financial-planner-case\financial-planner-backend\node_modules\jest-runner\build\runTest.js:444:34) {
      issues: [
        {
          code: 'too_small',
          minimum: 3,
          type: 'string',
          inclusive: true,
          exact: false,
          message: 'Nome deve ter no mínimo 3 caracteres',
          path: [Array]
        }
      ],
      addIssue: [Function (anonymous)],
      addIssues: [Function (anonymous)],
      errors: [
        {
          code: 'too_small',
          minimum: 3,
          type: 'string',
          inclusive: true,
          exact: false,
          message: 'Nome deve ter no mínimo 3 caracteres',
          path: [Array]
        }
      ]
    }

    [0m [90m 62 |[39m       [36mreturn[39m simulation[33m;[39m
     [90m 63 |[39m     } [36mcatch[39m (error[33m:[39m unknown) {
    [31m[1m>[22m[39m[90m 64 |[39m       console[33m.[39merror([32m'Erro ao criar simulação:'[39m[33m,[39m error)[33m;[39m
     [90m    |[39m               [31m[1m^[22m[39m
     [90m 65 |[39m       [36mthrow[39m error[33m;[39m
     [90m 66 |[39m     }
     [90m 67 |[39m   }[33m,[39m[0m

      at Object.createSimulation (src/services/simulation.service.ts:64:15)
      at Object.<anonymous> (tests/services/simulation.test.ts:59:38)

TN:
SF:src\server.ts
FN:15,buildServer
FNF:1
FNH:1
FNDA:1,buildServer
DA:1,1
DA:2,1
DA:3,1
DA:4,1
DA:5,1
DA:6,1
DA:7,1
DA:8,1
DA:9,1
DA:10,1
DA:11,1
DA:12,1
DA:13,1
DA:14,1
DA:15,1
DA:16,1
DA:17,1
DA:18,1
DA:19,1
DA:20,1
DA:21,1
DA:22,1
DA:23,1
DA:24,1
DA:25,1
DA:26,1
DA:27,1
DA:28,1
DA:29,1
DA:30,1
DA:31,1
DA:32,1
DA:33,1
DA:34,1
DA:35,1
DA:36,1
DA:37,1
DA:38,1
DA:39,1
DA:40,1
DA:41,1
DA:42,1
DA:43,1
DA:44,1
DA:45,1
DA:46,1
DA:47,1
DA:48,0
DA:49,0
DA:50,0
DA:51,0
DA:52,0
DA:53,0
DA:54,0
DA:55,1
DA:56,1
DA:57,1
DA:58,1
DA:59,0
DA:60,0
DA:61,0
DA:62,0
DA:63,0
DA:64,0
DA:65,0
DA:66,0
DA:67,0
DA:68,0
DA:69,0
DA:70,0
DA:71,0
DA:72,0
DA:73,0
DA:74,0
DA:75,1
DA:76,1
DA:77,1
DA:78,1
DA:79,1
DA:80,1
DA:81,1
DA:82,0
DA:83,0
DA:84,0
DA:85,0
DA:86,0
DA:87,0
DA:88,0
DA:89,0
DA:90,0
DA:91,0
DA:92,0
DA:93,0
DA:94,0
DA:95,0
DA:96,0
LF:96
LH:58
BRDA:81,0,0,0
BRDA:15,1,0,1
BRDA:82,2,0,0
BRF:3
BRH:1
end_of_record
TN:
SF:src\config\app.ts
FN:1,(empty-report)
FNF:1
FNH:0
FNDA:0,(empty-report)
DA:1,0
DA:2,0
DA:3,0
DA:4,0
DA:5,0
DA:6,0
DA:7,0
DA:8,0
DA:9,0
DA:10,0
DA:11,0
DA:12,0
DA:13,0
DA:14,0
DA:15,0
DA:16,0
DA:17,0
DA:18,0
DA:19,0
DA:20,0
DA:21,0
DA:22,0
DA:23,0
DA:24,0
DA:25,0
DA:26,0
DA:27,0
DA:28,0
DA:29,0
DA:30,0
DA:31,0
DA:32,0
DA:33,0
DA:34,0
LF:34
LH:0
BRDA:1,0,0,0
BRF:1
BRH:0
end_of_record
TN:
SF:src\plugins\swagger.ts
FNF:0
FNH:0
DA:1,1
DA:2,1
DA:3,1
DA:4,1
DA:5,1
DA:6,1
DA:7,1
DA:8,1
DA:9,1
DA:10,1
DA:11,1
DA:12,1
DA:13,1
DA:14,1
DA:15,1
DA:16,1
DA:17,1
DA:18,1
DA:19,1
DA:20,1
DA:21,1
DA:22,1
DA:23,1
DA:24,1
DA:25,1
DA:26,1
DA:27,1
DA:28,1
DA:29,1
DA:30,1
DA:31,1
LF:31
LH:31
BRDA:6,0,0,1
BRF:1
BRH:1
end_of_record
TN:
SF:src\prisma\client.ts
FN:1,(empty-report)
FNF:1
FNH:0
FNDA:0,(empty-report)
DA:1,0
DA:2,0
DA:3,0
DA:4,0
DA:5,0
DA:6,0
DA:7,0
DA:8,0
DA:9,0
DA:10,0
DA:11,0
DA:12,0
DA:13,0
DA:14,0
LF:14
LH:0
BRDA:1,0,0,0
BRF:1
BRH:0
end_of_record
TN:
SF:src\repositories\simulationRepository.ts
FN:1,(empty-report)
FNF:1
FNH:0
FNDA:0,(empty-report)
DA:1,0
DA:2,0
DA:3,0
DA:4,0
DA:5,0
DA:6,0
DA:7,0
DA:8,0
DA:9,0
DA:10,0
DA:11,0
DA:12,0
DA:13,0
DA:14,0
DA:15,0
DA:16,0
DA:17,0
DA:18,0
DA:19,0
DA:20,0
DA:21,0
DA:22,0
DA:23,0
DA:24,0
DA:25,0
DA:26,0
DA:27,0
DA:28,0
DA:29,0
DA:30,0
DA:31,0
DA:32,0
DA:33,0
DA:34,0
DA:35,0
DA:36,0
DA:37,0
DA:38,0
DA:39,0
DA:40,0
DA:41,0
DA:42,0
DA:43,0
DA:44,0
DA:45,0
DA:46,0
DA:47,0
DA:48,0
DA:49,0
DA:50,0
DA:51,0
DA:52,0
DA:53,0
DA:54,0
DA:55,0
DA:56,0
DA:57,0
DA:58,0
DA:59,0
DA:60,0
DA:61,0
DA:62,0
DA:63,0
DA:64,0
DA:65,0
DA:66,0
DA:67,0
DA:68,0
DA:69,0
DA:70,0
DA:71,0
DA:72,0
DA:73,0
DA:74,0
DA:75,0
DA:76,0
DA:77,0
DA:78,0
DA:79,0
DA:80,0
DA:81,0
DA:82,0
DA:83,0
DA:84,0
DA:85,0
DA:86,0
DA:87,0
DA:88,0
DA:89,0
DA:90,0
DA:91,0
DA:92,0
DA:93,0
DA:94,0
LF:94
LH:0
BRDA:1,0,0,0
BRF:1
BRH:0
end_of_record
TN:
SF:src\routes\allocations.ts
FN:34,createAllocation
FN:45,getAllocation
FN:61,updateAllocation
FN:67,deleteAllocation
FN:72,addAllocationRecord
FN:85,getAllocationRecords
FN:108,default_1
FNF:7
FNH:2
FNDA:0,createAllocation
FNDA:1,getAllocation
FNDA:0,updateAllocation
FNDA:0,deleteAllocation
FNDA:0,addAllocationRecord
FNDA:0,getAllocationRecords
FNDA:1,default_1
DA:1,1
DA:2,1
DA:3,1
DA:4,1
DA:5,1
DA:6,1
DA:7,1
DA:8,1
DA:9,1
DA:10,1
DA:11,1
DA:12,1
DA:13,1
DA:14,1
DA:15,1
DA:16,1
DA:17,1
DA:18,1
DA:19,1
DA:20,1
DA:21,1
DA:22,1
DA:23,1
DA:24,1
DA:25,1
DA:26,1
DA:27,1
DA:28,1
DA:29,1
DA:30,1
DA:31,1
DA:32,1
DA:33,1
DA:34,1
DA:35,0
DA:36,0
DA:37,0
DA:38,0
DA:39,0
DA:40,0
DA:41,0
DA:42,0
DA:43,1
DA:44,1
DA:45,1
DA:46,1
DA:47,1
DA:48,1
DA:49,1
DA:50,1
DA:51,1
DA:52,1
DA:53,1
DA:54,1
DA:55,1
DA:56,1
DA:57,1
DA:58,1
DA:59,1
DA:60,1
DA:61,1
DA:62,0
DA:63,0
DA:64,0
DA:65,1
DA:66,1
DA:67,1
DA:68,0
DA:69,0
DA:70,1
DA:71,1
DA:72,1
DA:73,0
DA:74,0
DA:75,0
DA:76,0
DA:77,0
DA:78,0
DA:79,0
DA:80,0
DA:81,0
DA:82,0
DA:83,1
DA:84,1
DA:85,1
DA:86,0
DA:87,0
DA:88,0
DA:89,0
DA:90,0
DA:91,0
DA:92,0
DA:93,0
DA:94,0
DA:95,0
DA:96,0
DA:97,0
DA:98,0
DA:99,0
DA:100,0
DA:101,0
DA:102,0
DA:103,0
DA:104,0
DA:105,0
DA:106,1
DA:107,1
DA:108,1
DA:109,1
DA:110,1
DA:111,1
DA:112,1
DA:113,1
DA:114,1
DA:115,1
DA:116,1
DA:117,1
DA:118,1
DA:119,1
DA:120,1
DA:121,1
DA:122,1
DA:123,1
DA:124,1
DA:125,1
DA:126,1
DA:127,1
DA:128,1
DA:129,1
DA:130,1
DA:131,1
DA:132,1
DA:133,1
DA:134,1
DA:135,1
DA:136,1
DA:137,0
DA:138,0
DA:139,0
DA:140,0
DA:141,0
DA:142,0
DA:143,0
DA:144,0
DA:145,0
DA:146,0
DA:147,0
DA:148,0
DA:149,0
DA:150,0
DA:151,0
DA:152,0
DA:153,0
DA:154,0
DA:155,0
DA:156,0
DA:157,0
DA:158,0
DA:159,0
DA:160,0
DA:161,0
DA:162,0
DA:163,0
DA:164,0
DA:165,0
DA:166,0
DA:167,0
DA:168,1
DA:169,1
DA:170,1
DA:171,1
DA:172,1
DA:173,1
DA:174,1
DA:175,1
DA:176,1
DA:177,1
DA:178,1
DA:179,1
DA:180,1
DA:181,1
DA:182,1
DA:183,1
DA:184,1
DA:185,1
DA:186,1
DA:187,1
DA:188,1
DA:189,1
DA:190,1
DA:191,1
DA:192,1
DA:193,1
DA:194,1
DA:195,0
DA:196,0
DA:197,0
DA:198,0
DA:199,0
DA:200,0
DA:201,0
DA:202,0
DA:203,0
DA:204,0
DA:205,0
DA:206,0
DA:207,0
DA:208,0
DA:209,0
DA:210,0
DA:211,0
DA:212,0
DA:213,0
DA:214,0
DA:215,0
DA:216,0
DA:217,0
DA:218,0
DA:219,0
DA:220,0
DA:221,0
DA:222,0
DA:223,0
DA:224,0
DA:225,0
DA:226,0
DA:227,1
DA:228,1
DA:229,1
DA:230,1
DA:231,1
DA:232,1
DA:233,1
DA:234,1
DA:235,1
DA:236,1
DA:237,1
DA:238,1
DA:239,1
DA:240,1
DA:241,1
DA:242,1
DA:243,1
DA:244,1
DA:245,1
DA:246,1
DA:247,1
DA:248,1
DA:249,1
DA:250,1
DA:251,1
DA:252,1
DA:253,1
DA:254,1
DA:255,1
DA:256,1
DA:257,1
DA:258,1
DA:259,1
DA:260,1
DA:261,0
DA:262,0
DA:263,0
DA:264,0
DA:265,0
DA:266,1
DA:267,1
DA:268,1
DA:269,1
DA:270,1
DA:271,1
DA:272,1
DA:273,1
DA:274,1
DA:275,1
DA:276,1
DA:277,1
DA:278,1
DA:279,1
DA:280,1
DA:281,1
DA:282,1
DA:283,1
DA:284,1
DA:285,1
DA:286,1
DA:287,1
DA:288,1
DA:289,1
DA:290,1
DA:291,1
DA:292,1
DA:293,1
DA:294,0
DA:295,0
DA:296,0
DA:297,0
DA:298,0
DA:299,0
DA:300,0
DA:301,0
DA:302,0
DA:303,0
DA:304,0
DA:305,0
DA:306,0
DA:307,0
DA:308,0
DA:309,0
DA:310,0
DA:311,0
DA:312,0
DA:313,0
DA:314,0
DA:315,0
DA:316,0
DA:317,0
DA:318,0
DA:319,0
DA:320,1
DA:321,1
DA:322,1
DA:323,1
DA:324,1
DA:325,1
DA:326,1
DA:327,1
DA:328,1
DA:329,1
DA:330,1
DA:331,1
DA:332,1
DA:333,1
DA:334,1
DA:335,1
DA:336,1
DA:337,1
DA:338,1
DA:339,0
DA:340,0
DA:341,0
DA:342,0
DA:343,0
DA:344,0
DA:345,0
DA:346,0
DA:347,0
DA:348,0
DA:349,0
DA:350,0
DA:351,0
DA:352,0
DA:353,0
DA:354,1
DA:355,1
LF:355
LH:203
BRDA:45,0,0,1
BRDA:108,1,0,1
BRDA:245,2,0,1
BRDA:260,3,0,0
BRF:4
BRH:3
end_of_record
TN:
SF:src\routes\health.ts
FN:22,healthRoutes
FNF:1
FNH:1
FNDA:1,healthRoutes
DA:1,1
DA:2,1
DA:3,1
DA:4,1
DA:5,1
DA:6,1
DA:7,1
DA:8,1
DA:9,1
DA:10,1
DA:11,1
DA:12,1
DA:13,1
DA:14,1
DA:15,1
DA:16,1
DA:17,1
DA:18,1
DA:19,1
DA:20,1
DA:21,1
DA:22,1
DA:23,1
DA:24,1
DA:25,1
DA:26,1
DA:27,1
DA:28,1
DA:29,1
DA:30,1
DA:31,1
DA:32,1
DA:33,1
DA:34,1
DA:35,1
DA:36,1
DA:37,1
DA:38,1
DA:39,1
DA:40,1
DA:41,1
DA:42,1
DA:43,1
DA:44,1
DA:45,1
DA:46,1
DA:47,1
DA:48,1
DA:49,1
DA:50,1
DA:51,1
DA:52,1
DA:53,1
DA:54,1
DA:55,1
DA:56,1
DA:57,1
DA:58,1
DA:59,1
DA:60,1
DA:61,1
DA:62,1
DA:63,1
DA:64,1
DA:65,1
DA:66,1
DA:67,1
DA:68,1
DA:69,1
DA:70,1
DA:71,1
DA:72,1
LF:72
LH:72
BRDA:22,0,0,1
BRDA:61,1,0,1
BRDA:66,2,0,0
BRF:3
BRH:2
end_of_record
TN:
SF:src\routes\insurances.ts
FN:8,errorMap
FN:27,createInsurance
FN:37,getInsurance
FN:56,updateInsurance
FN:62,deleteInsurance
FN:67,getSimulationInsurances
FN:103,default_1
FNF:7
FNH:1
FNDA:0,errorMap
FNDA:0,createInsurance
FNDA:0,getInsurance
FNDA:0,updateInsurance
FNDA:0,deleteInsurance
FNDA:0,getSimulationInsurances
FNDA:1,default_1
DA:1,1
DA:2,1
DA:3,1
DA:4,1
DA:5,1
DA:6,1
DA:7,1
DA:8,1
DA:9,1
DA:10,1
DA:11,1
DA:12,1
DA:13,1
DA:14,1
DA:15,1
DA:16,1
DA:17,1
DA:18,1
DA:19,1
DA:20,1
DA:21,1
DA:22,1
DA:23,1
DA:24,1
DA:25,1
DA:26,1
DA:27,1
DA:28,0
DA:29,0
DA:30,0
DA:31,0
DA:32,0
DA:33,0
DA:34,0
DA:35,1
DA:36,1
DA:37,1
DA:38,0
DA:39,0
DA:40,0
DA:41,0
DA:42,0
DA:43,0
DA:44,0
DA:45,0
DA:46,0
DA:47,0
DA:48,0
DA:49,0
DA:50,0
DA:51,0
DA:52,0
DA:53,0
DA:54,1
DA:55,1
DA:56,1
DA:57,0
DA:58,0
DA:59,0
DA:60,1
DA:61,1
DA:62,1
DA:63,0
DA:64,0
DA:65,1
DA:66,1
DA:67,1
DA:68,0
DA:69,0
DA:70,0
DA:71,0
DA:72,0
DA:73,0
DA:74,0
DA:75,0
DA:76,0
DA:77,0
DA:78,0
DA:79,0
DA:80,0
DA:81,0
DA:82,0
DA:83,0
DA:84,0
DA:85,0
DA:86,0
DA:87,0
DA:88,0
DA:89,0
DA:90,0
DA:91,0
DA:92,0
DA:93,0
DA:94,0
DA:95,0
DA:96,0
DA:97,0
DA:98,0
DA:99,0
DA:100,0
DA:101,1
DA:102,1
DA:103,1
DA:104,1
DA:105,1
DA:106,1
DA:107,1
DA:108,1
DA:109,1
DA:110,1
DA:111,1
DA:112,1
DA:113,1
DA:114,1
DA:115,1
DA:116,1
DA:117,1
DA:118,0
DA:119,0
DA:120,0
DA:121,0
DA:122,0
DA:123,0
DA:124,0
DA:125,0
DA:126,0
DA:127,0
DA:128,0
DA:129,0
DA:130,0
DA:131,0
DA:132,0
DA:133,0
DA:134,0
DA:135,0
DA:136,0
DA:137,0
DA:138,1
DA:139,1
DA:140,1
DA:141,1
DA:142,1
DA:143,1
DA:144,1
DA:145,1
DA:146,1
DA:147,1
DA:148,1
DA:149,1
DA:150,1
DA:151,1
DA:152,1
DA:153,1
DA:154,1
DA:155,1
DA:156,1
DA:157,1
DA:158,1
DA:159,1
DA:160,1
DA:161,1
DA:162,1
DA:163,1
DA:164,1
DA:165,1
DA:166,1
DA:167,1
DA:168,1
DA:169,1
DA:170,1
DA:171,1
DA:172,0
DA:173,0
DA:174,0
DA:175,0
DA:176,0
DA:177,0
DA:178,0
DA:179,0
DA:180,0
DA:181,0
DA:182,0
DA:183,0
DA:184,0
DA:185,0
DA:186,0
DA:187,0
DA:188,0
DA:189,0
DA:190,0
DA:191,0
DA:192,0
DA:193,0
DA:194,0
DA:195,0
DA:196,0
DA:197,0
DA:198,0
DA:199,0
DA:200,0
DA:201,0
DA:202,0
DA:203,0
DA:204,1
DA:205,1
DA:206,1
DA:207,1
DA:208,1
DA:209,1
DA:210,1
DA:211,1
DA:212,1
DA:213,1
DA:214,1
DA:215,1
DA:216,1
DA:217,1
DA:218,1
DA:219,1
DA:220,0
DA:221,0
DA:222,0
DA:223,0
DA:224,0
DA:225,0
DA:226,0
DA:227,0
DA:228,0
DA:229,0
DA:230,0
DA:231,0
DA:232,0
DA:233,0
DA:234,0
DA:235,0
DA:236,0
DA:237,0
DA:238,1
DA:239,1
DA:240,1
DA:241,1
DA:242,1
DA:243,1
DA:244,1
DA:245,1
DA:246,1
DA:247,1
DA:248,1
DA:249,1
DA:250,1
DA:251,1
DA:252,1
DA:253,1
DA:254,1
DA:255,1
DA:256,1
DA:257,1
DA:258,1
DA:259,1
DA:260,1
DA:261,1
DA:262,1
DA:263,1
DA:264,1
DA:265,1
DA:266,1
DA:267,1
DA:268,0
DA:269,0
DA:270,0
DA:271,0
DA:272,0
DA:273,0
DA:274,0
DA:275,0
DA:276,0
DA:277,0
DA:278,0
DA:279,0
DA:280,0
DA:281,0
DA:282,0
DA:283,0
DA:284,0
DA:285,0
DA:286,0
DA:287,0
DA:288,0
DA:289,0
DA:290,0
DA:291,0
DA:292,0
DA:293,0
DA:294,0
DA:295,0
DA:296,0
DA:297,0
DA:298,0
DA:299,0
DA:300,1
DA:301,1
DA:302,1
DA:303,1
DA:304,1
DA:305,1
DA:306,1
DA:307,1
DA:308,1
DA:309,1
DA:310,1
DA:311,1
DA:312,1
DA:313,1
DA:314,1
DA:315,1
DA:316,0
DA:317,0
DA:318,0
DA:319,0
DA:320,0
DA:321,0
DA:322,0
DA:323,0
DA:324,0
DA:325,0
DA:326,0
DA:327,0
DA:328,0
DA:329,0
DA:330,0
DA:331,0
DA:332,0
DA:333,0
DA:334,0
DA:335,0
DA:336,1
DA:337,1
LF:337
LH:154
BRDA:103,0,0,1
BRF:1
BRH:1
end_of_record
TN:
SF:src\routes\movements.ts
FN:8,errorMap
FN:26,createMovement
FN:36,getMovement
FN:54,updateMovement
FN:60,deleteMovement
FN:65,getSimulationMovements
FN:100,default_1
FNF:7
FNH:1
FNDA:0,errorMap
FNDA:0,createMovement
FNDA:0,getMovement
FNDA:0,updateMovement
FNDA:0,deleteMovement
FNDA:0,getSimulationMovements
FNDA:1,default_1
DA:1,1
DA:2,1
DA:3,1
DA:4,1
DA:5,1
DA:6,1
DA:7,1
DA:8,1
DA:9,1
DA:10,1
DA:11,1
DA:12,1
DA:13,1
DA:14,1
DA:15,1
DA:16,1
DA:17,1
DA:18,1
DA:19,1
DA:20,1
DA:21,1
DA:22,1
DA:23,1
DA:24,1
DA:25,1
DA:26,1
DA:27,0
DA:28,0
DA:29,0
DA:30,0
DA:31,0
DA:32,0
DA:33,0
DA:34,1
DA:35,1
DA:36,1
DA:37,0
DA:38,0
DA:39,0
DA:40,0
DA:41,0
DA:42,0
DA:43,0
DA:44,0
DA:45,0
DA:46,0
DA:47,0
DA:48,0
DA:49,0
DA:50,0
DA:51,0
DA:52,1
DA:53,1
DA:54,1
DA:55,0
DA:56,0
DA:57,0
DA:58,1
DA:59,1
DA:60,1
DA:61,0
DA:62,0
DA:63,1
DA:64,1
DA:65,1
DA:66,0
DA:67,0
DA:68,0
DA:69,0
DA:70,0
DA:71,0
DA:72,0
DA:73,0
DA:74,0
DA:75,0
DA:76,0
DA:77,0
DA:78,0
DA:79,0
DA:80,0
DA:81,0
DA:82,0
DA:83,0
DA:84,0
DA:85,0
DA:86,0
DA:87,0
DA:88,0
DA:89,0
DA:90,0
DA:91,0
DA:92,0
DA:93,0
DA:94,0
DA:95,0
DA:96,0
DA:97,0
DA:98,1
DA:99,1
DA:100,1
DA:101,1
DA:102,1
DA:103,1
DA:104,1
DA:105,1
DA:106,1
DA:107,1
DA:108,1
DA:109,1
DA:110,1
DA:111,1
DA:112,1
DA:113,1
DA:114,1
DA:115,0
DA:116,0
DA:117,0
DA:118,0
DA:119,0
DA:120,0
DA:121,0
DA:122,0
DA:123,0
DA:124,0
DA:125,0
DA:126,0
DA:127,0
DA:128,0
DA:129,0
DA:130,0
DA:131,0
DA:132,0
DA:133,0
DA:134,0
DA:135,1
DA:136,1
DA:137,1
DA:138,1
DA:139,1
DA:140,1
DA:141,1
DA:142,1
DA:143,1
DA:144,1
DA:145,1
DA:146,1
DA:147,1
DA:148,1
DA:149,1
DA:150,1
DA:151,1
DA:152,1
DA:153,1
DA:154,1
DA:155,1
DA:156,1
DA:157,1
DA:158,1
DA:159,1
DA:160,1
DA:161,1
DA:162,1
DA:163,1
DA:164,1
DA:165,1
DA:166,1
DA:167,1
DA:168,0
DA:169,0
DA:170,0
DA:171,0
DA:172,0
DA:173,0
DA:174,0
DA:175,0
DA:176,0
DA:177,0
DA:178,0
DA:179,0
DA:180,0
DA:181,0
DA:182,0
DA:183,0
DA:184,0
DA:185,0
DA:186,0
DA:187,0
DA:188,0
DA:189,0
DA:190,0
DA:191,0
DA:192,0
DA:193,0
DA:194,0
DA:195,0
DA:196,0
DA:197,0
DA:198,0
DA:199,0
DA:200,1
DA:201,1
DA:202,1
DA:203,1
DA:204,1
DA:205,1
DA:206,1
DA:207,1
DA:208,1
DA:209,1
DA:210,1
DA:211,1
DA:212,1
DA:213,1
DA:214,1
DA:215,1
DA:216,0
DA:217,0
DA:218,0
DA:219,0
DA:220,0
DA:221,0
DA:222,0
DA:223,0
DA:224,0
DA:225,0
DA:226,0
DA:227,0
DA:228,0
DA:229,0
DA:230,0
DA:231,0
DA:232,0
DA:233,0
DA:234,1
DA:235,1
DA:236,1
DA:237,1
DA:238,1
DA:239,1
DA:240,1
DA:241,1
DA:242,1
DA:243,1
DA:244,1
DA:245,1
DA:246,1
DA:247,1
DA:248,1
DA:249,1
DA:250,1
DA:251,1
DA:252,1
DA:253,1
DA:254,1
DA:255,1
DA:256,1
DA:257,1
DA:258,1
DA:259,1
DA:260,1
DA:261,1
DA:262,1
DA:263,0
DA:264,0
DA:265,0
DA:266,0
DA:267,0
DA:268,0
DA:269,0
DA:270,0
DA:271,0
DA:272,0
DA:273,0
DA:274,0
DA:275,0
DA:276,0
DA:277,0
DA:278,0
DA:279,0
DA:280,0
DA:281,0
DA:282,0
DA:283,0
DA:284,0
DA:285,0
DA:286,0
DA:287,0
DA:288,0
DA:289,0
DA:290,0
DA:291,0
DA:292,0
DA:293,0
DA:294,0
DA:295,1
DA:296,1
DA:297,1
DA:298,1
DA:299,1
DA:300,1
DA:301,1
DA:302,1
DA:303,1
DA:304,1
DA:305,1
DA:306,1
DA:307,1
DA:308,1
DA:309,1
DA:310,1
DA:311,0
DA:312,0
DA:313,0
DA:314,0
DA:315,0
DA:316,0
DA:317,0
DA:318,0
DA:319,0
DA:320,0
DA:321,0
DA:322,0
DA:323,0
DA:324,0
DA:325,0
DA:326,0
DA:327,0
DA:328,0
DA:329,0
DA:330,0
DA:331,1
DA:332,1
LF:332
LH:151
BRDA:100,0,0,1
BRF:1
BRH:1
end_of_record
TN:
SF:src\routes\projections.ts
FN:9,errorMap
FN:50,calculateProjection
FN:134,getSimulationInitialValues
FN:145,default_1
FNF:4
FNH:2
FNDA:0,errorMap
FNDA:1,calculateProjection
FNDA:0,getSimulationInitialValues
FNDA:1,default_1
DA:1,1
DA:2,1
DA:3,1
DA:4,1
DA:5,1
DA:6,1
DA:7,1
DA:8,1
DA:9,1
DA:10,1
DA:11,1
DA:12,1
DA:13,1
DA:14,1
DA:15,1
DA:16,1
DA:17,1
DA:18,1
DA:19,1
DA:20,1
DA:21,1
DA:22,1
DA:23,1
DA:24,1
DA:25,1
DA:26,1
DA:27,1
DA:28,1
DA:29,1
DA:30,1
DA:31,1
DA:32,1
DA:33,1
DA:34,1
DA:35,1
DA:36,1
DA:37,1
DA:38,1
DA:39,1
DA:40,1
DA:41,1
DA:42,1
DA:43,1
DA:44,1
DA:45,1
DA:46,1
DA:47,1
DA:48,1
DA:49,1
DA:50,1
DA:51,1
DA:52,1
DA:53,1
DA:54,1
DA:55,1
DA:56,1
DA:57,1
DA:58,1
DA:59,1
DA:60,1
DA:61,1
DA:62,1
DA:63,1
DA:64,1
DA:65,1
DA:66,1
DA:67,1
DA:68,1
DA:69,1
DA:70,1
DA:71,10
DA:72,10
DA:73,10
DA:74,10
DA:75,10
DA:76,10
DA:77,10
DA:78,10
DA:79,10
DA:80,10
DA:81,10
DA:82,0
DA:83,0
DA:84,10
DA:85,0
DA:86,0
DA:87,0
DA:88,10
DA:89,10
DA:90,10
DA:91,10
DA:92,10
DA:93,10
DA:94,10
DA:95,10
DA:96,1
DA:97,1
DA:98,1
DA:99,1
DA:100,1
DA:101,1
DA:102,1
DA:103,1
DA:104,1
DA:105,1
DA:106,1
DA:107,1
DA:108,1
DA:109,1
DA:110,1
DA:111,1
DA:112,1
DA:113,1
DA:114,1
DA:115,1
DA:116,1
DA:117,1
DA:118,1
DA:119,1
DA:120,1
DA:121,1
DA:122,1
DA:123,1
DA:124,1
DA:125,1
DA:126,1
DA:127,1
DA:128,1
DA:129,1
DA:130,1
DA:131,1
DA:132,1
DA:133,1
DA:134,1
DA:135,0
DA:136,0
DA:137,0
DA:138,0
DA:139,0
DA:140,0
DA:141,0
DA:142,0
DA:143,1
DA:144,1
DA:145,1
DA:146,1
DA:147,1
DA:148,1
DA:149,1
DA:150,1
DA:151,1
DA:152,1
DA:153,1
DA:154,1
DA:155,1
DA:156,1
DA:157,1
DA:158,1
DA:159,1
DA:160,1
DA:161,1
DA:162,1
DA:163,1
DA:164,1
DA:165,1
DA:166,1
DA:167,1
DA:168,1
DA:169,1
DA:170,1
DA:171,1
DA:172,1
DA:173,1
DA:174,1
DA:175,1
DA:176,1
DA:177,1
DA:178,1
DA:179,1
DA:180,1
DA:181,1
DA:182,1
DA:183,1
DA:184,1
DA:185,1
DA:186,1
DA:187,1
DA:188,1
DA:189,1
DA:190,1
DA:191,1
DA:192,1
DA:193,1
DA:194,1
DA:195,1
DA:196,1
DA:197,1
DA:198,1
DA:199,1
DA:200,1
DA:201,1
DA:202,1
DA:203,1
DA:204,1
DA:205,1
DA:206,1
DA:207,1
DA:208,1
DA:209,1
DA:210,1
DA:211,1
DA:212,1
DA:213,1
DA:214,1
DA:215,1
DA:216,1
DA:217,1
DA:218,1
DA:219,1
DA:220,1
DA:221,1
DA:222,1
DA:223,1
DA:224,1
DA:225,1
DA:226,1
DA:227,1
DA:228,1
DA:229,1
DA:230,1
DA:231,1
DA:232,1
DA:233,1
DA:234,1
DA:235,1
DA:236,1
DA:237,1
DA:238,1
DA:239,1
DA:240,1
DA:241,1
DA:242,1
DA:243,1
DA:244,1
DA:245,1
DA:246,1
DA:247,1
DA:248,1
DA:249,1
DA:250,1
DA:251,1
DA:252,1
DA:253,1
DA:254,1
DA:255,1
DA:256,1
DA:257,1
DA:258,1
DA:259,1
DA:260,1
DA:261,1
DA:262,1
DA:263,1
DA:264,1
DA:265,1
DA:266,1
DA:267,1
DA:268,1
DA:269,1
DA:270,1
DA:271,1
DA:272,1
DA:273,1
DA:274,1
DA:275,1
DA:276,1
DA:277,1
DA:278,1
DA:279,1
DA:280,1
DA:281,1
DA:282,1
DA:283,1
DA:284,1
DA:285,1
DA:286,1
DA:287,1
DA:288,1
DA:289,1
DA:290,1
DA:291,1
DA:292,1
DA:293,1
DA:294,1
DA:295,1
DA:296,1
DA:297,1
DA:298,1
DA:299,1
DA:300,1
DA:301,1
DA:302,1
DA:303,1
DA:304,1
DA:305,1
DA:306,1
DA:307,1
DA:308,1
DA:309,1
DA:310,1
DA:311,1
DA:312,1
DA:313,1
DA:314,0
DA:315,0
DA:316,0
DA:317,0
DA:318,0
DA:319,1
DA:320,1
DA:321,1
DA:322,1
DA:323,1
DA:324,1
DA:325,1
DA:326,0
DA:327,0
DA:328,0
DA:329,0
DA:330,0
DA:331,0
DA:332,0
DA:333,0
DA:334,0
DA:335,0
DA:336,0
DA:337,0
DA:338,0
DA:339,0
DA:340,0
DA:341,0
DA:342,0
DA:343,0
DA:344,1
DA:345,1
LF:345
LH:309
BRDA:50,0,0,1
BRDA:70,1,0,10
BRDA:81,2,0,0
BRDA:84,3,0,0
BRDA:84,4,0,0
BRDA:94,5,0,0
BRDA:119,6,0,0
BRDA:107,7,0,10
BRDA:145,8,0,1
BRDA:306,9,0,1
BRDA:313,10,0,0
BRDA:325,11,0,0
BRF:12
BRH:5
end_of_record
TN:
SF:src\routes\simulations.ts
FN:46,default_1
FN:207,handler
FNF:2
FNH:2
FNDA:1,default_1
FNDA:7,handler
DA:1,1
DA:2,1
DA:3,1
DA:4,1
DA:5,1
DA:6,1
DA:7,1
DA:8,1
DA:9,1
DA:10,1
DA:11,1
DA:12,1
DA:13,1
DA:14,1
DA:15,1
DA:16,1
DA:17,1
DA:18,1
DA:19,1
DA:20,1
DA:21,1
DA:22,1
DA:23,1
DA:24,1
DA:25,1
DA:26,1
DA:27,1
DA:28,1
DA:29,1
DA:30,1
DA:31,1
DA:32,1
DA:33,1
DA:34,1
DA:35,1
DA:36,1
DA:37,1
DA:38,1
DA:39,1
DA:40,1
DA:41,1
DA:42,1
DA:43,1
DA:44,1
DA:45,1
DA:46,1
DA:47,1
DA:48,1
DA:49,1
DA:50,1
DA:51,1
DA:52,1
DA:53,1
DA:54,1
DA:55,1
DA:56,1
DA:57,1
DA:58,1
DA:59,1
DA:60,1
DA:61,1
DA:62,1
DA:63,1
DA:64,1
DA:65,1
DA:66,1
DA:67,1
DA:68,1
DA:69,1
DA:70,1
DA:71,1
DA:72,1
DA:73,1
DA:74,1
DA:75,1
DA:76,1
DA:77,1
DA:78,1
DA:79,1
DA:80,1
DA:81,1
DA:82,1
DA:83,1
DA:84,1
DA:85,0
DA:86,0
DA:87,0
DA:88,0
DA:89,0
DA:90,0
DA:91,1
DA:92,1
DA:93,1
DA:94,1
DA:95,1
DA:96,1
DA:97,1
DA:98,1
DA:99,1
DA:100,1
DA:101,1
DA:102,1
DA:103,1
DA:104,1
DA:105,1
DA:106,1
DA:107,1
DA:108,1
DA:109,1
DA:110,1
DA:111,1
DA:112,1
DA:113,1
DA:114,1
DA:115,1
DA:116,1
DA:117,1
DA:118,1
DA:119,1
DA:120,1
DA:121,1
DA:122,1
DA:123,1
DA:124,1
DA:125,1
DA:126,1
DA:127,1
DA:128,1
DA:129,1
DA:130,1
DA:131,1
DA:132,1
DA:133,1
DA:134,1
DA:135,1
DA:136,1
DA:137,1
DA:138,1
DA:139,1
DA:140,1
DA:141,1
DA:142,1
DA:143,1
DA:144,1
DA:145,1
DA:146,1
DA:147,1
DA:148,1
DA:149,1
DA:150,1
DA:151,1
DA:152,1
DA:153,1
DA:154,1
DA:155,1
DA:156,1
DA:157,1
DA:158,1
DA:159,1
DA:160,1
DA:161,1
DA:162,1
DA:163,1
DA:164,1
DA:165,1
DA:166,1
DA:167,1
DA:168,1
DA:169,1
DA:170,1
DA:171,1
DA:172,1
DA:173,1
DA:174,1
DA:175,1
DA:176,1
DA:177,1
DA:178,1
DA:179,1
DA:180,1
DA:181,1
DA:182,1
DA:183,1
DA:184,1
DA:185,1
DA:186,1
DA:187,1
DA:188,1
DA:189,1
DA:190,1
DA:191,1
DA:192,1
DA:193,1
DA:194,1
DA:195,1
DA:196,1
DA:197,1
DA:198,1
DA:199,1
DA:200,1
DA:201,1
DA:202,1
DA:203,1
DA:204,1
DA:205,1
DA:206,1
DA:207,1
DA:208,7
DA:209,7
DA:210,7
DA:211,7
DA:212,7
DA:213,0
DA:214,0
DA:215,0
DA:216,0
DA:217,0
DA:218,0
DA:219,0
DA:220,0
DA:221,0
DA:222,0
DA:223,0
DA:224,0
DA:225,0
DA:226,0
DA:227,0
DA:228,0
DA:229,0
DA:230,0
DA:231,0
DA:232,0
DA:233,7
DA:234,1
DA:235,1
DA:236,1
DA:237,1
DA:238,1
DA:239,1
DA:240,1
DA:241,1
DA:242,1
DA:243,1
DA:244,1
DA:245,1
DA:246,1
DA:247,1
DA:248,1
DA:249,1
DA:250,1
DA:251,1
DA:252,1
DA:253,1
DA:254,1
DA:255,1
DA:256,1
DA:257,1
DA:258,0
DA:259,0
DA:260,0
DA:261,0
DA:262,0
DA:263,1
DA:264,1
DA:265,1
DA:266,0
DA:267,0
DA:268,0
DA:269,0
DA:270,0
DA:271,1
DA:272,1
DA:273,1
DA:274,1
DA:275,1
DA:276,1
DA:277,1
DA:278,1
DA:279,1
DA:280,1
DA:281,1
DA:282,1
DA:283,1
DA:284,1
DA:285,1
DA:286,1
DA:287,1
DA:288,1
DA:289,1
DA:290,1
DA:291,1
DA:292,1
DA:293,1
DA:294,1
DA:295,1
DA:296,1
DA:297,1
DA:298,1
DA:299,1
DA:300,1
DA:301,1
DA:302,1
DA:303,1
DA:304,1
DA:305,1
DA:306,1
DA:307,1
DA:308,1
DA:309,1
DA:310,1
DA:311,1
DA:312,1
DA:313,1
DA:314,1
DA:315,1
DA:316,1
DA:317,1
DA:318,1
DA:319,1
DA:320,1
DA:321,1
DA:322,1
DA:323,1
DA:324,1
DA:325,1
DA:326,1
DA:327,1
DA:328,1
DA:329,1
DA:330,1
DA:331,1
DA:332,1
DA:333,1
DA:334,1
DA:335,1
DA:336,1
DA:337,2
DA:338,2
DA:339,2
DA:340,2
DA:341,1
DA:342,1
DA:343,1
DA:344,0
DA:345,0
DA:346,0
DA:347,0
DA:348,0
DA:349,0
DA:350,1
DA:351,1
DA:352,1
DA:353,1
DA:354,1
DA:355,1
DA:356,1
DA:357,1
DA:358,1
DA:359,1
DA:360,1
DA:361,1
DA:362,1
DA:363,1
DA:364,1
DA:365,1
DA:366,1
DA:367,1
DA:368,1
DA:369,1
DA:370,1
DA:371,1
DA:372,1
DA:373,1
DA:374,2
DA:375,2
DA:376,2
DA:377,1
DA:378,1
DA:379,1
DA:380,1
DA:381,1
DA:382,1
DA:383,1
DA:384,1
DA:385,1
DA:386,1
DA:387,1
DA:388,1
DA:389,1
DA:390,1
DA:391,1
DA:392,1
DA:393,1
DA:394,1
DA:395,1
DA:396,1
DA:397,1
DA:398,1
DA:399,1
DA:400,1
DA:401,1
DA:402,1
DA:403,1
DA:404,1
DA:405,1
DA:406,1
DA:407,1
DA:408,1
DA:409,1
DA:410,0
DA:411,0
DA:412,0
DA:413,0
DA:414,0
DA:415,0
DA:416,0
DA:417,0
DA:418,0
DA:419,0
DA:420,0
DA:421,0
DA:422,0
DA:423,0
DA:424,0
DA:425,0
DA:426,1
DA:427,1
LF:427
LH:369
BRDA:46,0,0,1
BRDA:79,1,0,1
BRDA:84,2,0,0
BRDA:207,3,0,7
BRDA:212,4,0,0
BRDA:252,5,0,1
BRDA:257,6,0,0
BRDA:265,7,0,0
BRDA:336,8,0,2
BRDA:341,9,0,1
BRDA:343,10,0,0
BRDA:373,11,0,2
BRDA:377,12,0,1
BRF:13
BRH:8
end_of_record
TN:
SF:src\services\simulation.service.ts
FN:40,createSimulationData
FN:52,createSimulation
FN:69,getSimulation
FN:75,updateSimulation
FN:94,deleteSimulation
FN:102,duplicateSimulation
FNF:6
FNH:5
FNDA:7,createSimulationData
FNDA:7,createSimulation
FNDA:2,getSimulation
FNDA:2,updateSimulation
FNDA:2,deleteSimulation
FNDA:0,duplicateSimulation
DA:1,1
DA:2,1
DA:3,1
DA:4,1
DA:5,1
DA:6,1
DA:7,1
DA:8,1
DA:9,1
DA:10,1
DA:11,1
DA:12,1
DA:13,1
DA:14,1
DA:15,1
DA:16,1
DA:17,1
DA:18,1
DA:19,1
DA:20,1
DA:21,1
DA:22,1
DA:23,1
DA:24,1
DA:25,1
DA:26,1
DA:27,1
DA:28,1
DA:29,1
DA:30,1
DA:31,1
DA:32,1
DA:33,1
DA:34,1
DA:35,1
DA:36,1
DA:37,1
DA:38,1
DA:39,1
DA:40,1
DA:41,7
DA:42,7
DA:43,7
DA:44,7
DA:45,7
DA:46,7
DA:47,7
DA:48,7
DA:49,7
DA:50,1
DA:51,1
DA:52,1
DA:53,7
DA:54,7
DA:55,7
DA:56,7
DA:57,7
DA:58,7
DA:59,7
DA:60,7
DA:61,7
DA:62,7
DA:63,7
DA:64,0
DA:65,0
DA:66,0
DA:67,1
DA:68,1
DA:69,1
DA:70,2
DA:71,2
DA:72,2
DA:73,1
DA:74,1
DA:75,1
DA:76,2
DA:77,2
DA:78,2
DA:79,2
DA:80,2
DA:81,1
DA:82,1
DA:83,2
DA:84,2
DA:85,2
DA:86,2
DA:87,2
DA:88,2
DA:89,0
DA:90,0
DA:91,0
DA:92,1
DA:93,1
DA:94,1
DA:95,2
DA:96,2
DA:97,2
DA:98,1
DA:99,1
DA:100,1
DA:101,1
DA:102,1
DA:103,0
DA:104,0
DA:105,0
DA:106,0
DA:107,0
DA:108,0
DA:109,0
DA:110,0
DA:111,0
DA:112,0
DA:113,0
DA:114,0
DA:115,0
DA:116,0
DA:117,0
DA:118,0
DA:119,0
DA:120,0
DA:121,0
DA:122,0
DA:123,0
DA:124,0
DA:125,0
DA:126,0
DA:127,0
DA:128,0
DA:129,0
DA:130,0
DA:131,1
LF:131
LH:97
BRDA:40,0,0,7
BRDA:43,1,0,0
BRDA:45,2,0,0
BRDA:52,3,0,7
BRDA:63,4,0,0
BRDA:69,5,0,2
BRDA:75,6,0,2
BRDA:80,7,0,1
BRDA:80,8,0,1
BRDA:88,9,0,0
BRDA:94,10,0,2
BRDA:98,11,0,1
BRF:12
BRH:8
end_of_record
