{"numFailedTestSuites":3,"numFailedTests":11,"numPassedTestSuites":0,"numPassedTests":3,"numPendingTestSuites":0,"numPendingTests":0,"numRuntimeErrorTestSuites":0,"numTodoTests":0,"numTotalTestSuites":3,"numTotalTests":14,"openHandles":[],"snapshot":{"added":0,"didUpdate":false,"failure":false,"filesAdded":0,"filesRemoved":0,"filesRemovedList":[],"filesUnmatched":0,"filesUpdated":0,"matched":0,"total":0,"unchecked":0,"uncheckedKeysByFile":[],"unmatched":0,"updated":0},"startTime":1758857073252,"success":false,"testResults":[{"assertionResults":[{"ancestorTitles":["Simulations API","POST /api/simulations"],"duration":279,"failureDetails":[{}],"failureMessages":["Error: expected 201 \"Created\", got 400 \"Bad Request\"\n    at Object.<anonymous> (C:\\Desenvolvimento\\financial-planner-case\\financial-planner-backend\\tests\\routes\\simulations.test.ts:141:10)\n    at Promise.then.completed (C:\\Desenvolvimento\\financial-planner-case\\financial-planner-backend\\node_modules\\jest-circus\\build\\utils.js:298:28)\n    at new Promise (<anonymous>)\n    at callAsyncCircusFn (C:\\Desenvolvimento\\financial-planner-case\\financial-planner-backend\\node_modules\\jest-circus\\build\\utils.js:231:10)\n    at _callCircusTest (C:\\Desenvolvimento\\financial-planner-case\\financial-planner-backend\\node_modules\\jest-circus\\build\\run.js:316:40)\n    at processTicksAndRejections (node:internal/process/task_queues:95:5)\n    at async _runTest (C:\\Desenvolvimento\\financial-planner-case\\financial-planner-backend\\node_modules\\jest-circus\\build\\run.js:252:3)\n    at async _runTestsForDescribeBlock (C:\\Desenvolvimento\\financial-planner-case\\financial-planner-backend\\node_modules\\jest-circus\\build\\run.js:126:9)\n    at async _runTestsForDescribeBlock (C:\\Desenvolvimento\\financial-planner-case\\financial-planner-backend\\node_modules\\jest-circus\\build\\run.js:121:9)\n    at async _runTestsForDescribeBlock (C:\\Desenvolvimento\\financial-planner-case\\financial-planner-backend\\node_modules\\jest-circus\\build\\run.js:121:9)\n    at async run (C:\\Desenvolvimento\\financial-planner-case\\financial-planner-backend\\node_modules\\jest-circus\\build\\run.js:71:3)\n    at async runAndTransformResultsToJestFormat (C:\\Desenvolvimento\\financial-planner-case\\financial-planner-backend\\node_modules\\jest-circus\\build\\legacy-code-todo-rewrite\\jestAdapterInit.js:122:21)\n    at async jestAdapter (C:\\Desenvolvimento\\financial-planner-case\\financial-planner-backend\\node_modules\\jest-circus\\build\\legacy-code-todo-rewrite\\jestAdapter.js:79:19)\n    at async runTestInternal (C:\\Desenvolvimento\\financial-planner-case\\financial-planner-backend\\node_modules\\jest-runner\\build\\runTest.js:367:16)\n    at async runTest (C:\\Desenvolvimento\\financial-planner-case\\financial-planner-backend\\node_modules\\jest-runner\\build\\runTest.js:444:34)\n----\n    at Test._assertStatus (C:\\Desenvolvimento\\financial-planner-case\\financial-planner-backend\\node_modules\\supertest\\lib\\test.js:309:14)\n    at C:\\Desenvolvimento\\financial-planner-case\\financial-planner-backend\\node_modules\\supertest\\lib\\test.js:365:13\n    at Test._assertFunction (C:\\Desenvolvimento\\financial-planner-case\\financial-planner-backend\\node_modules\\supertest\\lib\\test.js:342:13)\n    at Test.assert (C:\\Desenvolvimento\\financial-planner-case\\financial-planner-backend\\node_modules\\supertest\\lib\\test.js:195:23)\n    at localAssert (C:\\Desenvolvimento\\financial-planner-case\\financial-planner-backend\\node_modules\\supertest\\lib\\test.js:138:14)\n    at Server.<anonymous> (C:\\Desenvolvimento\\financial-planner-case\\financial-planner-backend\\node_modules\\supertest\\lib\\test.js:152:11)\n    at Object.onceWrapper (node:events:638:28)\n    at Server.emit (node:events:524:28)\n    at Server.emit (node:domain:489:12)\n    at emitCloseNT (node:net:2344:8)\n    at processTicksAndRejections (node:internal/process/task_queues:81:21)"],"fullName":"Simulations API POST /api/simulations deve criar uma nova simulação com sucesso","invocations":1,"location":null,"numPassingAsserts":0,"retryReasons":[],"status":"failed","title":"deve criar uma nova simulação com sucesso"},{"ancestorTitles":["Simulations API","POST /api/simulations"],"duration":129,"failureDetails":[{"matcherResult":{"message":"\u001b[2mexpect(\u001b[22m\u001b[31mreceived\u001b[39m\u001b[2m).\u001b[22mtoHaveProperty\u001b[2m(\u001b[22m\u001b[32mpath\u001b[39m\u001b[2m)\u001b[22m\n\nExpected path: \u001b[32m\"errors\"\u001b[39m\nReceived path: \u001b[31m[]\u001b[39m\n\nReceived value: \u001b[31m{\"message\": \"body/name must NOT have fewer than 3 characters\", \"status\": \"error\"}\u001b[39m","pass":false}}],"failureMessages":["Error: \u001b[2mexpect(\u001b[22m\u001b[31mreceived\u001b[39m\u001b[2m).\u001b[22mtoHaveProperty\u001b[2m(\u001b[22m\u001b[32mpath\u001b[39m\u001b[2m)\u001b[22m\n\nExpected path: \u001b[32m\"errors\"\u001b[39m\nReceived path: \u001b[31m[]\u001b[39m\n\nReceived value: \u001b[31m{\"message\": \"body/name must NOT have fewer than 3 characters\", \"status\": \"error\"}\u001b[39m\n    at Object.<anonymous> (C:\\Desenvolvimento\\financial-planner-case\\financial-planner-backend\\tests\\routes\\simulations.test.ts:184:29)\n    at processTicksAndRejections (node:internal/process/task_queues:95:5)"],"fullName":"Simulations API POST /api/simulations deve retornar erro 400 para dados inválidos","invocations":1,"location":null,"numPassingAsserts":2,"retryReasons":[],"status":"failed","title":"deve retornar erro 400 para dados inválidos"},{"ancestorTitles":["Simulations API","GET /api/simulations"],"duration":122,"failureDetails":[{}],"failureMessages":["Error: expected 201 \"Created\", got 400 \"Bad Request\"\n    at createTestSimulation (C:\\Desenvolvimento\\financial-planner-case\\financial-planner-backend\\tests\\routes\\simulations.test.ts:45:6)\n    at Object.<anonymous> (C:\\Desenvolvimento\\financial-planner-case\\financial-planner-backend\\tests\\routes\\simulations.test.ts:192:33)\n    at Promise.then.completed (C:\\Desenvolvimento\\financial-planner-case\\financial-planner-backend\\node_modules\\jest-circus\\build\\utils.js:298:28)\n    at new Promise (<anonymous>)\n    at callAsyncCircusFn (C:\\Desenvolvimento\\financial-planner-case\\financial-planner-backend\\node_modules\\jest-circus\\build\\utils.js:231:10)\n    at _callCircusTest (C:\\Desenvolvimento\\financial-planner-case\\financial-planner-backend\\node_modules\\jest-circus\\build\\run.js:316:40)\n    at async _runTest (C:\\Desenvolvimento\\financial-planner-case\\financial-planner-backend\\node_modules\\jest-circus\\build\\run.js:252:3)\n    at async _runTestsForDescribeBlock (C:\\Desenvolvimento\\financial-planner-case\\financial-planner-backend\\node_modules\\jest-circus\\build\\run.js:126:9)\n    at async _runTestsForDescribeBlock (C:\\Desenvolvimento\\financial-planner-case\\financial-planner-backend\\node_modules\\jest-circus\\build\\run.js:121:9)\n    at async _runTestsForDescribeBlock (C:\\Desenvolvimento\\financial-planner-case\\financial-planner-backend\\node_modules\\jest-circus\\build\\run.js:121:9)\n    at async run (C:\\Desenvolvimento\\financial-planner-case\\financial-planner-backend\\node_modules\\jest-circus\\build\\run.js:71:3)\n    at async runAndTransformResultsToJestFormat (C:\\Desenvolvimento\\financial-planner-case\\financial-planner-backend\\node_modules\\jest-circus\\build\\legacy-code-todo-rewrite\\jestAdapterInit.js:122:21)\n    at async jestAdapter (C:\\Desenvolvimento\\financial-planner-case\\financial-planner-backend\\node_modules\\jest-circus\\build\\legacy-code-todo-rewrite\\jestAdapter.js:79:19)\n    at async runTestInternal (C:\\Desenvolvimento\\financial-planner-case\\financial-planner-backend\\node_modules\\jest-runner\\build\\runTest.js:367:16)\n    at async runTest (C:\\Desenvolvimento\\financial-planner-case\\financial-planner-backend\\node_modules\\jest-runner\\build\\runTest.js:444:34)\n----\n    at Test._assertStatus (C:\\Desenvolvimento\\financial-planner-case\\financial-planner-backend\\node_modules\\supertest\\lib\\test.js:309:14)\n    at C:\\Desenvolvimento\\financial-planner-case\\financial-planner-backend\\node_modules\\supertest\\lib\\test.js:365:13\n    at Test._assertFunction (C:\\Desenvolvimento\\financial-planner-case\\financial-planner-backend\\node_modules\\supertest\\lib\\test.js:342:13)\n    at Test.assert (C:\\Desenvolvimento\\financial-planner-case\\financial-planner-backend\\node_modules\\supertest\\lib\\test.js:195:23)\n    at localAssert (C:\\Desenvolvimento\\financial-planner-case\\financial-planner-backend\\node_modules\\supertest\\lib\\test.js:138:14)\n    at Server.<anonymous> (C:\\Desenvolvimento\\financial-planner-case\\financial-planner-backend\\node_modules\\supertest\\lib\\test.js:152:11)\n    at Object.onceWrapper (node:events:638:28)\n    at Server.emit (node:events:524:28)\n    at Server.emit (node:domain:489:12)\n    at emitCloseNT (node:net:2344:8)\n    at processTicksAndRejections (node:internal/process/task_queues:81:21)"],"fullName":"Simulations API GET /api/simulations deve listar todas as simulações","invocations":1,"location":null,"numPassingAsserts":0,"retryReasons":[],"status":"failed","title":"deve listar todas as simulações"},{"ancestorTitles":["Simulations API","PUT /api/simulations/:id"],"duration":120,"failureDetails":[{}],"failureMessages":["Error: expected 201 \"Created\", got 400 \"Bad Request\"\n    at createTestSimulation (C:\\Desenvolvimento\\financial-planner-case\\financial-planner-backend\\tests\\routes\\simulations.test.ts:45:6)\n    at Object.<anonymous> (C:\\Desenvolvimento\\financial-planner-case\\financial-planner-backend\\tests\\routes\\simulations.test.ts:220:32)\n    at Promise.then.completed (C:\\Desenvolvimento\\financial-planner-case\\financial-planner-backend\\node_modules\\jest-circus\\build\\utils.js:298:28)\n    at new Promise (<anonymous>)\n    at callAsyncCircusFn (C:\\Desenvolvimento\\financial-planner-case\\financial-planner-backend\\node_modules\\jest-circus\\build\\utils.js:231:10)\n    at _callCircusTest (C:\\Desenvolvimento\\financial-planner-case\\financial-planner-backend\\node_modules\\jest-circus\\build\\run.js:316:40)\n    at async _runTest (C:\\Desenvolvimento\\financial-planner-case\\financial-planner-backend\\node_modules\\jest-circus\\build\\run.js:252:3)\n    at async _runTestsForDescribeBlock (C:\\Desenvolvimento\\financial-planner-case\\financial-planner-backend\\node_modules\\jest-circus\\build\\run.js:126:9)\n    at async _runTestsForDescribeBlock (C:\\Desenvolvimento\\financial-planner-case\\financial-planner-backend\\node_modules\\jest-circus\\build\\run.js:121:9)\n    at async _runTestsForDescribeBlock (C:\\Desenvolvimento\\financial-planner-case\\financial-planner-backend\\node_modules\\jest-circus\\build\\run.js:121:9)\n    at async run (C:\\Desenvolvimento\\financial-planner-case\\financial-planner-backend\\node_modules\\jest-circus\\build\\run.js:71:3)\n    at async runAndTransformResultsToJestFormat (C:\\Desenvolvimento\\financial-planner-case\\financial-planner-backend\\node_modules\\jest-circus\\build\\legacy-code-todo-rewrite\\jestAdapterInit.js:122:21)\n    at async jestAdapter (C:\\Desenvolvimento\\financial-planner-case\\financial-planner-backend\\node_modules\\jest-circus\\build\\legacy-code-todo-rewrite\\jestAdapter.js:79:19)\n    at async runTestInternal (C:\\Desenvolvimento\\financial-planner-case\\financial-planner-backend\\node_modules\\jest-runner\\build\\runTest.js:367:16)\n    at async runTest (C:\\Desenvolvimento\\financial-planner-case\\financial-planner-backend\\node_modules\\jest-runner\\build\\runTest.js:444:34)\n----\n    at Test._assertStatus (C:\\Desenvolvimento\\financial-planner-case\\financial-planner-backend\\node_modules\\supertest\\lib\\test.js:309:14)\n    at C:\\Desenvolvimento\\financial-planner-case\\financial-planner-backend\\node_modules\\supertest\\lib\\test.js:365:13\n    at Test._assertFunction (C:\\Desenvolvimento\\financial-planner-case\\financial-planner-backend\\node_modules\\supertest\\lib\\test.js:342:13)\n    at Test.assert (C:\\Desenvolvimento\\financial-planner-case\\financial-planner-backend\\node_modules\\supertest\\lib\\test.js:195:23)\n    at localAssert (C:\\Desenvolvimento\\financial-planner-case\\financial-planner-backend\\node_modules\\supertest\\lib\\test.js:138:14)\n    at Server.<anonymous> (C:\\Desenvolvimento\\financial-planner-case\\financial-planner-backend\\node_modules\\supertest\\lib\\test.js:152:11)\n    at Object.onceWrapper (node:events:638:28)\n    at Server.emit (node:events:524:28)\n    at Server.emit (node:domain:489:12)\n    at emitCloseNT (node:net:2344:8)\n    at processTicksAndRejections (node:internal/process/task_queues:81:21)"],"fullName":"Simulations API PUT /api/simulations/:id deve atualizar uma simulação existente","invocations":1,"location":null,"numPassingAsserts":0,"retryReasons":[],"status":"failed","title":"deve atualizar uma simulação existente"},{"ancestorTitles":["Simulations API","PUT /api/simulations/:id"],"duration":115,"failureDetails":[{}],"failureMessages":["Error: expected 404 \"Not Found\", got 500 \"Internal Server Error\"\n    at Object.<anonymous> (C:\\Desenvolvimento\\financial-planner-case\\financial-planner-backend\\tests\\routes\\simulations.test.ts:285:10)\n    at Promise.then.completed (C:\\Desenvolvimento\\financial-planner-case\\financial-planner-backend\\node_modules\\jest-circus\\build\\utils.js:298:28)\n    at new Promise (<anonymous>)\n    at callAsyncCircusFn (C:\\Desenvolvimento\\financial-planner-case\\financial-planner-backend\\node_modules\\jest-circus\\build\\utils.js:231:10)\n    at _callCircusTest (C:\\Desenvolvimento\\financial-planner-case\\financial-planner-backend\\node_modules\\jest-circus\\build\\run.js:316:40)\n    at async _runTest (C:\\Desenvolvimento\\financial-planner-case\\financial-planner-backend\\node_modules\\jest-circus\\build\\run.js:252:3)\n    at async _runTestsForDescribeBlock (C:\\Desenvolvimento\\financial-planner-case\\financial-planner-backend\\node_modules\\jest-circus\\build\\run.js:126:9)\n    at async _runTestsForDescribeBlock (C:\\Desenvolvimento\\financial-planner-case\\financial-planner-backend\\node_modules\\jest-circus\\build\\run.js:121:9)\n    at async _runTestsForDescribeBlock (C:\\Desenvolvimento\\financial-planner-case\\financial-planner-backend\\node_modules\\jest-circus\\build\\run.js:121:9)\n    at async run (C:\\Desenvolvimento\\financial-planner-case\\financial-planner-backend\\node_modules\\jest-circus\\build\\run.js:71:3)\n    at async runAndTransformResultsToJestFormat (C:\\Desenvolvimento\\financial-planner-case\\financial-planner-backend\\node_modules\\jest-circus\\build\\legacy-code-todo-rewrite\\jestAdapterInit.js:122:21)\n    at async jestAdapter (C:\\Desenvolvimento\\financial-planner-case\\financial-planner-backend\\node_modules\\jest-circus\\build\\legacy-code-todo-rewrite\\jestAdapter.js:79:19)\n    at async runTestInternal (C:\\Desenvolvimento\\financial-planner-case\\financial-planner-backend\\node_modules\\jest-runner\\build\\runTest.js:367:16)\n    at async runTest (C:\\Desenvolvimento\\financial-planner-case\\financial-planner-backend\\node_modules\\jest-runner\\build\\runTest.js:444:34)\n----\n    at Test._assertStatus (C:\\Desenvolvimento\\financial-planner-case\\financial-planner-backend\\node_modules\\supertest\\lib\\test.js:309:14)\n    at C:\\Desenvolvimento\\financial-planner-case\\financial-planner-backend\\node_modules\\supertest\\lib\\test.js:365:13\n    at Test._assertFunction (C:\\Desenvolvimento\\financial-planner-case\\financial-planner-backend\\node_modules\\supertest\\lib\\test.js:342:13)\n    at Test.assert (C:\\Desenvolvimento\\financial-planner-case\\financial-planner-backend\\node_modules\\supertest\\lib\\test.js:195:23)\n    at localAssert (C:\\Desenvolvimento\\financial-planner-case\\financial-planner-backend\\node_modules\\supertest\\lib\\test.js:138:14)\n    at Server.<anonymous> (C:\\Desenvolvimento\\financial-planner-case\\financial-planner-backend\\node_modules\\supertest\\lib\\test.js:152:11)\n    at Object.onceWrapper (node:events:638:28)\n    at Server.emit (node:events:524:28)\n    at Server.emit (node:domain:489:12)\n    at emitCloseNT (node:net:2344:8)\n    at processTicksAndRejections (node:internal/process/task_queues:81:21)"],"fullName":"Simulations API PUT /api/simulations/:id deve retornar 404 ao tentar atualizar uma simulação inexistente","invocations":1,"location":null,"numPassingAsserts":0,"retryReasons":[],"status":"failed","title":"deve retornar 404 ao tentar atualizar uma simulação inexistente"},{"ancestorTitles":["Simulations API","DELETE /api/simulations/:id"],"duration":119,"failureDetails":[{}],"failureMessages":["Error: expected 201 \"Created\", got 400 \"Bad Request\"\n    at createTestSimulation (C:\\Desenvolvimento\\financial-planner-case\\financial-planner-backend\\tests\\routes\\simulations.test.ts:45:6)\n    at Object.<anonymous> (C:\\Desenvolvimento\\financial-planner-case\\financial-planner-backend\\tests\\routes\\simulations.test.ts:294:32)\n    at Promise.then.completed (C:\\Desenvolvimento\\financial-planner-case\\financial-planner-backend\\node_modules\\jest-circus\\build\\utils.js:298:28)\n    at new Promise (<anonymous>)\n    at callAsyncCircusFn (C:\\Desenvolvimento\\financial-planner-case\\financial-planner-backend\\node_modules\\jest-circus\\build\\utils.js:231:10)\n    at _callCircusTest (C:\\Desenvolvimento\\financial-planner-case\\financial-planner-backend\\node_modules\\jest-circus\\build\\run.js:316:40)\n    at async _runTest (C:\\Desenvolvimento\\financial-planner-case\\financial-planner-backend\\node_modules\\jest-circus\\build\\run.js:252:3)\n    at async _runTestsForDescribeBlock (C:\\Desenvolvimento\\financial-planner-case\\financial-planner-backend\\node_modules\\jest-circus\\build\\run.js:126:9)\n    at async _runTestsForDescribeBlock (C:\\Desenvolvimento\\financial-planner-case\\financial-planner-backend\\node_modules\\jest-circus\\build\\run.js:121:9)\n    at async _runTestsForDescribeBlock (C:\\Desenvolvimento\\financial-planner-case\\financial-planner-backend\\node_modules\\jest-circus\\build\\run.js:121:9)\n    at async run (C:\\Desenvolvimento\\financial-planner-case\\financial-planner-backend\\node_modules\\jest-circus\\build\\run.js:71:3)\n    at async runAndTransformResultsToJestFormat (C:\\Desenvolvimento\\financial-planner-case\\financial-planner-backend\\node_modules\\jest-circus\\build\\legacy-code-todo-rewrite\\jestAdapterInit.js:122:21)\n    at async jestAdapter (C:\\Desenvolvimento\\financial-planner-case\\financial-planner-backend\\node_modules\\jest-circus\\build\\legacy-code-todo-rewrite\\jestAdapter.js:79:19)\n    at async runTestInternal (C:\\Desenvolvimento\\financial-planner-case\\financial-planner-backend\\node_modules\\jest-runner\\build\\runTest.js:367:16)\n    at async runTest (C:\\Desenvolvimento\\financial-planner-case\\financial-planner-backend\\node_modules\\jest-runner\\build\\runTest.js:444:34)\n----\n    at Test._assertStatus (C:\\Desenvolvimento\\financial-planner-case\\financial-planner-backend\\node_modules\\supertest\\lib\\test.js:309:14)\n    at C:\\Desenvolvimento\\financial-planner-case\\financial-planner-backend\\node_modules\\supertest\\lib\\test.js:365:13\n    at Test._assertFunction (C:\\Desenvolvimento\\financial-planner-case\\financial-planner-backend\\node_modules\\supertest\\lib\\test.js:342:13)\n    at Test.assert (C:\\Desenvolvimento\\financial-planner-case\\financial-planner-backend\\node_modules\\supertest\\lib\\test.js:195:23)\n    at localAssert (C:\\Desenvolvimento\\financial-planner-case\\financial-planner-backend\\node_modules\\supertest\\lib\\test.js:138:14)\n    at Server.<anonymous> (C:\\Desenvolvimento\\financial-planner-case\\financial-planner-backend\\node_modules\\supertest\\lib\\test.js:152:11)\n    at Object.onceWrapper (node:events:638:28)\n    at Server.emit (node:events:524:28)\n    at Server.emit (node:domain:489:12)\n    at emitCloseNT (node:net:2344:8)\n    at processTicksAndRejections (node:internal/process/task_queues:81:21)"],"fullName":"Simulations API DELETE /api/simulations/:id deve excluir uma simulação existente","invocations":1,"location":null,"numPassingAsserts":0,"retryReasons":[],"status":"failed","title":"deve excluir uma simulação existente"},{"ancestorTitles":["Simulations API","DELETE /api/simulations/:id"],"duration":120,"failureDetails":[{}],"failureMessages":["Error: expected 404 \"Not Found\", got 500 \"Internal Server Error\"\n    at Object.<anonymous> (C:\\Desenvolvimento\\financial-planner-case\\financial-planner-backend\\tests\\routes\\simulations.test.ts:331:10)\n    at Promise.then.completed (C:\\Desenvolvimento\\financial-planner-case\\financial-planner-backend\\node_modules\\jest-circus\\build\\utils.js:298:28)\n    at new Promise (<anonymous>)\n    at callAsyncCircusFn (C:\\Desenvolvimento\\financial-planner-case\\financial-planner-backend\\node_modules\\jest-circus\\build\\utils.js:231:10)\n    at _callCircusTest (C:\\Desenvolvimento\\financial-planner-case\\financial-planner-backend\\node_modules\\jest-circus\\build\\run.js:316:40)\n    at async _runTest (C:\\Desenvolvimento\\financial-planner-case\\financial-planner-backend\\node_modules\\jest-circus\\build\\run.js:252:3)\n    at async _runTestsForDescribeBlock (C:\\Desenvolvimento\\financial-planner-case\\financial-planner-backend\\node_modules\\jest-circus\\build\\run.js:126:9)\n    at async _runTestsForDescribeBlock (C:\\Desenvolvimento\\financial-planner-case\\financial-planner-backend\\node_modules\\jest-circus\\build\\run.js:121:9)\n    at async _runTestsForDescribeBlock (C:\\Desenvolvimento\\financial-planner-case\\financial-planner-backend\\node_modules\\jest-circus\\build\\run.js:121:9)\n    at async run (C:\\Desenvolvimento\\financial-planner-case\\financial-planner-backend\\node_modules\\jest-circus\\build\\run.js:71:3)\n    at async runAndTransformResultsToJestFormat (C:\\Desenvolvimento\\financial-planner-case\\financial-planner-backend\\node_modules\\jest-circus\\build\\legacy-code-todo-rewrite\\jestAdapterInit.js:122:21)\n    at async jestAdapter (C:\\Desenvolvimento\\financial-planner-case\\financial-planner-backend\\node_modules\\jest-circus\\build\\legacy-code-todo-rewrite\\jestAdapter.js:79:19)\n    at async runTestInternal (C:\\Desenvolvimento\\financial-planner-case\\financial-planner-backend\\node_modules\\jest-runner\\build\\runTest.js:367:16)\n    at async runTest (C:\\Desenvolvimento\\financial-planner-case\\financial-planner-backend\\node_modules\\jest-runner\\build\\runTest.js:444:34)\n----\n    at Test._assertStatus (C:\\Desenvolvimento\\financial-planner-case\\financial-planner-backend\\node_modules\\supertest\\lib\\test.js:309:14)\n    at C:\\Desenvolvimento\\financial-planner-case\\financial-planner-backend\\node_modules\\supertest\\lib\\test.js:365:13\n    at Test._assertFunction (C:\\Desenvolvimento\\financial-planner-case\\financial-planner-backend\\node_modules\\supertest\\lib\\test.js:342:13)\n    at Test.assert (C:\\Desenvolvimento\\financial-planner-case\\financial-planner-backend\\node_modules\\supertest\\lib\\test.js:195:23)\n    at localAssert (C:\\Desenvolvimento\\financial-planner-case\\financial-planner-backend\\node_modules\\supertest\\lib\\test.js:138:14)\n    at Server.<anonymous> (C:\\Desenvolvimento\\financial-planner-case\\financial-planner-backend\\node_modules\\supertest\\lib\\test.js:152:11)\n    at Object.onceWrapper (node:events:638:28)\n    at Server.emit (node:events:524:28)\n    at Server.emit (node:domain:489:12)\n    at emitCloseNT (node:net:2344:8)\n    at processTicksAndRejections (node:internal/process/task_queues:81:21)"],"fullName":"Simulations API DELETE /api/simulations/:id deve retornar 404 ao tentar excluir uma simulação inexistente","invocations":1,"location":null,"numPassingAsserts":0,"retryReasons":[],"status":"failed","title":"deve retornar 404 ao tentar excluir uma simulação inexistente"},{"ancestorTitles":["Simulations API","POST /api/projections"],"duration":192,"failureDetails":[{}],"failureMessages":["Error: expected 201 \"Created\", got 400 \"Bad Request\"\n    at createTestSimulation (C:\\Desenvolvimento\\financial-planner-case\\financial-planner-backend\\tests\\routes\\simulations.test.ts:45:6)\n    at Object.<anonymous> (C:\\Desenvolvimento\\financial-planner-case\\financial-planner-backend\\tests\\routes\\simulations.test.ts:341:32)\n    at Promise.then.completed (C:\\Desenvolvimento\\financial-planner-case\\financial-planner-backend\\node_modules\\jest-circus\\build\\utils.js:298:28)\n    at new Promise (<anonymous>)\n    at callAsyncCircusFn (C:\\Desenvolvimento\\financial-planner-case\\financial-planner-backend\\node_modules\\jest-circus\\build\\utils.js:231:10)\n    at _callCircusTest (C:\\Desenvolvimento\\financial-planner-case\\financial-planner-backend\\node_modules\\jest-circus\\build\\run.js:316:40)\n    at async _runTest (C:\\Desenvolvimento\\financial-planner-case\\financial-planner-backend\\node_modules\\jest-circus\\build\\run.js:252:3)\n    at async _runTestsForDescribeBlock (C:\\Desenvolvimento\\financial-planner-case\\financial-planner-backend\\node_modules\\jest-circus\\build\\run.js:126:9)\n    at async _runTestsForDescribeBlock (C:\\Desenvolvimento\\financial-planner-case\\financial-planner-backend\\node_modules\\jest-circus\\build\\run.js:121:9)\n    at async _runTestsForDescribeBlock (C:\\Desenvolvimento\\financial-planner-case\\financial-planner-backend\\node_modules\\jest-circus\\build\\run.js:121:9)\n    at async run (C:\\Desenvolvimento\\financial-planner-case\\financial-planner-backend\\node_modules\\jest-circus\\build\\run.js:71:3)\n    at async runAndTransformResultsToJestFormat (C:\\Desenvolvimento\\financial-planner-case\\financial-planner-backend\\node_modules\\jest-circus\\build\\legacy-code-todo-rewrite\\jestAdapterInit.js:122:21)\n    at async jestAdapter (C:\\Desenvolvimento\\financial-planner-case\\financial-planner-backend\\node_modules\\jest-circus\\build\\legacy-code-todo-rewrite\\jestAdapter.js:79:19)\n    at async runTestInternal (C:\\Desenvolvimento\\financial-planner-case\\financial-planner-backend\\node_modules\\jest-runner\\build\\runTest.js:367:16)\n    at async runTest (C:\\Desenvolvimento\\financial-planner-case\\financial-planner-backend\\node_modules\\jest-runner\\build\\runTest.js:444:34)\n----\n    at Test._assertStatus (C:\\Desenvolvimento\\financial-planner-case\\financial-planner-backend\\node_modules\\supertest\\lib\\test.js:309:14)\n    at C:\\Desenvolvimento\\financial-planner-case\\financial-planner-backend\\node_modules\\supertest\\lib\\test.js:365:13\n    at Test._assertFunction (C:\\Desenvolvimento\\financial-planner-case\\financial-planner-backend\\node_modules\\supertest\\lib\\test.js:342:13)\n    at Test.assert (C:\\Desenvolvimento\\financial-planner-case\\financial-planner-backend\\node_modules\\supertest\\lib\\test.js:195:23)\n    at localAssert (C:\\Desenvolvimento\\financial-planner-case\\financial-planner-backend\\node_modules\\supertest\\lib\\test.js:138:14)\n    at Server.<anonymous> (C:\\Desenvolvimento\\financial-planner-case\\financial-planner-backend\\node_modules\\supertest\\lib\\test.js:152:11)\n    at Object.onceWrapper (node:events:638:28)\n    at Server.emit (node:events:524:28)\n    at Server.emit (node:domain:489:12)\n    at emitCloseNT (node:net:2344:8)\n    at processTicksAndRejections (node:internal/process/task_queues:81:21)"],"fullName":"Simulations API POST /api/projections deve calcular uma projeção com base nos parâmetros fornecidos","invocations":1,"location":null,"numPassingAsserts":0,"retryReasons":[],"status":"failed","title":"deve calcular uma projeção com base nos parâmetros fornecidos"}],"endTime":1758857080188,"message":"\u001b[1m\u001b[31m  \u001b[1m● \u001b[22m\u001b[1mSimulations API › POST /api/simulations › deve criar uma nova simulação com sucesso\u001b[39m\u001b[22m\n\n    expected 201 \"Created\", got 400 \"Bad Request\"\n\u001b[2m\u001b[22m\n\u001b[2m    \u001b[0m \u001b[90m 139 |\u001b[39m         \u001b[33m.\u001b[39msend(validatedInput)\u001b[22m\n\u001b[2m     \u001b[90m 140 |\u001b[39m         \u001b[33m.\u001b[39mexpect(\u001b[32m'Content-Type'\u001b[39m\u001b[33m,\u001b[39m \u001b[35m/json/\u001b[39m)\u001b[22m\n\u001b[2m    \u001b[31m\u001b[1m>\u001b[22m\u001b[2m\u001b[39m\u001b[90m 141 |\u001b[39m         \u001b[33m.\u001b[39mexpect(\u001b[35m201\u001b[39m)\u001b[33m;\u001b[39m\u001b[22m\n\u001b[2m     \u001b[90m     |\u001b[39m          \u001b[31m\u001b[1m^\u001b[22m\u001b[2m\u001b[39m\u001b[22m\n\u001b[2m     \u001b[90m 142 |\u001b[39m\u001b[22m\n\u001b[2m     \u001b[90m 143 |\u001b[39m       \u001b[90m// Valida o esquema da resposta\u001b[39m\u001b[22m\n\u001b[2m     \u001b[90m 144 |\u001b[39m       \u001b[36mconst\u001b[39m validatedResponse \u001b[33m=\u001b[39m \u001b[33mSimulationSchema\u001b[39m\u001b[33m.\u001b[39mparse(response\u001b[33m.\u001b[39mbody)\u001b[33m;\u001b[39m\u001b[0m\u001b[22m\n\u001b[2m\u001b[22m\n\u001b[2m      \u001b[2mat Object.<anonymous> (\u001b[22m\u001b[2m\u001b[0m\u001b[36mtests/routes/simulations.test.ts\u001b[39m\u001b[0m\u001b[2m:141:10)\u001b[22m\u001b[2m\u001b[22m\n\u001b[2m      ----\u001b[22m\n\u001b[2m      \u001b[2mat Test._assertStatus (\u001b[22m\u001b[2mnode_modules/supertest/lib/test.js\u001b[2m:309:14)\u001b[22m\u001b[2m\u001b[22m\n\u001b[2m      \u001b[2mat \u001b[22m\u001b[2mnode_modules/supertest/lib/test.js\u001b[2m:365:13\u001b[22m\u001b[2m\u001b[22m\n\u001b[2m      \u001b[2mat Test._assertFunction (\u001b[22m\u001b[2mnode_modules/supertest/lib/test.js\u001b[2m:342:13)\u001b[22m\u001b[2m\u001b[22m\n\u001b[2m      \u001b[2mat Test.assert (\u001b[22m\u001b[2mnode_modules/supertest/lib/test.js\u001b[2m:195:23)\u001b[22m\u001b[2m\u001b[22m\n\u001b[2m      \u001b[2mat localAssert (\u001b[22m\u001b[2mnode_modules/supertest/lib/test.js\u001b[2m:138:14)\u001b[22m\u001b[2m\u001b[22m\n\u001b[2m      \u001b[2mat Server.<anonymous> (\u001b[22m\u001b[2mnode_modules/supertest/lib/test.js\u001b[2m:152:11)\u001b[22m\u001b[2m\u001b[22m\n\n\u001b[1m\u001b[31m  \u001b[1m● \u001b[22m\u001b[1mSimulations API › POST /api/simulations › deve retornar erro 400 para dados inválidos\u001b[39m\u001b[22m\n\n    \u001b[2mexpect(\u001b[22m\u001b[31mreceived\u001b[39m\u001b[2m).\u001b[22mtoHaveProperty\u001b[2m(\u001b[22m\u001b[32mpath\u001b[39m\u001b[2m)\u001b[22m\n\n    Expected path: \u001b[32m\"errors\"\u001b[39m\n    Received path: \u001b[31m[]\u001b[39m\n\n    Received value: \u001b[31m{\"message\": \"body/name must NOT have fewer than 3 characters\", \"status\": \"error\"}\u001b[39m\n\u001b[2m\u001b[22m\n\u001b[2m    \u001b[0m \u001b[90m 182 |\u001b[39m       expect(\u001b[36mtypeof\u001b[39m response\u001b[33m.\u001b[39mbody\u001b[33m.\u001b[39mmessage)\u001b[33m.\u001b[39mtoBe(\u001b[32m'string'\u001b[39m)\u001b[33m;\u001b[39m\u001b[22m\n\u001b[2m     \u001b[90m 183 |\u001b[39m       \u001b[90m// Verifica se há detalhes de validação\u001b[39m\u001b[22m\n\u001b[2m    \u001b[31m\u001b[1m>\u001b[22m\u001b[2m\u001b[39m\u001b[90m 184 |\u001b[39m       expect(response\u001b[33m.\u001b[39mbody)\u001b[33m.\u001b[39mtoHaveProperty(\u001b[32m'errors'\u001b[39m)\u001b[33m;\u001b[39m\u001b[22m\n\u001b[2m     \u001b[90m     |\u001b[39m                             \u001b[31m\u001b[1m^\u001b[22m\u001b[2m\u001b[39m\u001b[22m\n\u001b[2m     \u001b[90m 185 |\u001b[39m       expect(\u001b[33mArray\u001b[39m\u001b[33m.\u001b[39misArray(response\u001b[33m.\u001b[39mbody\u001b[33m.\u001b[39merrors))\u001b[33m.\u001b[39mtoBe(\u001b[36mtrue\u001b[39m)\u001b[33m;\u001b[39m\u001b[22m\n\u001b[2m     \u001b[90m 186 |\u001b[39m     })\u001b[33m;\u001b[39m\u001b[22m\n\u001b[2m     \u001b[90m 187 |\u001b[39m   })\u001b[33m;\u001b[39m\u001b[0m\u001b[22m\n\u001b[2m\u001b[22m\n\u001b[2m      \u001b[2mat Object.<anonymous> (\u001b[22m\u001b[2m\u001b[0m\u001b[36mtests/routes/simulations.test.ts\u001b[39m\u001b[0m\u001b[2m:184:29)\u001b[22m\u001b[2m\u001b[22m\n\n\u001b[1m\u001b[31m  \u001b[1m● \u001b[22m\u001b[1mSimulations API › GET /api/simulations › deve listar todas as simulações\u001b[39m\u001b[22m\n\n    expected 201 \"Created\", got 400 \"Bad Request\"\n\u001b[2m\u001b[22m\n\u001b[2m    \u001b[0m \u001b[90m 43 |\u001b[39m     \u001b[33m.\u001b[39msend(simulationData)\u001b[22m\n\u001b[2m     \u001b[90m 44 |\u001b[39m     \u001b[33m.\u001b[39mexpect(\u001b[32m'Content-Type'\u001b[39m\u001b[33m,\u001b[39m \u001b[35m/json/\u001b[39m)\u001b[22m\n\u001b[2m    \u001b[31m\u001b[1m>\u001b[22m\u001b[2m\u001b[39m\u001b[90m 45 |\u001b[39m     \u001b[33m.\u001b[39mexpect(\u001b[35m201\u001b[39m)\u001b[33m;\u001b[39m\u001b[22m\n\u001b[2m     \u001b[90m    |\u001b[39m      \u001b[31m\u001b[1m^\u001b[22m\u001b[2m\u001b[39m\u001b[22m\n\u001b[2m     \u001b[90m 46 |\u001b[39m   \u001b[22m\n\u001b[2m     \u001b[90m 47 |\u001b[39m   \u001b[90m// Valida o formato da resposta\u001b[39m\u001b[22m\n\u001b[2m     \u001b[90m 48 |\u001b[39m   \u001b[36mconst\u001b[39m parsed \u001b[33m=\u001b[39m \u001b[33mSimulationSchema\u001b[39m\u001b[33m.\u001b[39msafeParse(response\u001b[33m.\u001b[39mbody)\u001b[33m;\u001b[39m\u001b[0m\u001b[22m\n\u001b[2m\u001b[22m\n\u001b[2m      \u001b[2mat createTestSimulation (\u001b[22m\u001b[2m\u001b[0m\u001b[36mtests/routes/simulations.test.ts\u001b[39m\u001b[0m\u001b[2m:45:6)\u001b[22m\u001b[2m\u001b[22m\n\u001b[2m      \u001b[2mat Object.<anonymous> (\u001b[22m\u001b[2m\u001b[0m\u001b[36mtests/routes/simulations.test.ts\u001b[39m\u001b[0m\u001b[2m:192:33)\u001b[22m\u001b[2m\u001b[22m\n\u001b[2m      ----\u001b[22m\n\u001b[2m      \u001b[2mat Test._assertStatus (\u001b[22m\u001b[2mnode_modules/supertest/lib/test.js\u001b[2m:309:14)\u001b[22m\u001b[2m\u001b[22m\n\u001b[2m      \u001b[2mat \u001b[22m\u001b[2mnode_modules/supertest/lib/test.js\u001b[2m:365:13\u001b[22m\u001b[2m\u001b[22m\n\u001b[2m      \u001b[2mat Test._assertFunction (\u001b[22m\u001b[2mnode_modules/supertest/lib/test.js\u001b[2m:342:13)\u001b[22m\u001b[2m\u001b[22m\n\u001b[2m      \u001b[2mat Test.assert (\u001b[22m\u001b[2mnode_modules/supertest/lib/test.js\u001b[2m:195:23)\u001b[22m\u001b[2m\u001b[22m\n\u001b[2m      \u001b[2mat localAssert (\u001b[22m\u001b[2mnode_modules/supertest/lib/test.js\u001b[2m:138:14)\u001b[22m\u001b[2m\u001b[22m\n\u001b[2m      \u001b[2mat Server.<anonymous> (\u001b[22m\u001b[2mnode_modules/supertest/lib/test.js\u001b[2m:152:11)\u001b[22m\u001b[2m\u001b[22m\n\n\u001b[1m\u001b[31m  \u001b[1m● \u001b[22m\u001b[1mSimulations API › PUT /api/simulations/:id › deve atualizar uma simulação existente\u001b[39m\u001b[22m\n\n    expected 201 \"Created\", got 400 \"Bad Request\"\n\u001b[2m\u001b[22m\n\u001b[2m    \u001b[0m \u001b[90m 43 |\u001b[39m     \u001b[33m.\u001b[39msend(simulationData)\u001b[22m\n\u001b[2m     \u001b[90m 44 |\u001b[39m     \u001b[33m.\u001b[39mexpect(\u001b[32m'Content-Type'\u001b[39m\u001b[33m,\u001b[39m \u001b[35m/json/\u001b[39m)\u001b[22m\n\u001b[2m    \u001b[31m\u001b[1m>\u001b[22m\u001b[2m\u001b[39m\u001b[90m 45 |\u001b[39m     \u001b[33m.\u001b[39mexpect(\u001b[35m201\u001b[39m)\u001b[33m;\u001b[39m\u001b[22m\n\u001b[2m     \u001b[90m    |\u001b[39m      \u001b[31m\u001b[1m^\u001b[22m\u001b[2m\u001b[39m\u001b[22m\n\u001b[2m     \u001b[90m 46 |\u001b[39m   \u001b[22m\n\u001b[2m     \u001b[90m 47 |\u001b[39m   \u001b[90m// Valida o formato da resposta\u001b[39m\u001b[22m\n\u001b[2m     \u001b[90m 48 |\u001b[39m   \u001b[36mconst\u001b[39m parsed \u001b[33m=\u001b[39m \u001b[33mSimulationSchema\u001b[39m\u001b[33m.\u001b[39msafeParse(response\u001b[33m.\u001b[39mbody)\u001b[33m;\u001b[39m\u001b[0m\u001b[22m\n\u001b[2m\u001b[22m\n\u001b[2m      \u001b[2mat createTestSimulation (\u001b[22m\u001b[2m\u001b[0m\u001b[36mtests/routes/simulations.test.ts\u001b[39m\u001b[0m\u001b[2m:45:6)\u001b[22m\u001b[2m\u001b[22m\n\u001b[2m      \u001b[2mat Object.<anonymous> (\u001b[22m\u001b[2m\u001b[0m\u001b[36mtests/routes/simulations.test.ts\u001b[39m\u001b[0m\u001b[2m:220:32)\u001b[22m\u001b[2m\u001b[22m\n\u001b[2m      ----\u001b[22m\n\u001b[2m      \u001b[2mat Test._assertStatus (\u001b[22m\u001b[2mnode_modules/supertest/lib/test.js\u001b[2m:309:14)\u001b[22m\u001b[2m\u001b[22m\n\u001b[2m      \u001b[2mat \u001b[22m\u001b[2mnode_modules/supertest/lib/test.js\u001b[2m:365:13\u001b[22m\u001b[2m\u001b[22m\n\u001b[2m      \u001b[2mat Test._assertFunction (\u001b[22m\u001b[2mnode_modules/supertest/lib/test.js\u001b[2m:342:13)\u001b[22m\u001b[2m\u001b[22m\n\u001b[2m      \u001b[2mat Test.assert (\u001b[22m\u001b[2mnode_modules/supertest/lib/test.js\u001b[2m:195:23)\u001b[22m\u001b[2m\u001b[22m\n\u001b[2m      \u001b[2mat localAssert (\u001b[22m\u001b[2mnode_modules/supertest/lib/test.js\u001b[2m:138:14)\u001b[22m\u001b[2m\u001b[22m\n\u001b[2m      \u001b[2mat Server.<anonymous> (\u001b[22m\u001b[2mnode_modules/supertest/lib/test.js\u001b[2m:152:11)\u001b[22m\u001b[2m\u001b[22m\n\n\u001b[1m\u001b[31m  \u001b[1m● \u001b[22m\u001b[1mSimulations API › PUT /api/simulations/:id › deve retornar 404 ao tentar atualizar uma simulação inexistente\u001b[39m\u001b[22m\n\n    expected 404 \"Not Found\", got 500 \"Internal Server Error\"\n\u001b[2m\u001b[22m\n\u001b[2m    \u001b[0m \u001b[90m 283 |\u001b[39m         })\u001b[22m\n\u001b[2m     \u001b[90m 284 |\u001b[39m         \u001b[33m.\u001b[39mexpect(\u001b[32m'Content-Type'\u001b[39m\u001b[33m,\u001b[39m \u001b[35m/json/\u001b[39m)\u001b[22m\n\u001b[2m    \u001b[31m\u001b[1m>\u001b[22m\u001b[2m\u001b[39m\u001b[90m 285 |\u001b[39m         \u001b[33m.\u001b[39mexpect(\u001b[35m404\u001b[39m)\u001b[33m;\u001b[39m\u001b[22m\n\u001b[2m     \u001b[90m     |\u001b[39m          \u001b[31m\u001b[1m^\u001b[22m\u001b[2m\u001b[39m\u001b[22m\n\u001b[2m     \u001b[90m 286 |\u001b[39m\u001b[22m\n\u001b[2m     \u001b[90m 287 |\u001b[39m       expect(response\u001b[33m.\u001b[39mbody)\u001b[33m.\u001b[39mtoHaveProperty(\u001b[32m'message'\u001b[39m)\u001b[33m;\u001b[39m\u001b[22m\n\u001b[2m     \u001b[90m 288 |\u001b[39m       expect(response\u001b[33m.\u001b[39mbody\u001b[33m.\u001b[39mmessage)\u001b[33m.\u001b[39mtoMatch(\u001b[35m/não encontrada|não encontrado/i\u001b[39m)\u001b[33m;\u001b[39m\u001b[0m\u001b[22m\n\u001b[2m\u001b[22m\n\u001b[2m      \u001b[2mat Object.<anonymous> (\u001b[22m\u001b[2m\u001b[0m\u001b[36mtests/routes/simulations.test.ts\u001b[39m\u001b[0m\u001b[2m:285:10)\u001b[22m\u001b[2m\u001b[22m\n\u001b[2m      ----\u001b[22m\n\u001b[2m      \u001b[2mat Test._assertStatus (\u001b[22m\u001b[2mnode_modules/supertest/lib/test.js\u001b[2m:309:14)\u001b[22m\u001b[2m\u001b[22m\n\u001b[2m      \u001b[2mat \u001b[22m\u001b[2mnode_modules/supertest/lib/test.js\u001b[2m:365:13\u001b[22m\u001b[2m\u001b[22m\n\u001b[2m      \u001b[2mat Test._assertFunction (\u001b[22m\u001b[2mnode_modules/supertest/lib/test.js\u001b[2m:342:13)\u001b[22m\u001b[2m\u001b[22m\n\u001b[2m      \u001b[2mat Test.assert (\u001b[22m\u001b[2mnode_modules/supertest/lib/test.js\u001b[2m:195:23)\u001b[22m\u001b[2m\u001b[22m\n\u001b[2m      \u001b[2mat localAssert (\u001b[22m\u001b[2mnode_modules/supertest/lib/test.js\u001b[2m:138:14)\u001b[22m\u001b[2m\u001b[22m\n\u001b[2m      \u001b[2mat Server.<anonymous> (\u001b[22m\u001b[2mnode_modules/supertest/lib/test.js\u001b[2m:152:11)\u001b[22m\u001b[2m\u001b[22m\n\n\u001b[1m\u001b[31m  \u001b[1m● \u001b[22m\u001b[1mSimulations API › DELETE /api/simulations/:id › deve excluir uma simulação existente\u001b[39m\u001b[22m\n\n    expected 201 \"Created\", got 400 \"Bad Request\"\n\u001b[2m\u001b[22m\n\u001b[2m    \u001b[0m \u001b[90m 43 |\u001b[39m     \u001b[33m.\u001b[39msend(simulationData)\u001b[22m\n\u001b[2m     \u001b[90m 44 |\u001b[39m     \u001b[33m.\u001b[39mexpect(\u001b[32m'Content-Type'\u001b[39m\u001b[33m,\u001b[39m \u001b[35m/json/\u001b[39m)\u001b[22m\n\u001b[2m    \u001b[31m\u001b[1m>\u001b[22m\u001b[2m\u001b[39m\u001b[90m 45 |\u001b[39m     \u001b[33m.\u001b[39mexpect(\u001b[35m201\u001b[39m)\u001b[33m;\u001b[39m\u001b[22m\n\u001b[2m     \u001b[90m    |\u001b[39m      \u001b[31m\u001b[1m^\u001b[22m\u001b[2m\u001b[39m\u001b[22m\n\u001b[2m     \u001b[90m 46 |\u001b[39m   \u001b[22m\n\u001b[2m     \u001b[90m 47 |\u001b[39m   \u001b[90m// Valida o formato da resposta\u001b[39m\u001b[22m\n\u001b[2m     \u001b[90m 48 |\u001b[39m   \u001b[36mconst\u001b[39m parsed \u001b[33m=\u001b[39m \u001b[33mSimulationSchema\u001b[39m\u001b[33m.\u001b[39msafeParse(response\u001b[33m.\u001b[39mbody)\u001b[33m;\u001b[39m\u001b[0m\u001b[22m\n\u001b[2m\u001b[22m\n\u001b[2m      \u001b[2mat createTestSimulation (\u001b[22m\u001b[2m\u001b[0m\u001b[36mtests/routes/simulations.test.ts\u001b[39m\u001b[0m\u001b[2m:45:6)\u001b[22m\u001b[2m\u001b[22m\n\u001b[2m      \u001b[2mat Object.<anonymous> (\u001b[22m\u001b[2m\u001b[0m\u001b[36mtests/routes/simulations.test.ts\u001b[39m\u001b[0m\u001b[2m:294:32)\u001b[22m\u001b[2m\u001b[22m\n\u001b[2m      ----\u001b[22m\n\u001b[2m      \u001b[2mat Test._assertStatus (\u001b[22m\u001b[2mnode_modules/supertest/lib/test.js\u001b[2m:309:14)\u001b[22m\u001b[2m\u001b[22m\n\u001b[2m      \u001b[2mat \u001b[22m\u001b[2mnode_modules/supertest/lib/test.js\u001b[2m:365:13\u001b[22m\u001b[2m\u001b[22m\n\u001b[2m      \u001b[2mat Test._assertFunction (\u001b[22m\u001b[2mnode_modules/supertest/lib/test.js\u001b[2m:342:13)\u001b[22m\u001b[2m\u001b[22m\n\u001b[2m      \u001b[2mat Test.assert (\u001b[22m\u001b[2mnode_modules/supertest/lib/test.js\u001b[2m:195:23)\u001b[22m\u001b[2m\u001b[22m\n\u001b[2m      \u001b[2mat localAssert (\u001b[22m\u001b[2mnode_modules/supertest/lib/test.js\u001b[2m:138:14)\u001b[22m\u001b[2m\u001b[22m\n\u001b[2m      \u001b[2mat Server.<anonymous> (\u001b[22m\u001b[2mnode_modules/supertest/lib/test.js\u001b[2m:152:11)\u001b[22m\u001b[2m\u001b[22m\n\n\u001b[1m\u001b[31m  \u001b[1m● \u001b[22m\u001b[1mSimulations API › DELETE /api/simulations/:id › deve retornar 404 ao tentar excluir uma simulação inexistente\u001b[39m\u001b[22m\n\n    expected 404 \"Not Found\", got 500 \"Internal Server Error\"\n\u001b[2m\u001b[22m\n\u001b[2m    \u001b[0m \u001b[90m 329 |\u001b[39m         \u001b[33m.\u001b[39m\u001b[36mdelete\u001b[39m(\u001b[32m`/api/simulations/${nonExistentId}`\u001b[39m)\u001b[22m\n\u001b[2m     \u001b[90m 330 |\u001b[39m         \u001b[33m.\u001b[39mexpect(\u001b[32m'Content-Type'\u001b[39m\u001b[33m,\u001b[39m \u001b[35m/json/\u001b[39m)\u001b[22m\n\u001b[2m    \u001b[31m\u001b[1m>\u001b[22m\u001b[2m\u001b[39m\u001b[90m 331 |\u001b[39m         \u001b[33m.\u001b[39mexpect(\u001b[35m404\u001b[39m)\u001b[33m;\u001b[39m\u001b[22m\n\u001b[2m     \u001b[90m     |\u001b[39m          \u001b[31m\u001b[1m^\u001b[22m\u001b[2m\u001b[39m\u001b[22m\n\u001b[2m     \u001b[90m 332 |\u001b[39m\u001b[22m\n\u001b[2m     \u001b[90m 333 |\u001b[39m       expect(response\u001b[33m.\u001b[39mbody)\u001b[33m.\u001b[39mtoHaveProperty(\u001b[32m'message'\u001b[39m)\u001b[33m;\u001b[39m\u001b[22m\n\u001b[2m     \u001b[90m 334 |\u001b[39m       expect(response\u001b[33m.\u001b[39mbody\u001b[33m.\u001b[39mmessage)\u001b[33m.\u001b[39mtoMatch(\u001b[35m/não encontrada|não encontrado/i\u001b[39m)\u001b[33m;\u001b[39m\u001b[0m\u001b[22m\n\u001b[2m\u001b[22m\n\u001b[2m      \u001b[2mat Object.<anonymous> (\u001b[22m\u001b[2m\u001b[0m\u001b[36mtests/routes/simulations.test.ts\u001b[39m\u001b[0m\u001b[2m:331:10)\u001b[22m\u001b[2m\u001b[22m\n\u001b[2m      ----\u001b[22m\n\u001b[2m      \u001b[2mat Test._assertStatus (\u001b[22m\u001b[2mnode_modules/supertest/lib/test.js\u001b[2m:309:14)\u001b[22m\u001b[2m\u001b[22m\n\u001b[2m      \u001b[2mat \u001b[22m\u001b[2mnode_modules/supertest/lib/test.js\u001b[2m:365:13\u001b[22m\u001b[2m\u001b[22m\n\u001b[2m      \u001b[2mat Test._assertFunction (\u001b[22m\u001b[2mnode_modules/supertest/lib/test.js\u001b[2m:342:13)\u001b[22m\u001b[2m\u001b[22m\n\u001b[2m      \u001b[2mat Test.assert (\u001b[22m\u001b[2mnode_modules/supertest/lib/test.js\u001b[2m:195:23)\u001b[22m\u001b[2m\u001b[22m\n\u001b[2m      \u001b[2mat localAssert (\u001b[22m\u001b[2mnode_modules/supertest/lib/test.js\u001b[2m:138:14)\u001b[22m\u001b[2m\u001b[22m\n\u001b[2m      \u001b[2mat Server.<anonymous> (\u001b[22m\u001b[2mnode_modules/supertest/lib/test.js\u001b[2m:152:11)\u001b[22m\u001b[2m\u001b[22m\n\n\u001b[1m\u001b[31m  \u001b[1m● \u001b[22m\u001b[1mSimulations API › POST /api/projections › deve calcular uma projeção com base nos parâmetros fornecidos\u001b[39m\u001b[22m\n\n    expected 201 \"Created\", got 400 \"Bad Request\"\n\u001b[2m\u001b[22m\n\u001b[2m    \u001b[0m \u001b[90m 43 |\u001b[39m     \u001b[33m.\u001b[39msend(simulationData)\u001b[22m\n\u001b[2m     \u001b[90m 44 |\u001b[39m     \u001b[33m.\u001b[39mexpect(\u001b[32m'Content-Type'\u001b[39m\u001b[33m,\u001b[39m \u001b[35m/json/\u001b[39m)\u001b[22m\n\u001b[2m    \u001b[31m\u001b[1m>\u001b[22m\u001b[2m\u001b[39m\u001b[90m 45 |\u001b[39m     \u001b[33m.\u001b[39mexpect(\u001b[35m201\u001b[39m)\u001b[33m;\u001b[39m\u001b[22m\n\u001b[2m     \u001b[90m    |\u001b[39m      \u001b[31m\u001b[1m^\u001b[22m\u001b[2m\u001b[39m\u001b[22m\n\u001b[2m     \u001b[90m 46 |\u001b[39m   \u001b[22m\n\u001b[2m     \u001b[90m 47 |\u001b[39m   \u001b[90m// Valida o formato da resposta\u001b[39m\u001b[22m\n\u001b[2m     \u001b[90m 48 |\u001b[39m   \u001b[36mconst\u001b[39m parsed \u001b[33m=\u001b[39m \u001b[33mSimulationSchema\u001b[39m\u001b[33m.\u001b[39msafeParse(response\u001b[33m.\u001b[39mbody)\u001b[33m;\u001b[39m\u001b[0m\u001b[22m\n\u001b[2m\u001b[22m\n\u001b[2m      \u001b[2mat createTestSimulation (\u001b[22m\u001b[2m\u001b[0m\u001b[36mtests/routes/simulations.test.ts\u001b[39m\u001b[0m\u001b[2m:45:6)\u001b[22m\u001b[2m\u001b[22m\n\u001b[2m      \u001b[2mat Object.<anonymous> (\u001b[22m\u001b[2m\u001b[0m\u001b[36mtests/routes/simulations.test.ts\u001b[39m\u001b[0m\u001b[2m:341:32)\u001b[22m\u001b[2m\u001b[22m\n\u001b[2m      ----\u001b[22m\n\u001b[2m      \u001b[2mat Test._assertStatus (\u001b[22m\u001b[2mnode_modules/supertest/lib/test.js\u001b[2m:309:14)\u001b[22m\u001b[2m\u001b[22m\n\u001b[2m      \u001b[2mat \u001b[22m\u001b[2mnode_modules/supertest/lib/test.js\u001b[2m:365:13\u001b[22m\u001b[2m\u001b[22m\n\u001b[2m      \u001b[2mat Test._assertFunction (\u001b[22m\u001b[2mnode_modules/supertest/lib/test.js\u001b[2m:342:13)\u001b[22m\u001b[2m\u001b[22m\n\u001b[2m      \u001b[2mat Test.assert (\u001b[22m\u001b[2mnode_modules/supertest/lib/test.js\u001b[2m:195:23)\u001b[22m\u001b[2m\u001b[22m\n\u001b[2m      \u001b[2mat localAssert (\u001b[22m\u001b[2mnode_modules/supertest/lib/test.js\u001b[2m:138:14)\u001b[22m\u001b[2m\u001b[22m\n\u001b[2m      \u001b[2mat Server.<anonymous> (\u001b[22m\u001b[2mnode_modules/supertest/lib/test.js\u001b[2m:152:11)\u001b[22m\u001b[2m\u001b[22m\n","name":"C:\\Desenvolvimento\\financial-planner-case\\financial-planner-backend\\tests\\routes\\simulations.test.ts","startTime":1758857073384,"status":"failed","summary":""},{"assertionResults":[{"ancestorTitles":["Health Check"],"duration":148,"failureDetails":[],"failureMessages":[],"fullName":"Health Check GET /api/health deve retornar 200 OK","invocations":1,"location":null,"numPassingAsserts":1,"retryReasons":[],"status":"passed","title":"GET /api/health deve retornar 200 OK"},{"ancestorTitles":["Health Check"],"duration":130,"failureDetails":[{"matcherResult":{"actual":"Not Found","expected":"Route GET:/rota-que-nao-existe not found","message":"\u001b[2mexpect(\u001b[22m\u001b[31mreceived\u001b[39m\u001b[2m).\u001b[22mtoBe\u001b[2m(\u001b[22m\u001b[32mexpected\u001b[39m\u001b[2m) // Object.is equality\u001b[22m\n\nExpected: \u001b[32m\"\u001b[7mRoute GET:/rota-que-nao-existe n\u001b[27mot \u001b[7mf\u001b[27mound\"\u001b[39m\nReceived: \u001b[31m\"\u001b[7mN\u001b[27mot \u001b[7mF\u001b[27mound\"\u001b[39m","name":"toBe","pass":false}}],"failureMessages":["Error: \u001b[2mexpect(\u001b[22m\u001b[31mreceived\u001b[39m\u001b[2m).\u001b[22mtoBe\u001b[2m(\u001b[22m\u001b[32mexpected\u001b[39m\u001b[2m) // Object.is equality\u001b[22m\n\nExpected: \u001b[32m\"\u001b[7mRoute GET:/rota-que-nao-existe n\u001b[27mot \u001b[7mf\u001b[27mound\"\u001b[39m\nReceived: \u001b[31m\"\u001b[7mN\u001b[27mot \u001b[7mF\u001b[27mound\"\u001b[39m\n    at Object.<anonymous> (C:\\Desenvolvimento\\financial-planner-case\\financial-planner-backend\\tests\\routes\\health.test.ts:38:33)\n    at processTicksAndRejections (node:internal/process/task_queues:95:5)"],"fullName":"Health Check GET /rota-que-nao-existe deve retornar 404","invocations":1,"location":null,"numPassingAsserts":1,"retryReasons":[],"status":"failed","title":"GET /rota-que-nao-existe deve retornar 404"}],"endTime":1758857084535,"message":"\u001b[1m\u001b[31m  \u001b[1m● \u001b[22m\u001b[1mHealth Check › GET /rota-que-nao-existe deve retornar 404\u001b[39m\u001b[22m\n\n    \u001b[2mexpect(\u001b[22m\u001b[31mreceived\u001b[39m\u001b[2m).\u001b[22mtoBe\u001b[2m(\u001b[22m\u001b[32mexpected\u001b[39m\u001b[2m) // Object.is equality\u001b[22m\n\n    Expected: \u001b[32m\"\u001b[7mRoute GET:/rota-que-nao-existe n\u001b[27mot \u001b[7mf\u001b[27mound\"\u001b[39m\n    Received: \u001b[31m\"\u001b[7mN\u001b[27mot \u001b[7mF\u001b[27mound\"\u001b[39m\n\u001b[2m\u001b[22m\n\u001b[2m    \u001b[0m \u001b[90m 36 |\u001b[39m\u001b[22m\n\u001b[2m     \u001b[90m 37 |\u001b[39m     expect(response\u001b[33m.\u001b[39mbody)\u001b[33m.\u001b[39mtoHaveProperty(\u001b[32m'error'\u001b[39m)\u001b[33m;\u001b[39m\u001b[22m\n\u001b[2m    \u001b[31m\u001b[1m>\u001b[22m\u001b[2m\u001b[39m\u001b[90m 38 |\u001b[39m     expect(response\u001b[33m.\u001b[39mbody\u001b[33m.\u001b[39merror)\u001b[33m.\u001b[39mtoBe(\u001b[32m'Route GET:/rota-que-nao-existe not found'\u001b[39m)\u001b[33m;\u001b[39m\u001b[22m\n\u001b[2m     \u001b[90m    |\u001b[39m                                 \u001b[31m\u001b[1m^\u001b[22m\u001b[2m\u001b[39m\u001b[22m\n\u001b[2m     \u001b[90m 39 |\u001b[39m   })\u001b[33m;\u001b[39m\u001b[22m\n\u001b[2m     \u001b[90m 40 |\u001b[39m })\u001b[33m;\u001b[39m\u001b[22m\n\u001b[2m     \u001b[90m 41 |\u001b[39m\u001b[0m\u001b[22m\n\u001b[2m\u001b[22m\n\u001b[2m      \u001b[2mat Object.<anonymous> (\u001b[22m\u001b[2m\u001b[0m\u001b[36mtests/routes/health.test.ts\u001b[39m\u001b[0m\u001b[2m:38:33)\u001b[22m\u001b[2m\u001b[22m\n","name":"C:\\Desenvolvimento\\financial-planner-case\\financial-planner-backend\\tests\\routes\\health.test.ts","startTime":1758857080248,"status":"failed","summary":""},{"assertionResults":[{"ancestorTitles":["Simulation Service","createSimulation"],"duration":198,"failureDetails":[{"code":"P2011","meta":{"modelName":"Simulation","constraint":["userId"]},"clientVersion":"6.16.2","name":"PrismaClientKnownRequestError"}],"failureMessages":["PrismaClientKnownRequestError: \nInvalid `prisma.simulation.create()` invocation in\nC:\\Desenvolvimento\\financial-planner-case\\financial-planner-backend\\src\\services\\simulation.service.ts:58:50\n\n  55 const validatedData = CreateSimulationSchema.parse(input);\n  56 \n  57 // Cria a simulação no banco de dados\n→ 58 const simulation = await prisma.simulation.create(\nNull constraint violation on the fields: (`userId`)\n    at ei.handleRequestError (C:\\Desenvolvimento\\financial-planner-case\\financial-planner-backend\\node_modules\\@prisma\\client\\src\\runtime\\RequestHandler.ts:228:13)\n    at ei.handleAndLogRequestError (C:\\Desenvolvimento\\financial-planner-case\\financial-planner-backend\\node_modules\\@prisma\\client\\src\\runtime\\RequestHandler.ts:174:12)\n    at ei.request (C:\\Desenvolvimento\\financial-planner-case\\financial-planner-backend\\node_modules\\@prisma\\client\\src\\runtime\\RequestHandler.ts:143:12)\n    at async a (C:\\Desenvolvimento\\financial-planner-case\\financial-planner-backend\\node_modules\\@prisma\\client\\src\\runtime\\getPrismaClient.ts:833:24)\n    at async Object.createSimulation (C:\\Desenvolvimento\\financial-planner-case\\financial-planner-backend\\src\\services\\simulation.service.ts:58:26)\n    at async Object.<anonymous> (C:\\Desenvolvimento\\financial-planner-case\\financial-planner-backend\\tests\\services\\simulation.test.ts:33:22)"],"fullName":"Simulation Service createSimulation deve criar uma simulação com sucesso","invocations":1,"location":null,"numPassingAsserts":0,"retryReasons":[],"status":"failed","title":"deve criar uma simulação com sucesso"},{"ancestorTitles":["Simulation Service","createSimulation"],"duration":196,"failureDetails":[],"failureMessages":[],"fullName":"Simulation Service createSimulation deve lançar erro se o nome for muito curto","invocations":1,"location":null,"numPassingAsserts":1,"retryReasons":[],"status":"passed","title":"deve lançar erro se o nome for muito curto"},{"ancestorTitles":["Simulation Service","getSimulation"],"duration":142,"failureDetails":[{"code":"P2011","meta":{"modelName":"Simulation","constraint":["userId"]},"clientVersion":"6.16.2","name":"PrismaClientKnownRequestError"}],"failureMessages":["PrismaClientKnownRequestError: \nInvalid `prisma.simulation.create()` invocation in\nC:\\Desenvolvimento\\financial-planner-case\\financial-planner-backend\\tests\\services\\simulation.test.ts:68:57\n\n  65 describe('getSimulation', () => {\n  66   it('deve retornar uma simulação existente', async () => {\n  67     // Arrange\n→ 68     const createdSimulation = await prisma.simulation.create(\nNull constraint violation on the fields: (`userId`)\n    at ei.handleRequestError (C:\\Desenvolvimento\\financial-planner-case\\financial-planner-backend\\node_modules\\@prisma\\client\\src\\runtime\\RequestHandler.ts:228:13)\n    at ei.handleAndLogRequestError (C:\\Desenvolvimento\\financial-planner-case\\financial-planner-backend\\node_modules\\@prisma\\client\\src\\runtime\\RequestHandler.ts:174:12)\n    at ei.request (C:\\Desenvolvimento\\financial-planner-case\\financial-planner-backend\\node_modules\\@prisma\\client\\src\\runtime\\RequestHandler.ts:143:12)\n    at async a (C:\\Desenvolvimento\\financial-planner-case\\financial-planner-backend\\node_modules\\@prisma\\client\\src\\runtime\\getPrismaClient.ts:833:24)\n    at async Object.<anonymous> (C:\\Desenvolvimento\\financial-planner-case\\financial-planner-backend\\tests\\services\\simulation.test.ts:68:33)"],"fullName":"Simulation Service getSimulation deve retornar uma simulação existente","invocations":1,"location":null,"numPassingAsserts":0,"retryReasons":[],"status":"failed","title":"deve retornar uma simulação existente"},{"ancestorTitles":["Simulation Service","getSimulation"],"duration":137,"failureDetails":[],"failureMessages":[],"fullName":"Simulation Service getSimulation deve retornar null para uma simulação inexistente","invocations":1,"location":null,"numPassingAsserts":1,"retryReasons":[],"status":"passed","title":"deve retornar null para uma simulação inexistente"}],"endTime":1758857088608,"message":"\u001b[1m\u001b[31m  \u001b[1m● \u001b[22m\u001b[1mSimulation Service › createSimulation › deve criar uma simulação com sucesso\u001b[39m\u001b[22m\n\n    PrismaClientKnownRequestError: \n    Invalid `prisma.simulation.create()` invocation in\n    C:\\Desenvolvimento\\financial-planner-case\\financial-planner-backend\\src\\services\\simulation.service.ts:58:50\n\n      55 const validatedData = CreateSimulationSchema.parse(input);\n      56 \n      57 // Cria a simulação no banco de dados\n    → 58 const simulation = await prisma.simulation.create(\n    Null constraint violation on the fields: (`userId`)\n\u001b[2m\u001b[22m\n\u001b[2m    \u001b[0m \u001b[90m 56 |\u001b[39m       \u001b[22m\n\u001b[2m     \u001b[90m 57 |\u001b[39m       \u001b[90m// Cria a simulação no banco de dados\u001b[39m\u001b[22m\n\u001b[2m    \u001b[31m\u001b[1m>\u001b[22m\u001b[2m\u001b[39m\u001b[90m 58 |\u001b[39m       \u001b[36mconst\u001b[39m simulation \u001b[33m=\u001b[39m \u001b[36mawait\u001b[39m prisma\u001b[33m.\u001b[39msimulation\u001b[33m.\u001b[39mcreate({\u001b[22m\n\u001b[2m     \u001b[90m    |\u001b[39m                          \u001b[31m\u001b[1m^\u001b[22m\u001b[2m\u001b[39m\u001b[22m\n\u001b[2m     \u001b[90m 59 |\u001b[39m         data\u001b[33m:\u001b[39m createSimulationData(validatedData)\u001b[22m\n\u001b[2m     \u001b[90m 60 |\u001b[39m       })\u001b[33m;\u001b[39m\u001b[22m\n\u001b[2m     \u001b[90m 61 |\u001b[39m       \u001b[0m\u001b[22m\n\u001b[2m\u001b[22m\n\u001b[2m      \u001b[2mat ei.handleRequestError (\u001b[22m\u001b[2mnode_modules/@prisma/client/src/runtime/RequestHandler.ts\u001b[2m:228:13)\u001b[22m\u001b[2m\u001b[22m\n\u001b[2m      \u001b[2mat ei.handleAndLogRequestError (\u001b[22m\u001b[2mnode_modules/@prisma/client/src/runtime/RequestHandler.ts\u001b[2m:174:12)\u001b[22m\u001b[2m\u001b[22m\n\u001b[2m      \u001b[2mat ei.request (\u001b[22m\u001b[2mnode_modules/@prisma/client/src/runtime/RequestHandler.ts\u001b[2m:143:12)\u001b[22m\u001b[2m\u001b[22m\n\u001b[2m      \u001b[2mat async a (\u001b[22m\u001b[2mnode_modules/@prisma/client/src/runtime/getPrismaClient.ts\u001b[2m:833:24)\u001b[22m\u001b[2m\u001b[22m\n\u001b[2m      \u001b[2mat async Object.createSimulation (\u001b[22m\u001b[2msrc/services/simulation.service.ts\u001b[2m:58:26)\u001b[22m\u001b[2m\u001b[22m\n\u001b[2m      \u001b[2mat async Object.<anonymous> (\u001b[22m\u001b[2m\u001b[0m\u001b[36mtests/services/simulation.test.ts\u001b[39m\u001b[0m\u001b[2m:33:22)\u001b[22m\u001b[2m\u001b[22m\n\n\u001b[1m\u001b[31m  \u001b[1m● \u001b[22m\u001b[1mSimulation Service › getSimulation › deve retornar uma simulação existente\u001b[39m\u001b[22m\n\n    PrismaClientKnownRequestError: \n    Invalid `prisma.simulation.create()` invocation in\n    C:\\Desenvolvimento\\financial-planner-case\\financial-planner-backend\\tests\\services\\simulation.test.ts:68:57\n\n      65 describe('getSimulation', () => {\n      66   it('deve retornar uma simulação existente', async () => {\n      67     // Arrange\n    → 68     const createdSimulation = await prisma.simulation.create(\n    Null constraint violation on the fields: (`userId`)\n\u001b[2m\u001b[22m\n\u001b[2m    \u001b[0m \u001b[90m 66 |\u001b[39m     it(\u001b[32m'deve retornar uma simulação existente'\u001b[39m\u001b[33m,\u001b[39m \u001b[36masync\u001b[39m () \u001b[33m=>\u001b[39m {\u001b[22m\n\u001b[2m     \u001b[90m 67 |\u001b[39m       \u001b[90m// Arrange\u001b[39m\u001b[22m\n\u001b[2m    \u001b[31m\u001b[1m>\u001b[22m\u001b[2m\u001b[39m\u001b[90m 68 |\u001b[39m       \u001b[36mconst\u001b[39m createdSimulation \u001b[33m=\u001b[39m \u001b[36mawait\u001b[39m prisma\u001b[33m.\u001b[39msimulation\u001b[33m.\u001b[39mcreate({\u001b[22m\n\u001b[2m     \u001b[90m    |\u001b[39m                                 \u001b[31m\u001b[1m^\u001b[22m\u001b[2m\u001b[39m\u001b[22m\n\u001b[2m     \u001b[90m 69 |\u001b[39m         data\u001b[33m:\u001b[39m {\u001b[22m\n\u001b[2m     \u001b[90m 70 |\u001b[39m           name\u001b[33m:\u001b[39m \u001b[32m'Simulação de Teste'\u001b[39m\u001b[33m,\u001b[39m\u001b[22m\n\u001b[2m     \u001b[90m 71 |\u001b[39m           startDate\u001b[33m:\u001b[39m \u001b[36mnew\u001b[39m \u001b[33mDate\u001b[39m()\u001b[33m,\u001b[39m\u001b[0m\u001b[22m\n\u001b[2m\u001b[22m\n\u001b[2m      \u001b[2mat ei.handleRequestError (\u001b[22m\u001b[2mnode_modules/@prisma/client/src/runtime/RequestHandler.ts\u001b[2m:228:13)\u001b[22m\u001b[2m\u001b[22m\n\u001b[2m      \u001b[2mat ei.handleAndLogRequestError (\u001b[22m\u001b[2mnode_modules/@prisma/client/src/runtime/RequestHandler.ts\u001b[2m:174:12)\u001b[22m\u001b[2m\u001b[22m\n\u001b[2m      \u001b[2mat ei.request (\u001b[22m\u001b[2mnode_modules/@prisma/client/src/runtime/RequestHandler.ts\u001b[2m:143:12)\u001b[22m\u001b[2m\u001b[22m\n\u001b[2m      \u001b[2mat async a (\u001b[22m\u001b[2mnode_modules/@prisma/client/src/runtime/getPrismaClient.ts\u001b[2m:833:24)\u001b[22m\u001b[2m\u001b[22m\n\u001b[2m      \u001b[2mat async Object.<anonymous> (\u001b[22m\u001b[2m\u001b[0m\u001b[36mtests/services/simulation.test.ts\u001b[39m\u001b[0m\u001b[2m:68:33)\u001b[22m\u001b[2m\u001b[22m\n","name":"C:\\Desenvolvimento\\financial-planner-case\\financial-planner-backend\\tests\\services\\simulation.test.ts","startTime":1758857084582,"status":"failed","summary":""}],"wasInterrupted":false,"coverageMap":{"C:\\Desenvolvimento\\financial-planner-case\\financial-planner-backend\\src\\config\\app.ts":{"path":"C:\\Desenvolvimento\\financial-planner-case\\financial-planner-backend\\src\\config\\app.ts","all":true,"statementMap":{"0":{"start":{"line":1,"column":0},"end":{"line":1,"column":28}},"1":{"start":{"line":2,"column":0},"end":{"line":2,"column":0}},"2":{"start":{"line":3,"column":0},"end":{"line":3,"column":16}},"3":{"start":{"line":4,"column":0},"end":{"line":4,"column":0}},"4":{"start":{"line":5,"column":0},"end":{"line":5,"column":23}},"5":{"start":{"line":6,"column":0},"end":{"line":6,"column":30}},"6":{"start":{"line":7,"column":0},"end":{"line":7,"column":49}},"7":{"start":{"line":8,"column":0},"end":{"line":8,"column":49}},"8":{"start":{"line":9,"column":0},"end":{"line":9,"column":2}},"9":{"start":{"line":10,"column":0},"end":{"line":10,"column":36}},"10":{"start":{"line":11,"column":0},"end":{"line":11,"column":13}},"11":{"start":{"line":12,"column":0},"end":{"line":12,"column":40}},"12":{"start":{"line":13,"column":0},"end":{"line":13,"column":4}},"13":{"start":{"line":14,"column":0},"end":{"line":14,"column":2}},"14":{"start":{"line":15,"column":0},"end":{"line":15,"column":17}},"15":{"start":{"line":16,"column":0},"end":{"line":16,"column":8}},"16":{"start":{"line":17,"column":0},"end":{"line":17,"column":65}},"17":{"start":{"line":18,"column":0},"end":{"line":18,"column":50}},"18":{"start":{"line":19,"column":0},"end":{"line":19,"column":88}},"19":{"start":{"line":20,"column":0},"end":{"line":20,"column":67}},"20":{"start":{"line":21,"column":0},"end":{"line":21,"column":4}},"21":{"start":{"line":22,"column":0},"end":{"line":22,"column":2}},"22":{"start":{"line":23,"column":0},"end":{"line":23,"column":9}},"23":{"start":{"line":24,"column":0},"end":{"line":24,"column":9}},"24":{"start":{"line":25,"column":0},"end":{"line":25,"column":43}},"25":{"start":{"line":26,"column":0},"end":{"line":26,"column":4}},"26":{"start":{"line":27,"column":0},"end":{"line":27,"column":2}},"27":{"start":{"line":28,"column":0},"end":{"line":28,"column":9}},"28":{"start":{"line":29,"column":0},"end":{"line":29,"column":9}},"29":{"start":{"line":30,"column":0},"end":{"line":30,"column":43}},"30":{"start":{"line":31,"column":0},"end":{"line":31,"column":4}},"31":{"start":{"line":32,"column":0},"end":{"line":32,"column":11}},"32":{"start":{"line":33,"column":0},"end":{"line":33,"column":0}},"33":{"start":{"line":34,"column":0},"end":{"line":34,"column":38}}},"s":{"0":0,"1":0,"2":0,"3":0,"4":0,"5":0,"6":0,"7":0,"8":0,"9":0,"10":0,"11":0,"12":0,"13":0,"14":0,"15":0,"16":0,"17":0,"18":0,"19":0,"20":0,"21":0,"22":0,"23":0,"24":0,"25":0,"26":0,"27":0,"28":0,"29":0,"30":0,"31":0,"32":0,"33":0},"branchMap":{"0":{"type":"branch","line":1,"loc":{"start":{"line":1,"column":0},"end":{"line":34,"column":38}},"locations":[{"start":{"line":1,"column":0},"end":{"line":34,"column":38}}]}},"b":{"0":[0]},"fnMap":{"0":{"name":"(empty-report)","decl":{"start":{"line":1,"column":0},"end":{"line":34,"column":38}},"loc":{"start":{"line":1,"column":0},"end":{"line":34,"column":38}},"line":1}},"f":{"0":0}},"C:\\Desenvolvimento\\financial-planner-case\\financial-planner-backend\\src\\plugins\\swagger.ts":{"path":"C:\\Desenvolvimento\\financial-planner-case\\financial-planner-backend\\src\\plugins\\swagger.ts","all":false,"statementMap":{"0":{"start":{"line":1,"column":0},"end":{"line":1,"column":32}},"1":{"start":{"line":2,"column":0},"end":{"line":2,"column":39}},"2":{"start":{"line":3,"column":0},"end":{"line":3,"column":44}},"3":{"start":{"line":4,"column":0},"end":{"line":4,"column":0}},"4":{"start":{"line":5,"column":0},"end":{"line":5,"column":39}},"5":{"start":{"line":6,"column":0},"end":{"line":6,"column":34}},"6":{"start":{"line":7,"column":0},"end":{"line":7,"column":35}},"7":{"start":{"line":8,"column":0},"end":{"line":8,"column":31}},"8":{"start":{"line":9,"column":0},"end":{"line":9,"column":14}},"9":{"start":{"line":10,"column":0},"end":{"line":10,"column":13}},"10":{"start":{"line":11,"column":0},"end":{"line":11,"column":39}},"11":{"start":{"line":12,"column":0},"end":{"line":12,"column":88}},"12":{"start":{"line":13,"column":0},"end":{"line":13,"column":24}},"13":{"start":{"line":14,"column":0},"end":{"line":14,"column":8}},"14":{"start":{"line":15,"column":0},"end":{"line":15,"column":29}},"15":{"start":{"line":16,"column":0},"end":{"line":16,"column":24}},"16":{"start":{"line":17,"column":0},"end":{"line":17,"column":37}},"17":{"start":{"line":18,"column":0},"end":{"line":18,"column":36}},"18":{"start":{"line":19,"column":0},"end":{"line":19,"column":5}},"19":{"start":{"line":20,"column":0},"end":{"line":20,"column":5}},"20":{"start":{"line":21,"column":0},"end":{"line":21,"column":0}},"21":{"start":{"line":22,"column":0},"end":{"line":22,"column":34}},"22":{"start":{"line":23,"column":0},"end":{"line":23,"column":33}},"23":{"start":{"line":24,"column":0},"end":{"line":24,"column":34}},"24":{"start":{"line":25,"column":0},"end":{"line":25,"column":15}},"25":{"start":{"line":26,"column":0},"end":{"line":26,"column":27}},"26":{"start":{"line":27,"column":0},"end":{"line":27,"column":24}},"27":{"start":{"line":28,"column":0},"end":{"line":28,"column":6}},"28":{"start":{"line":29,"column":0},"end":{"line":29,"column":19}},"29":{"start":{"line":30,"column":0},"end":{"line":30,"column":5}},"30":{"start":{"line":31,"column":0},"end":{"line":31,"column":3}}},"s":{"0":1,"1":1,"2":1,"3":1,"4":1,"5":1,"6":1,"7":1,"8":1,"9":1,"10":1,"11":1,"12":1,"13":1,"14":1,"15":1,"16":1,"17":1,"18":1,"19":1,"20":1,"21":1,"22":1,"23":1,"24":1,"25":1,"26":1,"27":1,"28":1,"29":1,"30":1},"branchMap":{"0":{"type":"branch","line":6,"loc":{"start":{"line":6,"column":18},"end":{"line":31,"column":2}},"locations":[{"start":{"line":6,"column":18},"end":{"line":31,"column":2}}]}},"b":{"0":[1]},"fnMap":{},"f":{}},"C:\\Desenvolvimento\\financial-planner-case\\financial-planner-backend\\src\\prisma\\client.ts":{"path":"C:\\Desenvolvimento\\financial-planner-case\\financial-planner-backend\\src\\prisma\\client.ts","all":true,"statementMap":{"0":{"start":{"line":1,"column":0},"end":{"line":1,"column":46}},"1":{"start":{"line":2,"column":0},"end":{"line":2,"column":0}},"2":{"start":{"line":3,"column":0},"end":{"line":3,"column":16}},"3":{"start":{"line":4,"column":0},"end":{"line":4,"column":0}},"4":{"start":{"line":5,"column":0},"end":{"line":5,"column":41}},"5":{"start":{"line":6,"column":0},"end":{"line":6,"column":1}},"6":{"start":{"line":7,"column":0},"end":{"line":7,"column":0}},"7":{"start":{"line":8,"column":0},"end":{"line":8,"column":53}},"8":{"start":{"line":9,"column":0},"end":{"line":9,"column":0}},"9":{"start":{"line":10,"column":0},"end":{"line":10,"column":44}},"10":{"start":{"line":11,"column":0},"end":{"line":11,"column":27}},"11":{"start":{"line":12,"column":0},"end":{"line":12,"column":1}},"12":{"start":{"line":13,"column":0},"end":{"line":13,"column":0}},"13":{"start":{"line":14,"column":0},"end":{"line":14,"column":22}}},"s":{"0":0,"1":0,"2":0,"3":0,"4":0,"5":0,"6":0,"7":0,"8":0,"9":0,"10":0,"11":0,"12":0,"13":0},"branchMap":{"0":{"type":"branch","line":1,"loc":{"start":{"line":1,"column":0},"end":{"line":14,"column":22}},"locations":[{"start":{"line":1,"column":0},"end":{"line":14,"column":22}}]}},"b":{"0":[0]},"fnMap":{"0":{"name":"(empty-report)","decl":{"start":{"line":1,"column":0},"end":{"line":14,"column":22}},"loc":{"start":{"line":1,"column":0},"end":{"line":14,"column":22}},"line":1}},"f":{"0":0}},"C:\\Desenvolvimento\\financial-planner-case\\financial-planner-backend\\src\\repositories\\simulationRepository.ts":{"path":"C:\\Desenvolvimento\\financial-planner-case\\financial-planner-backend\\src\\repositories\\simulationRepository.ts","all":true,"statementMap":{"0":{"start":{"line":1,"column":0},"end":{"line":1,"column":38}},"1":{"start":{"line":2,"column":0},"end":{"line":2,"column":0}},"2":{"start":{"line":3,"column":0},"end":{"line":3,"column":47}},"3":{"start":{"line":4,"column":0},"end":{"line":4,"column":37}},"4":{"start":{"line":5,"column":0},"end":{"line":5,"column":98}},"5":{"start":{"line":6,"column":0},"end":{"line":6,"column":5}},"6":{"start":{"line":7,"column":0},"end":{"line":7,"column":2}},"7":{"start":{"line":8,"column":0},"end":{"line":8,"column":0}},"8":{"start":{"line":9,"column":0},"end":{"line":9,"column":57}},"9":{"start":{"line":10,"column":0},"end":{"line":10,"column":39}},"10":{"start":{"line":11,"column":0},"end":{"line":11,"column":18}},"11":{"start":{"line":12,"column":0},"end":{"line":12,"column":96}},"12":{"start":{"line":13,"column":0},"end":{"line":13,"column":5}},"13":{"start":{"line":14,"column":0},"end":{"line":14,"column":2}},"14":{"start":{"line":15,"column":0},"end":{"line":15,"column":0}},"15":{"start":{"line":16,"column":0},"end":{"line":16,"column":3}},"16":{"start":{"line":17,"column":0},"end":{"line":17,"column":81}},"17":{"start":{"line":18,"column":0},"end":{"line":18,"column":35}},"18":{"start":{"line":19,"column":0},"end":{"line":19,"column":3}},"19":{"start":{"line":20,"column":0},"end":{"line":20,"column":68}},"20":{"start":{"line":21,"column":0},"end":{"line":21,"column":58}},"21":{"start":{"line":22,"column":0},"end":{"line":22,"column":57}},"22":{"start":{"line":23,"column":0},"end":{"line":23,"column":0}},"23":{"start":{"line":24,"column":0},"end":{"line":24,"column":34}},"24":{"start":{"line":25,"column":0},"end":{"line":25,"column":29}},"25":{"start":{"line":26,"column":0},"end":{"line":26,"column":36}},"26":{"start":{"line":27,"column":0},"end":{"line":27,"column":34}},"27":{"start":{"line":28,"column":0},"end":{"line":28,"column":32}},"28":{"start":{"line":29,"column":0},"end":{"line":29,"column":28}},"29":{"start":{"line":30,"column":0},"end":{"line":30,"column":76}},"30":{"start":{"line":31,"column":0},"end":{"line":31,"column":4}},"31":{"start":{"line":32,"column":0},"end":{"line":32,"column":0}},"32":{"start":{"line":33,"column":0},"end":{"line":33,"column":64}},"33":{"start":{"line":34,"column":0},"end":{"line":34,"column":58}},"34":{"start":{"line":35,"column":0},"end":{"line":35,"column":79}},"35":{"start":{"line":36,"column":0},"end":{"line":36,"column":0}},"36":{"start":{"line":37,"column":0},"end":{"line":37,"column":46}},"37":{"start":{"line":38,"column":0},"end":{"line":38,"column":47}},"38":{"start":{"line":39,"column":0},"end":{"line":39,"column":55}},"39":{"start":{"line":40,"column":0},"end":{"line":40,"column":15}},"40":{"start":{"line":41,"column":0},"end":{"line":41,"column":38}},"41":{"start":{"line":42,"column":0},"end":{"line":42,"column":27}},"42":{"start":{"line":43,"column":0},"end":{"line":43,"column":27}},"43":{"start":{"line":44,"column":0},"end":{"line":44,"column":29}},"44":{"start":{"line":45,"column":0},"end":{"line":45,"column":50}},"45":{"start":{"line":46,"column":0},"end":{"line":46,"column":56}},"46":{"start":{"line":47,"column":0},"end":{"line":47,"column":56}},"47":{"start":{"line":48,"column":0},"end":{"line":48,"column":10}},"48":{"start":{"line":49,"column":0},"end":{"line":49,"column":9}},"49":{"start":{"line":50,"column":0},"end":{"line":50,"column":0}},"50":{"start":{"line":51,"column":0},"end":{"line":51,"column":16}},"51":{"start":{"line":52,"column":0},"end":{"line":52,"column":54}},"52":{"start":{"line":53,"column":0},"end":{"line":53,"column":55}},"53":{"start":{"line":54,"column":0},"end":{"line":54,"column":40}},"54":{"start":{"line":55,"column":0},"end":{"line":55,"column":23}},"55":{"start":{"line":56,"column":0},"end":{"line":56,"column":25}},"56":{"start":{"line":57,"column":0},"end":{"line":57,"column":12}},"57":{"start":{"line":58,"column":0},"end":{"line":58,"column":63}},"58":{"start":{"line":59,"column":0},"end":{"line":59,"column":7}},"59":{"start":{"line":60,"column":0},"end":{"line":60,"column":5}},"60":{"start":{"line":61,"column":0},"end":{"line":61,"column":0}},"61":{"start":{"line":62,"column":0},"end":{"line":62,"column":16}},"62":{"start":{"line":63,"column":0},"end":{"line":63,"column":42}},"63":{"start":{"line":64,"column":0},"end":{"line":64,"column":32}},"64":{"start":{"line":65,"column":0},"end":{"line":65,"column":15}},"65":{"start":{"line":66,"column":0},"end":{"line":66,"column":38}},"66":{"start":{"line":67,"column":0},"end":{"line":67,"column":24}},"67":{"start":{"line":68,"column":0},"end":{"line":68,"column":26}},"68":{"start":{"line":69,"column":0},"end":{"line":69,"column":34}},"69":{"start":{"line":70,"column":0},"end":{"line":70,"column":34}},"70":{"start":{"line":71,"column":0},"end":{"line":71,"column":43}},"71":{"start":{"line":72,"column":0},"end":{"line":72,"column":10}},"72":{"start":{"line":73,"column":0},"end":{"line":73,"column":9}},"73":{"start":{"line":74,"column":0},"end":{"line":74,"column":5}},"74":{"start":{"line":75,"column":0},"end":{"line":75,"column":0}},"75":{"start":{"line":76,"column":0},"end":{"line":76,"column":17}},"76":{"start":{"line":77,"column":0},"end":{"line":77,"column":44}},"77":{"start":{"line":78,"column":0},"end":{"line":78,"column":33}},"78":{"start":{"line":79,"column":0},"end":{"line":79,"column":15}},"79":{"start":{"line":80,"column":0},"end":{"line":80,"column":38}},"80":{"start":{"line":81,"column":0},"end":{"line":81,"column":25}},"81":{"start":{"line":82,"column":0},"end":{"line":82,"column":35}},"82":{"start":{"line":83,"column":0},"end":{"line":83,"column":45}},"83":{"start":{"line":84,"column":0},"end":{"line":84,"column":31}},"84":{"start":{"line":85,"column":0},"end":{"line":85,"column":41}},"85":{"start":{"line":86,"column":0},"end":{"line":86,"column":10}},"86":{"start":{"line":87,"column":0},"end":{"line":87,"column":9}},"87":{"start":{"line":88,"column":0},"end":{"line":88,"column":5}},"88":{"start":{"line":89,"column":0},"end":{"line":89,"column":0}},"89":{"start":{"line":90,"column":0},"end":{"line":90,"column":22}},"90":{"start":{"line":91,"column":0},"end":{"line":91,"column":5}},"91":{"start":{"line":92,"column":0},"end":{"line":92,"column":0}},"92":{"start":{"line":93,"column":0},"end":{"line":93,"column":16}},"93":{"start":{"line":94,"column":0},"end":{"line":94,"column":2}}},"s":{"0":0,"1":0,"2":0,"3":0,"4":0,"5":0,"6":0,"7":0,"8":0,"9":0,"10":0,"11":0,"12":0,"13":0,"14":0,"15":0,"16":0,"17":0,"18":0,"19":0,"20":0,"21":0,"22":0,"23":0,"24":0,"25":0,"26":0,"27":0,"28":0,"29":0,"30":0,"31":0,"32":0,"33":0,"34":0,"35":0,"36":0,"37":0,"38":0,"39":0,"40":0,"41":0,"42":0,"43":0,"44":0,"45":0,"46":0,"47":0,"48":0,"49":0,"50":0,"51":0,"52":0,"53":0,"54":0,"55":0,"56":0,"57":0,"58":0,"59":0,"60":0,"61":0,"62":0,"63":0,"64":0,"65":0,"66":0,"67":0,"68":0,"69":0,"70":0,"71":0,"72":0,"73":0,"74":0,"75":0,"76":0,"77":0,"78":0,"79":0,"80":0,"81":0,"82":0,"83":0,"84":0,"85":0,"86":0,"87":0,"88":0,"89":0,"90":0,"91":0,"92":0,"93":0},"branchMap":{"0":{"type":"branch","line":1,"loc":{"start":{"line":1,"column":0},"end":{"line":94,"column":2}},"locations":[{"start":{"line":1,"column":0},"end":{"line":94,"column":2}}]}},"b":{"0":[0]},"fnMap":{"0":{"name":"(empty-report)","decl":{"start":{"line":1,"column":0},"end":{"line":94,"column":2}},"loc":{"start":{"line":1,"column":0},"end":{"line":94,"column":2}},"line":1}},"f":{"0":0}},"C:\\Desenvolvimento\\financial-planner-case\\financial-planner-backend\\src\\routes\\allocations.ts":{"path":"C:\\Desenvolvimento\\financial-planner-case\\financial-planner-backend\\src\\routes\\allocations.ts","all":false,"statementMap":{"0":{"start":{"line":1,"column":0},"end":{"line":1,"column":42}},"1":{"start":{"line":2,"column":0},"end":{"line":2,"column":24}},"2":{"start":{"line":3,"column":0},"end":{"line":3,"column":0}},"3":{"start":{"line":4,"column":0},"end":{"line":4,"column":24}},"4":{"start":{"line":5,"column":0},"end":{"line":5,"column":41}},"5":{"start":{"line":6,"column":0},"end":{"line":6,"column":30}},"6":{"start":{"line":7,"column":0},"end":{"line":7,"column":56}},"7":{"start":{"line":8,"column":0},"end":{"line":8,"column":30}},"8":{"start":{"line":9,"column":0},"end":{"line":9,"column":3}},"9":{"start":{"line":10,"column":0},"end":{"line":10,"column":0}},"10":{"start":{"line":11,"column":0},"end":{"line":11,"column":41}},"11":{"start":{"line":12,"column":0},"end":{"line":12,"column":79}},"12":{"start":{"line":13,"column":0},"end":{"line":13,"column":66}},"13":{"start":{"line":14,"column":0},"end":{"line":14,"column":71}},"14":{"start":{"line":15,"column":0},"end":{"line":15,"column":30}},"15":{"start":{"line":16,"column":0},"end":{"line":16,"column":50}},"16":{"start":{"line":17,"column":0},"end":{"line":17,"column":59}},"17":{"start":{"line":18,"column":0},"end":{"line":18,"column":54}},"18":{"start":{"line":19,"column":0},"end":{"line":19,"column":3}},"19":{"start":{"line":20,"column":0},"end":{"line":20,"column":0}},"20":{"start":{"line":21,"column":0},"end":{"line":21,"column":41}},"21":{"start":{"line":22,"column":0},"end":{"line":22,"column":30}},"22":{"start":{"line":23,"column":0},"end":{"line":23,"column":50}},"23":{"start":{"line":24,"column":0},"end":{"line":24,"column":58}},"24":{"start":{"line":25,"column":0},"end":{"line":25,"column":16}},"25":{"start":{"line":26,"column":0},"end":{"line":26,"column":34}},"26":{"start":{"line":27,"column":0},"end":{"line":27,"column":3}},"27":{"start":{"line":28,"column":0},"end":{"line":28,"column":0}},"28":{"start":{"line":29,"column":0},"end":{"line":29,"column":68}},"29":{"start":{"line":30,"column":0},"end":{"line":30,"column":68}},"30":{"start":{"line":31,"column":0},"end":{"line":31,"column":0}},"31":{"start":{"line":32,"column":0},"end":{"line":32,"column":24}},"32":{"start":{"line":33,"column":0},"end":{"line":33,"column":27}},"33":{"start":{"line":34,"column":0},"end":{"line":34,"column":56}},"34":{"start":{"line":35,"column":0},"end":{"line":35,"column":54}},"35":{"start":{"line":36,"column":0},"end":{"line":36,"column":12}},"36":{"start":{"line":37,"column":0},"end":{"line":37,"column":44}},"37":{"start":{"line":38,"column":0},"end":{"line":38,"column":15}},"38":{"start":{"line":39,"column":0},"end":{"line":39,"column":21}},"39":{"start":{"line":40,"column":0},"end":{"line":40,"column":28}},"40":{"start":{"line":41,"column":0},"end":{"line":41,"column":27}},"41":{"start":{"line":42,"column":0},"end":{"line":42,"column":6}},"42":{"start":{"line":43,"column":0},"end":{"line":43,"column":4}},"43":{"start":{"line":44,"column":0},"end":{"line":44,"column":0}},"44":{"start":{"line":45,"column":0},"end":{"line":45,"column":35}},"45":{"start":{"line":46,"column":0},"end":{"line":46,"column":46}},"46":{"start":{"line":47,"column":0},"end":{"line":47,"column":12}},"47":{"start":{"line":48,"column":0},"end":{"line":48,"column":9}},"48":{"start":{"line":49,"column":0},"end":{"line":49,"column":22}},"49":{"start":{"line":50,"column":0},"end":{"line":50,"column":54}},"50":{"start":{"line":51,"column":0},"end":{"line":51,"column":26}},"51":{"start":{"line":52,"column":0},"end":{"line":52,"column":26}},"52":{"start":{"line":53,"column":0},"end":{"line":53,"column":27}},"53":{"start":{"line":54,"column":0},"end":{"line":54,"column":21}},"54":{"start":{"line":55,"column":0},"end":{"line":55,"column":18}},"55":{"start":{"line":56,"column":0},"end":{"line":56,"column":28}},"56":{"start":{"line":57,"column":0},"end":{"line":57,"column":27}},"57":{"start":{"line":58,"column":0},"end":{"line":58,"column":6}},"58":{"start":{"line":59,"column":0},"end":{"line":59,"column":4}},"59":{"start":{"line":60,"column":0},"end":{"line":60,"column":0}},"60":{"start":{"line":61,"column":0},"end":{"line":61,"column":68}},"61":{"start":{"line":62,"column":0},"end":{"line":62,"column":49}},"62":{"start":{"line":63,"column":0},"end":{"line":63,"column":52
[...]
mn":90}},"22":{"start":{"line":23,"column":0},"end":{"line":23,"column":57}},"23":{"start":{"line":24,"column":0},"end":{"line":24,"column":54}},"24":{"start":{"line":25,"column":0},"end":{"line":25,"column":18}},"25":{"start":{"line":26,"column":0},"end":{"line":26,"column":32}},"26":{"start":{"line":27,"column":0},"end":{"line":27,"column":44}},"27":{"start":{"line":28,"column":0},"end":{"line":28,"column":38}},"28":{"start":{"line":29,"column":0},"end":{"line":29,"column":37}},"29":{"start":{"line":30,"column":0},"end":{"line":30,"column":17}},"30":{"start":{"line":31,"column":0},"end":{"line":31,"column":13}},"31":{"start":{"line":32,"column":0},"end":{"line":32,"column":10}},"32":{"start":{"line":33,"column":0},"end":{"line":33,"column":43}},"33":{"start":{"line":34,"column":0},"end":{"line":34,"column":0}},"34":{"start":{"line":35,"column":0},"end":{"line":35,"column":43}},"35":{"start":{"line":36,"column":0},"end":{"line":36,"column":38}},"36":{"start":{"line":37,"column":0},"end":{"line":37,"column":4}},"37":{"start":{"line":38,"column":0},"end":{"line":38,"column":41}},"38":{"start":{"line":39,"column":0},"end":{"line":39,"column":56}},"39":{"start":{"line":40,"column":0},"end":{"line":40,"column":61}},"40":{"start":{"line":41,"column":0},"end":{"line":41,"column":61}},"41":{"start":{"line":42,"column":0},"end":{"line":42,"column":59}},"42":{"start":{"line":43,"column":0},"end":{"line":43,"column":60}},"43":{"start":{"line":44,"column":0},"end":{"line":44,"column":60}},"44":{"start":{"line":45,"column":0},"end":{"line":45,"column":0}},"45":{"start":{"line":46,"column":0},"end":{"line":46,"column":26}},"46":{"start":{"line":47,"column":0},"end":{"line":47,"column":58}},"47":{"start":{"line":48,"column":0},"end":{"line":48,"column":17}},"48":{"start":{"line":49,"column":0},"end":{"line":49,"column":42}},"49":{"start":{"line":50,"column":0},"end":{"line":50,"column":29}},"50":{"start":{"line":51,"column":0},"end":{"line":51,"column":44}},"51":{"start":{"line":52,"column":0},"end":{"line":52,"column":29}},"52":{"start":{"line":53,"column":0},"end":{"line":53,"column":47}},"53":{"start":{"line":54,"column":0},"end":{"line":54,"column":10}},"54":{"start":{"line":55,"column":0},"end":{"line":55,"column":7}},"55":{"start":{"line":56,"column":0},"end":{"line":56,"column":0}},"56":{"start":{"line":57,"column":0},"end":{"line":57,"column":34}},"57":{"start":{"line":58,"column":0},"end":{"line":58,"column":52}},"58":{"start":{"line":59,"column":0},"end":{"line":59,"column":33}},"59":{"start":{"line":60,"column":0},"end":{"line":60,"column":8}},"60":{"start":{"line":61,"column":0},"end":{"line":61,"column":29}},"61":{"start":{"line":62,"column":0},"end":{"line":62,"column":31}},"62":{"start":{"line":63,"column":0},"end":{"line":63,"column":43}},"63":{"start":{"line":64,"column":0},"end":{"line":64,"column":32}},"64":{"start":{"line":65,"column":0},"end":{"line":65,"column":45}},"65":{"start":{"line":66,"column":0},"end":{"line":66,"column":40}},"66":{"start":{"line":67,"column":0},"end":{"line":67,"column":15}},"67":{"start":{"line":68,"column":0},"end":{"line":68,"column":9}},"68":{"start":{"line":69,"column":0},"end":{"line":69,"column":8}},"69":{"start":{"line":70,"column":0},"end":{"line":70,"column":23}},"70":{"start":{"line":71,"column":0},"end":{"line":71,"column":59}},"71":{"start":{"line":72,"column":0},"end":{"line":72,"column":28}},"72":{"start":{"line":73,"column":0},"end":{"line":73,"column":64}},"73":{"start":{"line":74,"column":0},"end":{"line":74,"column":11}},"74":{"start":{"line":75,"column":0},"end":{"line":75,"column":7}},"75":{"start":{"line":76,"column":0},"end":{"line":76,"column":0}},"76":{"start":{"line":77,"column":0},"end":{"line":77,"column":15}},"77":{"start":{"line":78,"column":0},"end":{"line":78,"column":1}},"78":{"start":{"line":79,"column":0},"end":{"line":79,"column":0}},"79":{"start":{"line":80,"column":0},"end":{"line":80,"column":60}},"80":{"start":{"line":81,"column":0},"end":{"line":81,"column":30}},"81":{"start":{"line":82,"column":0},"end":{"line":82,"column":18}},"82":{"start":{"line":83,"column":0},"end":{"line":83,"column":40}},"83":{"start":{"line":84,"column":0},"end":{"line":84,"column":13}},"84":{"start":{"line":85,"column":0},"end":{"line":85,"column":86}},"85":{"start":{"line":86,"column":0},"end":{"line":86,"column":58}},"86":{"start":{"line":87,"column":0},"end":{"line":87,"column":32}},"87":{"start":{"line":88,"column":0},"end":{"line":88,"column":56}},"88":{"start":{"line":89,"column":0},"end":{"line":89,"column":72}},"89":{"start":{"line":90,"column":0},"end":{"line":90,"column":100}},"90":{"start":{"line":91,"column":0},"end":{"line":91,"column":23}},"91":{"start":{"line":92,"column":0},"end":{"line":92,"column":62}},"92":{"start":{"line":93,"column":0},"end":{"line":93,"column":28}},"93":{"start":{"line":94,"column":0},"end":{"line":94,"column":9}},"94":{"start":{"line":95,"column":0},"end":{"line":95,"column":9}},"95":{"start":{"line":96,"column":0},"end":{"line":96,"column":1}}},"s":{"0":1,"1":1,"2":1,"3":1,"4":1,"5":1,"6":1,"7":1,"8":1,"9":1,"10":1,"11":1,"12":1,"13":1,"14":1,"15":1,"16":1,"17":1,"18":1,"19":1,"20":1,"21":1,"22":1,"23":1,"24":1,"25":1,"26":1,"27":1,"28":1,"29":1,"30":1,"31":1,"32":1,"33":1,"34":1,"35":1,"36":1,"37":1,"38":1,"39":1,"40":1,"41":1,"42":1,"43":1,"44":1,"45":1,"46":1,"47":0,"48":0,"49":0,"50":0,"51":0,"52":0,"53":0,"54":1,"55":1,"56":1,"57":1,"58":0,"59":0,"60":0,"61":0,"62":0,"63":0,"64":0,"65":0,"66":0,"67":0,"68":0,"69":0,"70":0,"71":0,"72":0,"73":0,"74":1,"75":1,"76":1,"77":1,"78":1,"79":1,"80":1,"81":0,"82":0,"83":0,"84":0,"85":0,"86":0,"87":0,"88":0,"89":0,"90":0,"91":0,"92":0,"93":0,"94":0,"95":0},"branchMap":{"0":{"type":"branch","line":81,"loc":{"start":{"line":81,"column":29},"end":{"line":96,"column":1}},"locations":[{"start":{"line":81,"column":29},"end":{"line":96,"column":1}}]},"1":{"type":"branch","line":15,"loc":{"start":{"line":15,"column":7},"end":{"line":78,"column":1}},"locations":[{"start":{"line":15,"column":7},"end":{"line":78,"column":1}}]},"2":{"type":"branch","line":82,"loc":{"start":{"line":82,"column":5},"end":{"line":95,"column":5}},"locations":[{"start":{"line":82,"column":5},"end":{"line":95,"column":5}}]}},"b":{"0":[0],"1":[1],"2":[0]},"fnMap":{"0":{"name":"buildServer","decl":{"start":{"line":15,"column":7},"end":{"line":78,"column":1}},"loc":{"start":{"line":15,"column":7},"end":{"line":78,"column":1}},"line":15}},"f":{"0":1}},"C:\\Desenvolvimento\\financial-planner-case\\financial-planner-backend\\src\\services\\simulation.service.ts":{"path":"C:\\Desenvolvimento\\financial-planner-case\\financial-planner-backend\\src\\services\\simulation.service.ts","all":false,"statementMap":{"0":{"start":{"line":1,"column":0},"end":{"line":1,"column":24}},"1":{"start":{"line":2,"column":0},"end":{"line":2,"column":46}},"2":{"start":{"line":3,"column":0},"end":{"line":3,"column":0}},"3":{"start":{"line":4,"column":0},"end":{"line":4,"column":34}},"4":{"start":{"line":5,"column":0},"end":{"line":5,"column":0}},"5":{"start":{"line":6,"column":0},"end":{"line":6,"column":48}},"6":{"start":{"line":7,"column":0},"end":{"line":7,"column":48}},"7":{"start":{"line":8,"column":0},"end":{"line":8,"column":66}},"8":{"start":{"line":9,"column":0},"end":{"line":9,"column":48}},"9":{"start":{"line":10,"column":0},"end":{"line":10,"column":74}},"10":{"start":{"line":11,"column":0},"end":{"line":11,"column":43}},"11":{"start":{"line":12,"column":0},"end":{"line":12,"column":90}},"12":{"start":{"line":13,"column":0},"end":{"line":13,"column":33}},"13":{"start":{"line":14,"column":0},"end":{"line":14,"column":3}},"14":{"start":{"line":15,"column":0},"end":{"line":15,"column":0}},"15":{"start":{"line":16,"column":0},"end":{"line":16,"column":75}},"16":{"start":{"line":17,"column":0},"end":{"line":17,"column":0}},"17":{"start":{"line":18,"column":0},"end":{"line":18,"column":37}},"18":{"start":{"line":19,"column":0},"end":{"line":19,"column":16}},"19":{"start":{"line":20,"column":0},"end":{"line":20,"column":30}},"20":{"start":{"line":21,"column":0},"end":{"line":21,"column":50}},"21":{"start":{"line":22,"column":0},"end":{"line":22,"column":20}},"22":{"start":{"line":23,"column":0},"end":{"line":23,"column":28}},"23":{"start":{"line":24,"column":0},"end":{"line":24,"column":2}},"24":{"start":{"line":25,"column":0},"end":{"line":25,"column":0}},"25":{"start":{"line":26,"column":0},"end":{"line":26,"column":40}},"26":{"start":{"line":27,"column":0},"end":{"line":27,"column":19}},"27":{"start":{"line":28,"column":0},"end":{"line":28,"column":13}},"28":{"start":{"line":29,"column":0},"end":{"line":29,"column":15}},"29":{"start":{"line":30,"column":0},"end":{"line":30,"column":30}},"30":{"start":{"line":31,"column":0},"end":{"line":31,"column":17}},"31":{"start":{"line":32,"column":0},"end":{"line":32,"column":24}},"32":{"start":{"line":33,"column":0},"end":{"line":33,"column":18}},"33":{"start":{"line":34,"column":0},"end":{"line":34,"column":19}},"34":{"start":{"line":35,"column":0},"end":{"line":35,"column":18}},"35":{"start":{"line":36,"column":0},"end":{"line":36,"column":18}},"36":{"start":{"line":37,"column":0},"end":{"line":37,"column":2}},"37":{"start":{"line":38,"column":0},"end":{"line":38,"column":0}},"38":{"start":{"line":39,"column":0},"end":{"line":39,"column":67}},"39":{"start":{"line":40,"column":0},"end":{"line":40,"column":63}},"40":{"start":{"line":41,"column":0},"end":{"line":41,"column":10}},"41":{"start":{"line":42,"column":0},"end":{"line":42,"column":20}},"42":{"start":{"line":43,"column":0},"end":{"line":43,"column":42}},"43":{"start":{"line":44,"column":0},"end":{"line":44,"column":24}},"44":{"start":{"line":45,"column":0},"end":{"line":45,"column":54}},"45":{"start":{"line":46,"column":0},"end":{"line":46,"column":28}},"46":{"start":{"line":47,"column":0},"end":{"line":47,"column":31}},"47":{"start":{"line":48,"column":0},"end":{"line":48,"column":4}},"48":{"start":{"line":49,"column":0},"end":{"line":49,"column":2}},"49":{"start":{"line":50,"column":0},"end":{"line":50,"column":0}},"50":{"start":{"line":51,"column":0},"end":{"line":51,"column":34}},"51":{"start":{"line":52,"column":0},"end":{"line":52,"column":77}},"52":{"start":{"line":53,"column":0},"end":{"line":53,"column":9}},"53":{"start":{"line":54,"column":0},"end":{"line":54,"column":35}},"54":{"start":{"line":55,"column":0},"end":{"line":55,"column":64}},"55":{"start":{"line":56,"column":0},"end":{"line":56,"column":6}},"56":{"start":{"line":57,"column":0},"end":{"line":57,"column":43}},"57":{"start":{"line":58,"column":0},"end":{"line":58,"column":57}},"58":{"start":{"line":59,"column":0},"end":{"line":59,"column":49}},"59":{"start":{"line":60,"column":0},"end":{"line":60,"column":9}},"60":{"start":{"line":61,"column":0},"end":{"line":61,"column":6}},"61":{"start":{"line":62,"column":0},"end":{"line":62,"column":24}},"62":{"start":{"line":63,"column":0},"end":{"line":63,"column":30}},"63":{"start":{"line":64,"column":0},"end":{"line":64,"column":55}},"64":{"start":{"line":65,"column":0},"end":{"line":65,"column":18}},"65":{"start":{"line":66,"column":0},"end":{"line":66,"column":5}},"66":{"start":{"line":67,"column":0},"end":{"line":67,"column":4}},"67":{"start":{"line":68,"column":0},"end":{"line":68,"column":0}},"68":{"start":{"line":69,"column":0},"end":{"line":69,"column":63}},"69":{"start":{"line":70,"column":0},"end":{"line":70,"column":41}},"70":{"start":{"line":71,"column":0},"end":{"line":71,"column":19}},"71":{"start":{"line":72,"column":0},"end":{"line":72,"column":7}},"72":{"start":{"line":73,"column":0},"end":{"line":73,"column":4}},"73":{"start":{"line":74,"column":0},"end":{"line":74,"column":0}},"74":{"start":{"line":75,"column":0},"end":{"line":75,"column":89}},"75":{"start":{"line":76,"column":0},"end":{"line":76,"column":9}},"76":{"start":{"line":77,"column":0},"end":{"line":77,"column":37}},"77":{"start":{"line":78,"column":0},"end":{"line":78,"column":6}},"78":{"start":{"line":79,"column":0},"end":{"line":79,"column":42}},"79":{"start":{"line":80,"column":0},"end":{"line":80,"column":65}},"80":{"start":{"line":81,"column":0},"end":{"line":81,"column":50}},"81":{"start":{"line":82,"column":0},"end":{"line":82,"column":7}},"82":{"start":{"line":83,"column":0},"end":{"line":83,"column":6}},"83":{"start":{"line":84,"column":0},"end":{"line":84,"column":39}},"84":{"start":{"line":85,"column":0},"end":{"line":85,"column":22}},"85":{"start":{"line":86,"column":0},"end":{"line":86,"column":12}},"86":{"start":{"line":87,"column":0},"end":{"line":87,"column":9}},"87":{"start":{"line":88,"column":0},"end":{"line":88,"column":21}},"88":{"start":{"line":89,"column":0},"end":{"line":89,"column":59}},"89":{"start":{"line":90,"column":0},"end":{"line":90,"column":18}},"90":{"start":{"line":91,"column":0},"end":{"line":91,"column":5}},"91":{"start":{"line":92,"column":0},"end":{"line":92,"column":4}},"92":{"start":{"line":93,"column":0},"end":{"line":93,"column":0}},"93":{"start":{"line":94,"column":0},"end":{"line":94,"column":81}},"94":{"start":{"line":95,"column":0},"end":{"line":95,"column":36}},"95":{"start":{"line":96,"column":0},"end":{"line":96,"column":19}},"96":{"start":{"line":97,"column":0},"end":{"line":97,"column":7}},"97":{"start":{"line":98,"column":0},"end":{"line":98,"column":4}},"98":{"start":{"line":99,"column":0},"end":{"line":99,"column":33}},"99":{"start":{"line":100,"column":0},"end":{"line":100,"column":4}},"100":{"start":{"line":101,"column":0},"end":{"line":101,"column":0}},"101":{"start":{"line":102,"column":0},"end":{"line":102,"column":80}},"102":{"start":{"line":103,"column":0},"end":{"line":103,"column":9}},"103":{"start":{"line":104,"column":0},"end":{"line":104,"column":35}},"104":{"start":{"line":105,"column":0},"end":{"line":105,"column":59}},"105":{"start":{"line":106,"column":0},"end":{"line":106,"column":21}},"106":{"start":{"line":107,"column":0},"end":{"line":107,"column":9}},"107":{"start":{"line":108,"column":0},"end":{"line":108,"column":6}},"108":{"start":{"line":109,"column":0},"end":{"line":109,"column":22}},"109":{"start":{"line":110,"column":0},"end":{"line":110,"column":52}},"110":{"start":{"line":111,"column":0},"end":{"line":111,"column":7}},"111":{"start":{"line":112,"column":0},"end":{"line":112,"column":6}},"112":{"start":{"line":113,"column":0},"end":{"line":113,"column":45}},"113":{"start":{"line":114,"column":0},"end":{"line":114,"column":60}},"114":{"start":{"line":115,"column":0},"end":{"line":115,"column":15}},"115":{"start":{"line":116,"column":0},"end":{"line":116,"column":55}},"116":{"start":{"line":117,"column":0},"end":{"line":117,"column":52}},"117":{"start":{"line":118,"column":0},"end":{"line":118,"column":34}},"118":{"start":{"line":119,"column":0},"end":{"line":119,"column":40}},"119":{"start":{"line":120,"column":0},"end":{"line":120,"column":38}},"120":{"start":{"line":121,"column":0},"end":{"line":121,"column":29}},"121":{"start":{"line":122,"column":0},"end":{"line":122,"column":9}},"122":{"start":{"line":123,"column":0},"end":{"line":123,"column":9}},"123":{"start":{"line":124,"column":0},"end":{"line":124,"column":6}},"124":{"start":{"line":125,"column":0},"end":{"line":125,"column":27}},"125":{"start":{"line":126,"column":0},"end":{"line":126,"column":21}},"126":{"start":{"line":127,"column":0},"end":{"line":127,"column":58}},"127":{"start":{"line":128,"column":0},"end":{"line":128,"column":18}},"128":{"start":{"line":129,"column":0},"end":{"line":129,"column":5}},"129":{"start":{"line":130,"column":0},"end":{"line":130,"column":3}},"130":{"start":{"line":131,"column":0},"end":{"line":131,"column":2}}},"s":{"0":1,"1":1,"2":1,"3":1,"4":1,"5":1,"6":1,"7":1,"8":1,"9":1,"10":1,"11":1,"12":1,"13":1,"14":1,"15":1,"16":1,"17":1,"18":1,"19":1,"20":1,"21":1,"22":1,"23":1,"24":1,"25":1,"26":1,"27":1,"28":1,"29":1,"30":1,"31":1,"32":1,"33":1,"34":1,"35":1,"36":1,"37":1,"38":1,"39":1,"40":5,"41":5,"42":5,"43":5,"44":5,"45":5,"46":5,"47":5,"48":5,"49":1,"50":1,"51":1,"52":5,"53":5,"54":5,"55":5,"56":5,"57":5,"58":5,"59":5,"60":0,"61":0,"62":5,"63":5,"64":5,"65":5,"66":1,"67":1,"68":1,"69":1,"70":1,"71":1,"72":1,"73":1,"74":1,"75":1,"76":1,"77":1,"78":1,"79":1,"80":0,"81":0,"82":1,"83":1,"84":1,"85":1,"86":1,"87":1,"88":0,"89":0,"90":0,"91":1,"92":1,"93":1,"94":1,"95":1,"96":1,"97":0,"98":0,"99":1,"100":1,"101":1,"102":0,"103":0,"104":0,"105":0,"106":0,"107":0,"108":0,"109":0,"110":0,"111":0,"112":0,"113":0,"114":0,"115":0,"116":0,"117":0,"118":0,"119":0,"120":0,"121":0,"122":0,"123":0,"124":0,"125":0,"126":0,"127":0,"128":0,"129":0,"130":1},"branchMap":{"0":{"type":"branch","line":40,"loc":{"start":{"line":40,"column":29},"end":{"line":49,"column":2}},"locations":[{"start":{"line":40,"column":29},"end":{"line":49,"column":2}}]},"1":{"type":"branch","line":43,"loc":{"start":{"line":43,"column":33},"end":{"line":43,"column":41}},"locations":[{"start":{"line":43,"column":33},"end":{"line":43,"column":41}}]},"2":{"type":"branch","line":45,"loc":{"start":{"line":45,"column":38},"end":{"line":45,"column":52}},"locations":[{"start":{"line":45,"column":38},"end":{"line":45,"column":52}}]},"3":{"type":"branch","line":52,"loc":{"start":{"line":52,"column":2},"end":{"line":67,"column":3}},"locations":[{"start":{"line":52,"column":2},"end":{"line":67,"column":3}}]},"4":{"type":"branch","line":61,"loc":{"start":{"line":61,"column":-1},"end":{"line":63,"column":13}},"locations":[{"start":{"line":61,"column":-1},"end":{"line":63,"column":13}}]},"5":{"type":"branch","line":69,"loc":{"start":{"line":69,"column":2},"end":{"line":73,"column":3}},"locations":[{"start":{"line":69,"column":2},"end":{"line":73,"column":3}}]},"6":{"type":"branch","line":75,"loc":{"start":{"line":75,"column":2},"end":{"line":92,"column":3}},"locations":[{"start":{"line":75,"column":2},"end":{"line":92,"column":3}}]},"7":{"type":"branch","line":80,"loc":{"start":{"line":80,"column":24},"end":{"line":80,"column":62}},"locations":[{"start":{"line":80,"column":24},"end":{"line":80,"column":62}}]},"8":{"type":"branch","line":80,"loc":{"start":{"line":80,"column":64},"end":{"line":82,"column":7}},"locations":[{"start":{"line":80,"column":64},"end":{"line":82,"column":7}}]},"9":{"type":"branch","line":88,"loc":{"start":{"line":88,"column":6},"end":{"line":91,"column":5}},"locations":[{"start":{"line":88,"column":6},"end":{"line":91,"column":5}}]},"10":{"type":"branch","line":94,"loc":{"start":{"line":94,"column":2},"end":{"line":100,"column":3}},"locations":[{"start":{"line":94,"column":2},"end":{"line":100,"column":3}}]},"11":{"type":"branch","line":98,"loc":{"start":{"line":98,"column":-1},"end":{"line":100,"column":3}},"locations":[{"start":{"line":98,"column":-1},"end":{"line":100,"column":3}}]}},"b":{"0":[5],"1":[0],"2":[0],"3":[5],"4":[0],"5":[1],"6":[1],"7":[0],"8":[0],"9":[0],"10":[1],"11":[0]},"fnMap":{"0":{"name":"createSimulationData","decl":{"start":{"line":40,"column":29},"end":{"line":49,"column":2}},"loc":{"start":{"line":40,"column":29},"end":{"line":49,"column":2}},"line":40},"1":{"name":"createSimulation","decl":{"start":{"line":52,"column":2},"end":{"line":67,"column":3}},"loc":{"start":{"line":52,"column":2},"end":{"line":67,"column":3}},"line":52},"2":{"name":"getSimulation","decl":{"start":{"line":69,"column":2},"end":{"line":73,"column":3}},"loc":{"start":{"line":69,"column":2},"end":{"line":73,"column":3}},"line":69},"3":{"name":"updateSimulation","decl":{"start":{"line":75,"column":2},"end":{"line":92,"column":3}},"loc":{"start":{"line":75,"column":2},"end":{"line":92,"column":3}},"line":75},"4":{"name":"deleteSimulation","decl":{"start":{"line":94,"column":2},"end":{"line":100,"column":3}},"loc":{"start":{"line":94,"column":2},"end":{"line":100,"column":3}},"line":94},"5":{"name":"duplicateSimulation","decl":{"start":{"line":102,"column":2},"end":{"line":130,"column":3}},"loc":{"start":{"line":102,"column":2},"end":{"line":130,"column":3}},"line":102}},"f":{"0":5,"1":5,"2":1,"3":1,"4":1,"5":0}}}}
